# Server version 0.08 running on wpa042032.wireless.mcgill.ca:8241
# Game ID: 5900
# Board class: hus.HusBoard
# Timeout: 2000
# First Move Timeout: 30000
# Date: Sat Apr 02 14:59:09 EDT 2016
# Player 1: Player-0, '260549558', running on localhost
# Player 2: Player-1, 'RandomHusPlayer', running on localhost
START Player-0 260549558
START Player-1 RandomHusPlayer
PIT 0 22
PIT 1 23
PIT 0 21
PIT 1 20
PIT 0 0
PIT 1 22
PIT 0 16
PIT 1 10
PIT 0 15
PIT 1 14
PIT 0 10
PIT 1 21
PIT 0 12
PIT 1 24
PIT 0 27
PIT 1 27
PIT 0 30
PIT 1 16
PIT 0 31
PIT 1 9
PIT 0 6
PIT 1 28
PIT 0 7
PIT 1 26
PIT 0 14
PIT 1 20
PIT 0 10
PIT 1 30
PIT 0 12
PIT 1 19
PIT 0 14
PIT 1 20
GAMEOVER WINNER 1
# Game ended: Sat Apr 02 14:59:15 EDT 2016
