# Server version 0.08 running on 192.168.0.14:8223
# Game ID: 4403
# Board class: hus.HusBoard
# Timeout: 2000
# First Move Timeout: 30000
# Date: Fri Apr 01 00:44:34 EDT 2016
# Player 1: Player-0, '260549558', running on localhost
# Player 2: Player-1, 'RandomHusPlayer', running on localhost
START Player-0 260549558
START Player-1 RandomHusPlayer
PIT 0 22
PIT 1 22
PIT 0 2
PIT 1 21
PIT 0 6
PIT 1 0
PIT 0 5
PIT 1 15
PIT 0 15
PIT 1 25
PIT 0 16
PIT 1 13
PIT 0 0
PIT 1 0
PIT 0 1
PIT 1 2
PIT 0 2
PIT 1 0
PIT 0 3
PIT 1 9
PIT 0 5
PIT 1 16
PIT 0 6
PIT 1 12
PIT 0 12
PIT 1 21
PIT 0 13
PIT 1 22
PIT 0 14
PIT 1 14
PIT 0 9
PIT 1 0
PIT 0 11
PIT 1 8
PIT 0 12
PIT 1 7
PIT 0 13
PIT 1 0
PIT 0 16
PIT 1 1
GAMEOVER WINNER 1
# Game ended: Fri Apr 01 00:44:36 EDT 2016
