# Server version 0.08 running on wpa146044.wireless.mcgill.ca:8261
# Game ID: 7094
# Board class: hus.HusBoard
# Timeout: 2000
# First Move Timeout: 30000
# Date: Mon Apr 04 13:26:55 EDT 2016
# Player 1: Player-0, 'RandomHusPlayer', running on localhost
# Player 2: Player-1, '260549558', running on localhost
START Player-0 RandomHusPlayer
START Player-1 260549558
PIT 0 22
PIT 1 22
PIT 0 4
PIT 1 1
PIT 0 19
PIT 1 14
PIT 0 24
PIT 1 22
PIT 0 14
PIT 1 13
PIT 0 22
PIT 1 20
PIT 0 17
PIT 1 15
PIT 0 26
PIT 1 9
PIT 0 10
PIT 1 0
GAMEOVER WINNER 1
# Game ended: Mon Apr 04 13:26:58 EDT 2016
