# Server version 0.08 running on 192.168.0.10:8310
# Game ID: 8370
# Board class: hus.HusBoard
# Timeout: 2000
# First Move Timeout: 30000
# Date: Tue Apr 05 22:58:37 EDT 2016
# Player 1: Player-0, '260549558', running on localhost
# Player 2: Player-1, 'RandomHusPlayer', running on localhost
START Player-0 260549558
START Player-1 RandomHusPlayer
PIT 0 18
PIT 1 20
PIT 0 16
PIT 1 6
PIT 0 5
PIT 1 2
PIT 0 19
PIT 1 0
PIT 0 24
PIT 1 16
PIT 0 22
PIT 1 19
PIT 0 9
PIT 1 9
PIT 0 23
PIT 1 12
PIT 0 18
PIT 1 17
PIT 0 28
PIT 1 28
PIT 0 14
PIT 1 3
PIT 0 0
PIT 1 14
PIT 0 1
GAMEOVER WINNER 0
# Game ended: Tue Apr 05 22:59:01 EDT 2016
