# Server version 0.08 running on localhost:8194
# Game ID: 3696
# Board class: hus.HusBoard
# Timeout: 2000
# First Move Timeout: 30000
# Date: Thu Mar 31 23:21:32 EDT 2016
# Player 1: Player-0, '260549558', running on localhost
# Player 2: Player-1, 'RandomHusPlayer', running on localhost
START Player-0 260549558
START Player-1 RandomHusPlayer
PIT 0 22
PIT 1 22
PIT 0 3
PIT 1 21
PIT 0 12
PIT 1 2
PIT 0 16
PIT 1 15
PIT 0 21
PIT 1 14
PIT 0 17
PIT 1 16
PIT 0 13
PIT 1 24
PIT 0 15
PIT 1 19
PIT 0 1
PIT 1 20
PIT 0 0
PIT 1 11
PIT 0 1
GAMEOVER WINNER 0
# Game ended: Thu Mar 31 23:21:35 EDT 2016
