# Server version 0.08 running on wpa042032.wireless.mcgill.ca:8249
# Game ID: 6937
# Board class: hus.HusBoard
# Timeout: 2000
# First Move Timeout: 30000
# Date: Sat Apr 02 17:50:14 EDT 2016
# Player 1: Player-0, '260549558', running on localhost
# Player 2: Player-1, 'RandomHusPlayer', running on localhost
START Player-0 260549558
START Player-1 RandomHusPlayer
PIT 0 19
PIT 1 23
PIT 0 22
PIT 1 19
PIT 0 24
PIT 1 9
PIT 0 9
PIT 1 15
PIT 0 17
PIT 1 25
PIT 0 2
PIT 1 19
PIT 0 0
PIT 1 25
PIT 0 1
PIT 1 31
PIT 0 2
PIT 1 28
PIT 0 5
PIT 1 10
PIT 0 11
PIT 1 17
PIT 0 10
PIT 1 19
PIT 0 3
PIT 1 31
PIT 0 6
PIT 1 7
PIT 0 7
PIT 1 26
PIT 0 8
PIT 1 29
PIT 0 12
PIT 1 10
PIT 0 13
PIT 1 25
PIT 0 16
PIT 1 27
GAMEOVER WINNER 1
# Game ended: Sat Apr 02 17:50:20 EDT 2016
