# Server version 0.08 running on 192.168.0.14:8159
# Game ID: 721
# Board class: hus.HusBoard
# Timeout: 2000
# First Move Timeout: 30000
# Date: Tue Mar 29 23:50:53 EDT 2016
# Player 1: Player-0, '260549558', running on localhost
# Player 2: Player-1, 'RandomHusPlayer', running on localhost
START Player-0 260549558
START Player-1 RandomHusPlayer
PIT 0 5
PIT 1 8
PIT 0 8
PIT 1 20
PIT 0 17
PIT 1 11
PIT 0 2
PIT 1 22
PIT 0 1
PIT 1 23
PIT 0 5
PIT 1 19
PIT 0 20
PIT 1 17
PIT 0 14
PIT 1 24
PIT 0 0
PIT 1 23
PIT 0 24
PIT 1 21
GAMEOVER WINNER 1
# Game ended: Tue Mar 29 23:50:56 EDT 2016
