# Server version 0.08 running on 192.168.0.14:8197
# Game ID: 4180
# Board class: hus.HusBoard
# Timeout: 2000
# First Move Timeout: 30000
# Date: Fri Apr 01 00:19:46 EDT 2016
# Player 1: Player-0, '260549558', running on localhost
# Player 2: Player-1, 'RandomHusPlayer', running on localhost
START Player-0 260549558
START Player-1 RandomHusPlayer
PIT 0 22
PIT 1 1
PIT 0 19
PIT 1 10
PIT 0 3
PIT 1 4
PIT 0 28
PIT 1 21
PIT 0 15
PIT 1 24
PIT 0 16
PIT 1 26
PIT 0 20
PIT 1 19
PIT 0 18
PIT 1 5
PIT 0 29
PIT 1 28
PIT 0 6
PIT 1 12
PIT 0 1
PIT 1 15
PIT 0 2
GAMEOVER WINNER 0
# Game ended: Fri Apr 01 00:19:48 EDT 2016
