# Server version 0.08 running on wpa146022.wireless.mcgill.ca:8228
# Game ID: 5572
# Board class: hus.HusBoard
# Timeout: 2000
# First Move Timeout: 30000
# Date: Fri Apr 01 16:32:39 EDT 2016
# Player 1: Player-0, '260549558', running on localhost
# Player 2: Player-1, 'RandomHusPlayer', running on localhost
START Player-0 260549558
START Player-1 RandomHusPlayer
PIT 0 22
PIT 1 22
PIT 0 4
PIT 1 5
PIT 0 16
PIT 1 19
PIT 0 26
PIT 1 22
PIT 0 10
PIT 1 15
PIT 0 11
PIT 1 25
PIT 0 17
PIT 1 23
PIT 0 3
PIT 1 18
PIT 0 8
PIT 1 29
PIT 0 29
PIT 1 8
PIT 0 22
PIT 1 25
PIT 0 5
GAMEOVER WINNER 0
# Game ended: Fri Apr 01 16:32:41 EDT 2016
