# Server version 0.08 running on web006221.wireless.mcgill.ca:8185
# Game ID: 2224
# Board class: hus.HusBoard
# Timeout: 2000
# First Move Timeout: 30000
# Date: Thu Mar 31 14:59:06 EDT 2016
# Player 1: Player-0, '260549558', running on localhost
# Player 2: Player-1, 'RandomHusPlayer', running on localhost
START Player-0 260549558
START Player-1 RandomHusPlayer
PIT 0 22
PIT 1 22
PIT 0 3
PIT 1 21
PIT 0 12
PIT 1 0
PIT 0 26
PIT 1 13
PIT 0 22
PIT 1 18
PIT 0 13
PIT 1 20
PIT 0 29
PIT 1 22
PIT 0 17
PIT 1 23
PIT 0 14
PIT 1 25
PIT 0 15
PIT 1 19
PIT 0 21
PIT 1 21
PIT 0 18
PIT 1 22
PIT 0 17
PIT 1 23
PIT 0 16
PIT 1 26
PIT 0 20
PIT 1 25
PIT 0 22
PIT 1 0
PIT 0 23
PIT 1 29
PIT 0 0
PIT 1 2
PIT 0 1
PIT 1 6
PIT 0 10
PIT 1 30
PIT 0 6
PIT 1 31
PIT 0 29
PIT 1 3
PIT 0 28
PIT 1 12
PIT 0 26
PIT 1 17
PIT 0 25
PIT 1 21
PIT 0 12
PIT 1 22
PIT 0 15
PIT 1 24
PIT 0 17
PIT 1 26
PIT 0 20
PIT 1 23
PIT 0 1
PIT 1 6
PIT 0 29
PIT 1 31
PIT 0 30
PIT 1 11
PIT 0 20
PIT 1 5
PIT 0 29
PIT 1 0
PIT 0 19
PIT 1 3
PIT 0 20
PIT 1 1
PIT 0 10
PIT 1 2
PIT 0 25
PIT 1 5
PIT 0 28
PIT 1 12
PIT 0 0
PIT 1 10
PIT 0 6
PIT 1 8
PIT 0 31
PIT 1 6
PIT 0 21
PIT 1 10
PIT 0 1
PIT 1 3
PIT 0 28
PIT 1 11
PIT 0 4
PIT 1 12
PIT 0 5
PIT 1 13
PIT 0 1
PIT 1 16
PIT 0 13
GAMEOVER WINNER 0
# Game ended: Thu Mar 31 14:59:22 EDT 2016
