# Server version 0.08 running on wpa042032.wireless.mcgill.ca:8241
# Game ID: 5884
# Board class: hus.HusBoard
# Timeout: 2000
# First Move Timeout: 30000
# Date: Sat Apr 02 14:57:39 EDT 2016
# Player 1: Player-0, '260549558', running on localhost
# Player 2: Player-1, 'RandomHusPlayer', running on localhost
START Player-0 260549558
START Player-1 RandomHusPlayer
PIT 0 22
PIT 1 23
PIT 0 11
PIT 1 22
PIT 0 0
PIT 1 21
PIT 0 15
PIT 1 28
PIT 0 18
PIT 1 1
PIT 0 6
PIT 1 18
PIT 0 1
PIT 1 15
PIT 0 22
PIT 1 26
GAMEOVER WINNER 1
# Game ended: Sat Apr 02 14:57:45 EDT 2016
