# Server version 0.08 running on wpa146044.wireless.mcgill.ca:8265
# Game ID: 7338
# Board class: hus.HusBoard
# Timeout: 2000
# First Move Timeout: 30000
# Date: Mon Apr 04 14:04:09 EDT 2016
# Player 1: Player-0, '260549558', running on localhost
# Player 2: Player-1, 'RandomHusPlayer', running on localhost
START Player-0 260549558
START Player-1 RandomHusPlayer
PIT 0 22
PIT 1 22
PIT 0 11
PIT 1 15
PIT 0 1
PIT 1 18
PIT 0 4
PIT 1 22
PIT 0 14
PIT 1 16
PIT 0 17
PIT 1 28
PIT 0 18
PIT 1 6
PIT 0 24
PIT 1 12
PIT 0 0
PIT 1 1
PIT 0 19
PIT 1 4
PIT 0 20
PIT 1 22
PIT 0 22
PIT 1 0
GAMEOVER WINNER 1
# Game ended: Mon Apr 04 14:04:12 EDT 2016
