# Server version 0.08 running on 192.168.0.10:8329
# Game ID: 8575
# Board class: hus.HusBoard
# Timeout: 2000
# First Move Timeout: 30000
# Date: Wed Apr 06 01:14:00 EDT 2016
# Player 1: Player-0, '260549558', running on localhost
# Player 2: Player-1, 'RandomHusPlayer', running on localhost
START Player-0 260549558
START Player-1 RandomHusPlayer
PIT 0 22
PIT 1 22
PIT 0 18
PIT 1 0
PIT 0 0
PIT 1 18
PIT 0 13
PIT 1 21
PIT 0 16
PIT 1 16
PIT 0 23
PIT 1 15
PIT 0 15
PIT 1 20
PIT 0 17
PIT 1 21
PIT 0 20
PIT 1 28
PIT 0 1
PIT 1 4
GAMEOVER WINNER 1
# Game ended: Wed Apr 06 01:14:01 EDT 2016
