# Server version 0.08 running on 192.168.0.10:8438
# Game ID: 10088
# Board class: hus.HusBoard
# Timeout: 2000
# First Move Timeout: 30000
# Date: Wed Apr 06 03:51:26 EDT 2016
# Player 1: Player-0, '260549558', running on localhost
# Player 2: Player-1, 'RandomHusPlayer', running on localhost
START Player-0 260549558
START Player-1 RandomHusPlayer
PIT 0 22
PIT 1 22
PIT 0 4
PIT 1 19
PIT 0 13
PIT 1 21
PIT 0 14
PIT 1 16
PIT 0 17
PIT 1 18
PIT 0 20
PIT 1 20
PIT 0 19
PIT 1 19
PIT 0 18
PIT 1 23
PIT 0 21
PIT 1 13
PIT 0 2
PIT 1 12
PIT 0 23
PIT 1 17
PIT 0 22
PIT 1 16
PIT 0 26
PIT 1 9
PIT 0 24
PIT 1 5
PIT 0 28
PIT 1 0
PIT 0 27
PIT 1 18
PIT 0 29
PIT 1 22
PIT 0 4
PIT 1 17
PIT 0 31
PIT 1 15
PIT 0 9
PIT 1 4
PIT 0 0
PIT 1 0
PIT 0 4
PIT 1 2
PIT 0 8
PIT 1 6
PIT 0 2
PIT 1 3
PIT 0 9
PIT 1 9
PIT 0 10
PIT 1 26
PIT 0 14
PIT 1 24
PIT 0 16
PIT 1 0
PIT 0 21
PIT 1 2
PIT 0 5
PIT 1 6
PIT 0 6
PIT 1 4
PIT 0 22
PIT 1 19
PIT 0 23
PIT 1 3
GAMEOVER WINNER 1
# Game ended: Wed Apr 06 03:51:28 EDT 2016
