# Server version 0.08 running on 192.168.0.10:8339
# Game ID: 8987
# Board class: hus.HusBoard
# Timeout: 2000
# First Move Timeout: 30000
# Date: Wed Apr 06 02:02:36 EDT 2016
# Player 1: Player-0, '260549558', running on localhost
# Player 2: Player-1, 'RandomHusPlayer', running on localhost
START Player-0 260549558
START Player-1 RandomHusPlayer
PIT 0 4
PIT 1 23
PIT 0 2
PIT 1 22
PIT 0 16
PIT 1 24
PIT 0 1
PIT 1 18
PIT 0 4
PIT 1 23
PIT 0 0
PIT 1 15
GAMEOVER WINNER 1
# Game ended: Wed Apr 06 02:02:37 EDT 2016
