# Server version 0.08 running on wpa146044.wireless.mcgill.ca:8265
# Game ID: 7382
# Board class: hus.HusBoard
# Timeout: 2000
# First Move Timeout: 30000
# Date: Mon Apr 04 14:06:49 EDT 2016
# Player 1: Player-0, '260549558', running on localhost
# Player 2: Player-1, 'RandomHusPlayer', running on localhost
START Player-0 260549558
START Player-1 RandomHusPlayer
PIT 0 22
PIT 1 22
PIT 0 20
PIT 1 21
PIT 0 19
PIT 1 2
PIT 0 2
PIT 1 14
PIT 0 21
PIT 1 28
PIT 0 6
PIT 1 8
PIT 0 16
PIT 1 26
PIT 0 5
PIT 1 24
PIT 0 3
PIT 1 24
PIT 0 7
PIT 1 27
PIT 0 1
PIT 1 19
PIT 0 12
PIT 1 30
PIT 0 0
PIT 1 1
PIT 0 3
PIT 1 17
GAMEOVER WINNER 1
# Game ended: Mon Apr 04 14:06:52 EDT 2016
