# Server version 0.08 running on wpa146044.wireless.mcgill.ca:8269
# Game ID: 7621
# Board class: hus.HusBoard
# Timeout: 2000
# First Move Timeout: 30000
# Date: Mon Apr 04 14:47:58 EDT 2016
# Player 1: Player-0, '260549558', running on localhost
# Player 2: Player-1, 'RandomHusPlayer', running on localhost
START Player-0 260549558
START Player-1 RandomHusPlayer
PIT 0 22
PIT 1 22
PIT 0 4
PIT 1 1
PIT 0 1
PIT 1 5
PIT 0 19
PIT 1 7
PIT 0 11
PIT 1 19
PIT 0 0
PIT 1 1
PIT 0 13
PIT 1 6
PIT 0 14
PIT 1 0
GAMEOVER WINNER 1
# Game ended: Mon Apr 04 14:48:00 EDT 2016
