# Server version 0.08 running on wpa146044.wireless.mcgill.ca:8265
# Game ID: 7272
# Board class: hus.HusBoard
# Timeout: 2000
# First Move Timeout: 30000
# Date: Mon Apr 04 14:00:11 EDT 2016
# Player 1: Player-0, '260549558', running on localhost
# Player 2: Player-1, 'RandomHusPlayer', running on localhost
START Player-0 260549558
START Player-1 RandomHusPlayer
PIT 0 22
PIT 1 22
PIT 0 4
PIT 1 1
PIT 0 20
PIT 1 14
PIT 0 19
PIT 1 13
PIT 0 21
PIT 1 18
PIT 0 22
PIT 1 17
PIT 0 27
PIT 1 16
PIT 0 14
PIT 1 28
PIT 0 31
PIT 1 27
PIT 0 29
PIT 1 19
PIT 0 28
PIT 1 25
PIT 0 31
PIT 1 10
PIT 0 3
PIT 1 6
PIT 0 4
PIT 1 3
PIT 0 6
PIT 1 1
PIT 0 9
PIT 1 2
PIT 0 10
PIT 1 25
GAMEOVER WINNER 1
# Game ended: Mon Apr 04 14:00:14 EDT 2016
