# Server version 0.08 running on localhost:8194
# Game ID: 3503
# Board class: hus.HusBoard
# Timeout: 2000
# First Move Timeout: 30000
# Date: Thu Mar 31 22:59:10 EDT 2016
# Player 1: Player-0, '260549558', running on localhost
# Player 2: Player-1, 'RandomHusPlayer', running on localhost
START Player-0 260549558
START Player-1 RandomHusPlayer
PIT 0 22
PIT 1 22
PIT 0 4
PIT 1 19
PIT 0 13
PIT 1 21
PIT 0 14
PIT 1 4
PIT 0 18
PIT 1 20
PIT 0 24
PIT 1 10
PIT 0 22
PIT 1 24
PIT 0 15
PIT 1 26
PIT 0 17
PIT 1 16
PIT 0 16
PIT 1 25
PIT 0 22
PIT 1 15
PIT 0 12
PIT 1 18
PIT 0 13
PIT 1 21
PIT 0 16
PIT 1 25
PIT 0 15
PIT 1 20
PIT 0 1
PIT 1 27
PIT 0 3
PIT 1 28
PIT 0 6
GAMEOVER WINNER 0
# Game ended: Thu Mar 31 22:59:14 EDT 2016
