# Server version 0.08 running on wpa042032.wireless.mcgill.ca:8241
# Game ID: 5842
# Board class: hus.HusBoard
# Timeout: 2000
# First Move Timeout: 30000
# Date: Sat Apr 02 14:51:11 EDT 2016
# Player 1: Player-0, '260549558', running on localhost
# Player 2: Player-1, 'RandomHusPlayer', running on localhost
START Player-0 260549558
START Player-1 RandomHusPlayer
PIT 0 22
PIT 1 23
PIT 0 18
PIT 1 8
PIT 0 15
PIT 1 14
PIT 0 2
PIT 1 20
PIT 0 18
PIT 1 9
PIT 0 19
PIT 1 18
PIT 0 22
PIT 1 25
PIT 0 27
PIT 1 24
PIT 0 26
PIT 1 27
PIT 0 12
PIT 1 23
PIT 0 29
PIT 1 15
PIT 0 6
PIT 1 1
PIT 0 3
PIT 1 24
PIT 0 5
PIT 1 4
PIT 0 6
PIT 1 25
PIT 0 7
PIT 1 14
PIT 0 11
PIT 1 22
PIT 0 13
PIT 1 24
PIT 0 15
PIT 1 26
GAMEOVER WINNER 1
# Game ended: Sat Apr 02 14:51:18 EDT 2016
