# Server version 0.08 running on wpa146022.wireless.mcgill.ca:8228
# Game ID: 5600
# Board class: hus.HusBoard
# Timeout: 2000
# First Move Timeout: 30000
# Date: Fri Apr 01 16:34:28 EDT 2016
# Player 1: Player-0, '260549558', running on localhost
# Player 2: Player-1, 'RandomHusPlayer', running on localhost
START Player-0 260549558
START Player-1 RandomHusPlayer
PIT 0 22
PIT 1 22
PIT 0 4
PIT 1 7
PIT 0 20
PIT 1 20
PIT 0 0
PIT 1 18
PIT 0 13
PIT 1 13
PIT 0 21
PIT 1 23
PIT 0 1
PIT 1 14
PIT 0 2
PIT 1 0
PIT 0 10
PIT 1 1
GAMEOVER WINNER 1
# Game ended: Fri Apr 01 16:34:30 EDT 2016
