# Server version 0.08 running on 192.168.0.10:8441
# Game ID: 11058
# Board class: hus.HusBoard
# Timeout: 2000
# First Move Timeout: 30000
# Date: Wed Apr 06 09:34:47 EDT 2016
# Player 1: Player-0, '260549558', running on localhost
# Player 2: Player-1, 'RandomHusPlayer', running on localhost
START Player-0 260549558
START Player-1 RandomHusPlayer
PIT 0 22
PIT 1 22
PIT 0 4
PIT 1 19
PIT 0 13
PIT 1 21
PIT 0 7
PIT 1 25
PIT 0 15
PIT 1 16
PIT 0 16
PIT 1 17
PIT 0 18
PIT 1 13
PIT 0 25
PIT 1 21
PIT 0 30
PIT 1 22
PIT 0 1
PIT 1 23
PIT 0 31
PIT 1 14
PIT 0 0
PIT 1 26
PIT 0 1
PIT 1 18
GAMEOVER WINNER 1
# Game ended: Wed Apr 06 09:34:50 EDT 2016
