# Server version 0.08 running on 192.168.0.10:8329
# Game ID: 8651
# Board class: hus.HusBoard
# Timeout: 2000
# First Move Timeout: 30000
# Date: Wed Apr 06 01:26:13 EDT 2016
# Player 1: Player-0, '260549558', running on localhost
# Player 2: Player-1, 'RandomHusPlayer', running on localhost
START Player-0 260549558
START Player-1 RandomHusPlayer
PIT 0 2
PIT 1 23
PIT 0 15
PIT 1 1
PIT 0 1
PIT 1 19
PIT 0 14
PIT 1 10
PIT 0 19
PIT 1 16
PIT 0 21
PIT 1 25
PIT 0 26
PIT 1 11
PIT 0 28
PIT 1 20
PIT 0 5
PIT 1 5
PIT 0 12
PIT 1 1
PIT 0 16
PIT 1 21
PIT 0 0
PIT 1 25
GAMEOVER WINNER 1
# Game ended: Wed Apr 06 01:26:14 EDT 2016
