# Server version 0.08 running on 192.168.0.10:8318
# Game ID: 8526
# Board class: hus.HusBoard
# Timeout: 2000
# First Move Timeout: 30000
# Date: Wed Apr 06 00:55:56 EDT 2016
# Player 1: Player-0, '260549558', running on localhost
# Player 2: Player-1, 'RandomHusPlayer', running on localhost
START Player-0 260549558
START Player-1 RandomHusPlayer
PIT 0 6
PIT 1 6
PIT 0 5
PIT 1 18
PIT 0 3
PIT 1 22
PIT 0 19
PIT 1 29
PIT 0 12
PIT 1 31
PIT 0 1
PIT 1 12
PIT 0 0
PIT 1 6
PIT 0 3
PIT 1 16
PIT 0 4
PIT 1 3
GAMEOVER WINNER 1
# Game ended: Wed Apr 06 00:55:57 EDT 2016
