# Server version 0.08 running on 192.168.0.14:8197
# Game ID: 3914
# Board class: hus.HusBoard
# Timeout: 2000
# First Move Timeout: 30000
# Date: Fri Apr 01 00:00:45 EDT 2016
# Player 1: Player-0, '260549558', running on localhost
# Player 2: Player-1, 'RandomHusPlayer', running on localhost
START Player-0 260549558
START Player-1 RandomHusPlayer
PIT 0 22
PIT 1 1
PIT 0 19
PIT 1 11
PIT 0 20
PIT 1 10
PIT 0 23
PIT 1 16
PIT 0 27
PIT 1 20
PIT 0 24
PIT 1 5
PIT 0 15
PIT 1 22
PIT 0 5
PIT 1 4
PIT 0 29
PIT 1 0
PIT 0 10
PIT 1 7
PIT 0 2
PIT 1 15
PIT 0 1
PIT 1 10
PIT 0 2
PIT 1 13
PIT 0 5
GAMEOVER WINNER 0
# Game ended: Fri Apr 01 00:00:47 EDT 2016
