# Server version 0.08 running on wpa146022.wireless.mcgill.ca:8228
# Game ID: 5166
# Board class: hus.HusBoard
# Timeout: 2000
# First Move Timeout: 30000
# Date: Fri Apr 01 16:07:43 EDT 2016
# Player 1: Player-0, '260549558', running on localhost
# Player 2: Player-1, 'RandomHusPlayer', running on localhost
START Player-0 260549558
START Player-1 RandomHusPlayer
PIT 0 22
PIT 1 22
PIT 0 13
PIT 1 21
PIT 0 19
PIT 1 5
PIT 0 10
PIT 1 15
PIT 0 20
PIT 1 17
PIT 0 28
PIT 1 0
PIT 0 18
PIT 1 16
PIT 0 7
PIT 1 19
PIT 0 28
PIT 1 1
PIT 0 0
PIT 1 6
PIT 0 1
GAMEOVER WINNER 0
# Game ended: Fri Apr 01 16:07:45 EDT 2016
