# Server version 0.08 running on 192.168.0.10:8441
# Game ID: 11080
# Board class: hus.HusBoard
# Timeout: 2000
# First Move Timeout: 30000
# Date: Wed Apr 06 09:35:59 EDT 2016
# Player 1: Player-0, '260549558', running on localhost
# Player 2: Player-1, 'RandomHusPlayer', running on localhost
START Player-0 260549558
START Player-1 RandomHusPlayer
PIT 0 22
PIT 1 22
PIT 0 4
PIT 1 19
PIT 0 13
PIT 1 21
PIT 0 17
PIT 1 13
PIT 0 30
PIT 1 16
PIT 0 11
PIT 1 27
PIT 0 10
PIT 1 12
PIT 0 16
PIT 1 10
PIT 0 21
PIT 1 1
PIT 0 23
PIT 1 19
PIT 0 28
PIT 1 30
PIT 0 29
PIT 1 5
PIT 0 3
PIT 1 20
PIT 0 4
PIT 1 17
GAMEOVER WINNER 1
# Game ended: Wed Apr 06 09:36:01 EDT 2016
