# Server version 0.08 running on wpa146044.wireless.mcgill.ca:8265
# Game ID: 7366
# Board class: hus.HusBoard
# Timeout: 2000
# First Move Timeout: 30000
# Date: Mon Apr 04 14:05:50 EDT 2016
# Player 1: Player-0, '260549558', running on localhost
# Player 2: Player-1, 'RandomHusPlayer', running on localhost
START Player-0 260549558
START Player-1 RandomHusPlayer
PIT 0 22
PIT 1 22
PIT 0 13
PIT 1 4
PIT 0 19
PIT 1 13
PIT 0 1
PIT 1 29
PIT 0 0
PIT 1 20
PIT 0 5
PIT 1 8
PIT 0 6
PIT 1 0
GAMEOVER WINNER 1
# Game ended: Mon Apr 04 14:05:52 EDT 2016
