# Server version 0.08 running on 192.168.0.14:8190
# Game ID: 2933
# Board class: hus.HusBoard
# Timeout: 2000
# First Move Timeout: 30000
# Date: Thu Mar 31 20:35:04 EDT 2016
# Player 1: Player-0, '260549558', running on localhost
# Player 2: Player-1, 'RandomHusPlayer', running on localhost
START Player-0 260549558
START Player-1 RandomHusPlayer
PIT 0 22
PIT 1 7
PIT 0 0
PIT 1 19
PIT 0 23
PIT 1 10
PIT 0 19
PIT 1 16
PIT 0 9
PIT 1 3
PIT 0 13
PIT 1 26
PIT 0 15
PIT 1 5
PIT 0 21
PIT 1 6
PIT 0 17
PIT 1 7
PIT 0 0
PIT 1 28
PIT 0 14
PIT 1 29
PIT 0 6
PIT 1 30
PIT 0 12
GAMEOVER WINNER 0
# Game ended: Thu Mar 31 20:35:06 EDT 2016
