# Server version 0.08 running on 192.168.0.14:8223
# Game ID: 4823
# Board class: hus.HusBoard
# Timeout: 2000
# First Move Timeout: 30000
# Date: Fri Apr 01 01:20:15 EDT 2016
# Player 1: Player-0, '260549558', running on localhost
# Player 2: Player-1, 'RandomHusPlayer', running on localhost
START Player-0 260549558
START Player-1 RandomHusPlayer
PIT 0 0
PIT 1 20
PIT 0 4
PIT 1 10
PIT 0 15
PIT 1 14
PIT 0 9
PIT 1 20
PIT 0 12
PIT 1 13
PIT 0 15
PIT 1 20
PIT 0 23
PIT 1 25
PIT 0 26
PIT 1 14
PIT 0 29
PIT 1 17
PIT 0 0
PIT 1 0
PIT 0 14
PIT 1 20
PIT 0 1
PIT 1 21
PIT 0 17
PIT 1 24
PIT 0 6
PIT 1 23
PIT 0 4
PIT 1 29
PIT 0 31
PIT 1 3
PIT 0 28
PIT 1 13
PIT 0 5
PIT 1 7
PIT 0 10
PIT 1 27
PIT 0 6
PIT 1 0
PIT 0 11
PIT 1 1
PIT 0 12
PIT 1 3
GAMEOVER WINNER 1
# Game ended: Fri Apr 01 01:20:24 EDT 2016
