# Server version 0.08 running on wpa146044.wireless.mcgill.ca:8265
# Game ID: 7244
# Board class: hus.HusBoard
# Timeout: 2000
# First Move Timeout: 30000
# Date: Mon Apr 04 13:57:48 EDT 2016
# Player 1: Player-0, '260549558', running on localhost
# Player 2: Player-1, 'RandomHusPlayer', running on localhost
START Player-0 260549558
START Player-1 RandomHusPlayer
PIT 0 22
PIT 1 22
PIT 0 14
PIT 1 4
PIT 0 21
PIT 1 10
PIT 0 11
PIT 1 14
PIT 0 10
PIT 1 18
PIT 0 16
PIT 1 21
PIT 0 3
PIT 1 4
PIT 0 18
PIT 1 17
PIT 0 25
PIT 1 19
PIT 0 15
PIT 1 16
PIT 0 6
PIT 1 1
PIT 0 26
PIT 1 0
GAMEOVER WINNER 1
# Game ended: Mon Apr 04 13:57:51 EDT 2016
