# Server version 0.08 running on 192.168.0.14:8159
# Game ID: 677
# Board class: hus.HusBoard
# Timeout: 2000
# First Move Timeout: 30000
# Date: Tue Mar 29 23:47:44 EDT 2016
# Player 1: Player-0, '260549558', running on localhost
# Player 2: Player-1, 'RandomHusPlayer', running on localhost
START Player-0 260549558
START Player-1 RandomHusPlayer
PIT 0 23
PIT 1 22
PIT 0 2
PIT 1 18
PIT 0 17
PIT 1 15
PIT 0 11
PIT 1 14
PIT 0 21
PIT 1 22
PIT 0 12
PIT 1 20
PIT 0 17
PIT 1 13
PIT 0 19
PIT 1 18
PIT 0 29
PIT 1 0
GAMEOVER WINNER 1
# Game ended: Tue Mar 29 23:47:47 EDT 2016
