# Server version 0.08 running on wpa146044.wireless.mcgill.ca:8261
# Game ID: 7085
# Board class: hus.HusBoard
# Timeout: 2000
# First Move Timeout: 30000
# Date: Mon Apr 04 13:26:23 EDT 2016
# Player 1: Player-0, '260549558', running on localhost
# Player 2: Player-1, 'RandomHusPlayer', running on localhost
START Player-0 260549558
START Player-1 RandomHusPlayer
PIT 0 22
PIT 1 22
PIT 0 4
PIT 1 15
PIT 0 13
PIT 1 11
PIT 0 22
PIT 1 7
PIT 0 19
PIT 1 21
PIT 0 27
PIT 1 6
PIT 0 14
PIT 1 1
PIT 0 25
PIT 1 0
PIT 0 11
PIT 1 4
PIT 0 1
PIT 1 25
PIT 0 2
GAMEOVER WINNER 0
# Game ended: Mon Apr 04 13:26:25 EDT 2016
