# Server version 0.08 running on wpa042022.wireless.mcgill.ca:8185
# Game ID: 7961
# Board class: hus.HusBoard
# Timeout: 2000
# First Move Timeout: 30000
# Date: Mon Apr 04 19:21:41 EDT 2016
# Player 1: Player-0, 'RandomHusPlayer', running on localhost
# Player 2: Player-1, '260549558', running on localhost
START Player-0 RandomHusPlayer
START Player-1 260549558
PIT 0 22
PIT 1 22
PIT 0 4
PIT 1 1
PIT 0 20
PIT 1 14
PIT 0 19
PIT 1 13
PIT 0 23
PIT 1 19
PIT 0 29
PIT 1 22
PIT 0 14
PIT 1 21
PIT 0 13
PIT 1 24
PIT 0 22
PIT 1 10
PIT 0 15
PIT 1 27
PIT 0 26
PIT 1 6
PIT 0 10
PIT 1 7
PIT 0 0
PIT 1 29
PIT 0 1
GAMEOVER WINNER 0
# Game ended: Mon Apr 04 19:21:52 EDT 2016
