# Server version 0.08 running on wpa146022.wireless.mcgill.ca:8234
# Game ID: 5784
# Board class: hus.HusBoard
# Timeout: 2000
# First Move Timeout: 30000
# Date: Fri Apr 01 17:08:57 EDT 2016
# Player 1: Player-0, '260549558', running on localhost
# Player 2: Player-1, 'RandomHusPlayer', running on localhost
START Player-0 260549558
START Player-1 RandomHusPlayer
PIT 0 22
PIT 1 22
PIT 0 4
PIT 1 7
PIT 0 14
PIT 1 19
PIT 0 20
PIT 1 20
GAMEOVER TIMEOUT WINNER 1
# Game ended: Fri Apr 01 17:09:12 EDT 2016
