# Server version 0.08 running on wpa146022.wireless.mcgill.ca:8228
# Game ID: 5708
# Board class: hus.HusBoard
# Timeout: 2000
# First Move Timeout: 30000
# Date: Fri Apr 01 16:41:03 EDT 2016
# Player 1: Player-0, '260549558', running on localhost
# Player 2: Player-1, 'RandomHusPlayer', running on localhost
START Player-0 260549558
START Player-1 RandomHusPlayer
PIT 0 22
PIT 1 22
PIT 0 7
PIT 1 1
PIT 0 6
PIT 1 17
PIT 0 0
PIT 1 28
PIT 0 20
PIT 1 24
PIT 0 11
PIT 1 5
PIT 0 1
PIT 1 13
PIT 0 2
PIT 1 0
PIT 0 13
PIT 1 6
PIT 0 22
PIT 1 17
GAMEOVER WINNER 1
# Game ended: Fri Apr 01 16:41:05 EDT 2016
