# Server version 0.08 running on wpa146035.wireless.mcgill.ca:8123
# Game ID: 7644
# Board class: hus.HusBoard
# Timeout: 300000
# First Move Timeout: 30000
# Date: Mon Apr 04 15:52:42 EDT 2016
# Player 1: Player-0, '260549558', running on wpa146035.wireless.mcgill.ca
# Player 2: Player-1, 'RandomHusPlayer', running on wpa146035.wireless.mcgill.ca
START Player-0 260549558
START Player-1 RandomHusPlayer
PIT 0 22
PIT 1 22
PIT 0 4
PIT 1 1
PIT 0 13
PIT 1 13
PIT 0 0
PIT 1 19
PIT 0 22
PIT 1 18
PIT 0 19
PIT 1 2
PIT 0 23
PIT 1 4
PIT 0 26
PIT 1 21
PIT 0 30
PIT 1 18
PIT 0 25
PIT 1 15
PIT 0 3
PIT 1 1
PIT 0 6
PIT 1 21
GAMEOVER WINNER 1
# Game ended: Mon Apr 04 15:52:44 EDT 2016
