# Server version 0.08 running on wpa146044.wireless.mcgill.ca:8261
# Game ID: 7089
# Board class: hus.HusBoard
# Timeout: 2000
# First Move Timeout: 30000
# Date: Mon Apr 04 13:26:37 EDT 2016
# Player 1: Player-0, '260549558', running on localhost
# Player 2: Player-1, 'RandomHusPlayer', running on localhost
START Player-0 260549558
START Player-1 RandomHusPlayer
PIT 0 22
PIT 1 22
PIT 0 4
PIT 1 3
PIT 0 16
PIT 1 19
PIT 0 27
PIT 1 6
PIT 0 17
PIT 1 8
PIT 0 28
PIT 1 21
PIT 0 23
PIT 1 20
PIT 0 5
PIT 1 2
PIT 0 9
PIT 1 24
PIT 0 13
PIT 1 27
PIT 0 15
PIT 1 0
PIT 0 6
PIT 1 11
PIT 0 2
GAMEOVER WINNER 0
# Game ended: Mon Apr 04 13:26:40 EDT 2016
