# Server version 0.08 running on wpa146044.wireless.mcgill.ca:8261
# Game ID: 7097
# Board class: hus.HusBoard
# Timeout: 2000
# First Move Timeout: 30000
# Date: Mon Apr 04 13:27:09 EDT 2016
# Player 1: Player-0, '260549558', running on localhost
# Player 2: Player-1, 'RandomHusPlayer', running on localhost
START Player-0 260549558
START Player-1 RandomHusPlayer
PIT 0 22
PIT 1 22
PIT 0 4
PIT 1 1
PIT 0 19
PIT 1 17
PIT 0 23
PIT 1 20
PIT 0 10
PIT 1 10
PIT 0 27
PIT 1 21
PIT 0 4
PIT 1 11
PIT 0 23
PIT 1 4
PIT 0 30
PIT 1 12
PIT 0 27
PIT 1 13
PIT 0 26
PIT 1 0
PIT 0 21
PIT 1 7
PIT 0 28
PIT 1 8
PIT 0 29
PIT 1 9
PIT 0 31
PIT 1 10
PIT 0 1
PIT 1 11
PIT 0 12
PIT 1 12
PIT 0 0
PIT 1 13
PIT 0 1
PIT 1 14
PIT 0 0
GAMEOVER WINNER 0
# Game ended: Mon Apr 04 13:27:12 EDT 2016
