# Server version 0.08 running on 192.168.0.14:8179
# Game ID: 1550
# Board class: hus.HusBoard
# Timeout: 2000
# First Move Timeout: 30000
# Date: Wed Mar 30 01:47:26 EDT 2016
# Player 1: Player-0, '260549558', running on localhost
# Player 2: Player-1, 'RandomHusPlayer', running on localhost
START Player-0 260549558
START Player-1 RandomHusPlayer
PIT 0 1
PIT 1 23
PIT 0 19
PIT 1 22
PIT 0 10
PIT 1 12
PIT 0 14
PIT 1 19
PIT 0 18
PIT 1 26
PIT 0 19
PIT 1 15
PIT 0 20
PIT 1 18
PIT 0 28
PIT 1 16
PIT 0 29
PIT 1 5
PIT 0 0
PIT 1 6
PIT 0 11
PIT 1 16
GAMEOVER WINNER 1
# Game ended: Wed Mar 30 01:47:29 EDT 2016
