# Server version 0.08 running on 192.168.0.14:8190
# Game ID: 2979
# Board class: hus.HusBoard
# Timeout: 2000
# First Move Timeout: 30000
# Date: Thu Mar 31 20:39:01 EDT 2016
# Player 1: Player-0, '260549558', running on localhost
# Player 2: Player-1, 'RandomHusPlayer', running on localhost
START Player-0 260549558
START Player-1 RandomHusPlayer
PIT 0 22
PIT 1 11
PIT 0 3
PIT 1 18
PIT 0 19
PIT 1 23
PIT 0 25
PIT 1 1
PIT 0 15
PIT 1 14
PIT 0 10
PIT 1 15
PIT 0 21
PIT 1 4
PIT 0 25
PIT 1 2
PIT 0 20
PIT 1 6
PIT 0 23
PIT 1 0
PIT 0 0
GAMEOVER WINNER 0
# Game ended: Thu Mar 31 20:39:03 EDT 2016
