# Server version 0.08 running on 192.168.0.14:8190
# Game ID: 3202
# Board class: hus.HusBoard
# Timeout: 2000
# First Move Timeout: 30000
# Date: Thu Mar 31 20:56:19 EDT 2016
# Player 1: Player-0, 'RandomHusPlayer', running on localhost
# Player 2: Player-1, '260549558', running on localhost
START Player-0 RandomHusPlayer
START Player-1 260549558
PIT 0 0
PIT 1 20
PIT 0 15
PIT 1 7
PIT 0 21
PIT 1 13
PIT 0 16
PIT 1 11
PIT 0 24
PIT 1 13
PIT 0 25
PIT 1 17
PIT 0 26
PIT 1 14
PIT 0 28
PIT 1 28
PIT 0 30
PIT 1 5
PIT 0 13
PIT 1 26
PIT 0 3
PIT 1 20
PIT 0 29
PIT 1 2
PIT 0 5
PIT 1 6
PIT 0 6
PIT 1 0
PIT 0 9
PIT 1 1
PIT 0 10
PIT 1 21
PIT 0 11
PIT 1 26
PIT 0 13
PIT 1 1
GAMEOVER WINNER 1
# Game ended: Thu Mar 31 20:56:21 EDT 2016
