# Server version 0.08 running on 192.168.0.14:8197
# Game ID: 4108
# Board class: hus.HusBoard
# Timeout: 2000
# First Move Timeout: 30000
# Date: Fri Apr 01 00:14:34 EDT 2016
# Player 1: Player-0, '260549558', running on localhost
# Player 2: Player-1, 'RandomHusPlayer', running on localhost
START Player-0 260549558
START Player-1 RandomHusPlayer
PIT 0 22
PIT 1 22
PIT 0 4
PIT 1 6
PIT 0 16
PIT 1 15
PIT 0 27
PIT 1 3
PIT 0 20
PIT 1 16
PIT 0 10
PIT 1 1
PIT 0 5
PIT 1 2
PIT 0 10
PIT 1 3
PIT 0 13
PIT 1 4
PIT 0 1
PIT 1 6
PIT 0 25
PIT 1 8
PIT 0 18
PIT 1 10
PIT 0 12
PIT 1 12
PIT 0 21
PIT 1 14
PIT 0 20
PIT 1 7
PIT 0 2
PIT 1 0
PIT 0 3
GAMEOVER WINNER 0
# Game ended: Fri Apr 01 00:14:37 EDT 2016
