# Server version 0.08 running on wpa146035.wireless.mcgill.ca:8180
# Game ID: 7777
# Board class: hus.HusBoard
# Timeout: 2000
# First Move Timeout: 30000
# Date: Mon Apr 04 16:58:47 EDT 2016
# Player 1: Player-0, '260549558', running on localhost
# Player 2: Player-1, 'RandomHusPlayer', running on localhost
START Player-0 260549558
START Player-1 RandomHusPlayer
PIT 0 9
PIT 1 1
PIT 0 6
PIT 1 19
PIT 0 18
PIT 1 10
PIT 0 0
PIT 1 16
PIT 0 16
PIT 1 14
PIT 0 1
PIT 1 24
PIT 0 15
PIT 1 17
PIT 0 19
PIT 1 20
PIT 0 3
PIT 1 27
PIT 0 12
PIT 1 0
PIT 0 5
PIT 1 21
PIT 0 6
PIT 1 2
GAMEOVER WINNER 1
# Game ended: Mon Apr 04 16:58:48 EDT 2016
