# Server version 0.08 running on 192.168.0.14:8159
# Game ID: 722
# Board class: hus.HusBoard
# Timeout: 2000
# First Move Timeout: 30000
# Date: Tue Mar 29 23:50:58 EDT 2016
# Player 1: Player-0, '260549558', running on localhost
# Player 2: Player-1, 'RandomHusPlayer', running on localhost
START Player-0 260549558
START Player-1 RandomHusPlayer
PIT 0 0
PIT 1 20
PIT 0 6
PIT 1 1
PIT 0 18
PIT 1 16
PIT 0 1
PIT 1 17
PIT 0 14
PIT 1 24
PIT 0 17
PIT 1 7
PIT 0 16
PIT 1 17
GAMEOVER WINNER 1
# Game ended: Tue Mar 29 23:51:00 EDT 2016
