# Server version 0.08 running on localhost:8194
# Game ID: 3519
# Board class: hus.HusBoard
# Timeout: 2000
# First Move Timeout: 30000
# Date: Thu Mar 31 23:00:34 EDT 2016
# Player 1: Player-0, '260549558', running on localhost
# Player 2: Player-1, 'RandomHusPlayer', running on localhost
START Player-0 260549558
START Player-1 RandomHusPlayer
PIT 0 22
PIT 1 22
PIT 0 4
PIT 1 15
PIT 0 13
PIT 1 4
PIT 0 8
PIT 1 13
PIT 0 14
PIT 1 5
PIT 0 20
PIT 1 9
PIT 0 17
PIT 1 2
PIT 0 23
PIT 1 1
PIT 0 1
PIT 1 6
PIT 0 4
PIT 1 0
PIT 0 29
PIT 1 11
PIT 0 31
PIT 1 5
PIT 0 20
PIT 1 6
PIT 0 4
PIT 1 7
PIT 0 2
PIT 1 16
PIT 0 0
PIT 1 12
PIT 0 2
GAMEOVER WINNER 0
# Game ended: Thu Mar 31 23:00:37 EDT 2016
