# Server version 0.08 running on localhost:8194
# Game ID: 3557
# Board class: hus.HusBoard
# Timeout: 2000
# First Move Timeout: 30000
# Date: Thu Mar 31 23:03:36 EDT 2016
# Player 1: Player-0, '260549558', running on localhost
# Player 2: Player-1, 'RandomHusPlayer', running on localhost
START Player-0 260549558
START Player-1 RandomHusPlayer
PIT 0 22
PIT 1 22
PIT 0 4
PIT 1 14
PIT 0 20
PIT 1 1
PIT 0 24
PIT 1 22
PIT 0 13
PIT 1 13
PIT 0 19
PIT 1 23
PIT 0 20
PIT 1 27
PIT 0 6
PIT 1 28
PIT 0 31
PIT 1 4
PIT 0 11
PIT 1 16
PIT 0 0
PIT 1 6
PIT 0 1
GAMEOVER WINNER 0
# Game ended: Thu Mar 31 23:03:39 EDT 2016
