# Server version 0.08 running on 192.168.0.10:8317
# Game ID: 8495
# Board class: hus.HusBoard
# Timeout: 2000
# First Move Timeout: 30000
# Date: Wed Apr 06 00:36:51 EDT 2016
# Player 1: Player-0, 'RandomHusPlayer', running on localhost
# Player 2: Player-1, '260549558', running on localhost
START Player-0 RandomHusPlayer
START Player-1 260549558
PIT 0 22
PIT 1 13
PIT 0 10
PIT 1 16
PIT 0 16
PIT 1 14
PIT 0 23
PIT 1 18
PIT 0 21
PIT 1 5
PIT 0 8
PIT 1 23
PIT 0 31
PIT 1 26
PIT 0 1
PIT 1 0
PIT 0 0
PIT 1 3
PIT 0 3
PIT 1 28
PIT 0 17
GAMEOVER WINNER 0
# Game ended: Wed Apr 06 00:36:58 EDT 2016
