# Server version 0.08 running on 192.168.0.10:8339
# Game ID: 9007
# Board class: hus.HusBoard
# Timeout: 2000
# First Move Timeout: 30000
# Date: Wed Apr 06 02:03:09 EDT 2016
# Player 1: Player-0, '260549558', running on localhost
# Player 2: Player-1, 'RandomHusPlayer', running on localhost
START Player-0 260549558
START Player-1 RandomHusPlayer
PIT 0 21
PIT 1 22
PIT 0 19
PIT 1 21
PIT 0 3
PIT 1 18
PIT 0 18
PIT 1 19
PIT 0 16
PIT 1 14
PIT 0 13
PIT 1 12
PIT 0 0
PIT 1 9
GAMEOVER WINNER 1
# Game ended: Wed Apr 06 02:03:10 EDT 2016
