# Server version 0.08 running on 192.168.0.14:8179
# Game ID: 1544
# Board class: hus.HusBoard
# Timeout: 2000
# First Move Timeout: 30000
# Date: Wed Mar 30 01:46:51 EDT 2016
# Player 1: Player-0, '260549558', running on localhost
# Player 2: Player-1, 'RandomHusPlayer', running on localhost
START Player-0 260549558
START Player-1 RandomHusPlayer
PIT 0 2
PIT 1 23
PIT 0 20
PIT 1 16
PIT 0 18
PIT 1 15
PIT 0 21
PIT 1 28
PIT 0 0
PIT 1 19
PIT 0 1
PIT 1 13
PIT 0 3
PIT 1 5
PIT 0 4
PIT 1 2
PIT 0 7
PIT 1 24
PIT 0 22
PIT 1 27
PIT 0 2
PIT 1 25
PIT 0 5
PIT 1 16
PIT 0 15
PIT 1 27
GAMEOVER WINNER 1
# Game ended: Wed Mar 30 01:46:54 EDT 2016
