# Server version 0.08 running on 192.168.0.14:8154
# Game ID: 465
# Board class: hus.HusBoard
# Timeout: 2000
# First Move Timeout: 30000
# Date: Tue Mar 29 23:28:18 EDT 2016
# Player 1: Player-0, '260549558', running on localhost
# Player 2: Player-1, 'RandomHusPlayer', running on localhost
START Player-0 260549558
START Player-1 RandomHusPlayer
PIT 0 4
PIT 1 20
PIT 0 22
PIT 1 21
PIT 0 24
PIT 1 23
PIT 0 2
PIT 1 14
PIT 0 0
PIT 1 0
PIT 0 1
PIT 1 1
PIT 0 2
PIT 1 0
PIT 0 3
PIT 1 1
PIT 0 4
PIT 1 4
PIT 0 7
PIT 1 5
PIT 0 13
PIT 1 17
PIT 0 8
PIT 1 27
PIT 0 10
PIT 1 22
PIT 0 12
PIT 1 2
PIT 0 9
PIT 1 13
PIT 0 16
PIT 1 5
PIT 0 13
PIT 1 3
PIT 0 5
PIT 1 17
PIT 0 11
PIT 1 1
PIT 0 12
PIT 1 2
PIT 0 13
PIT 1 18
PIT 0 16
PIT 1 24
PIT 0 17
PIT 1 27
GAMEOVER WINNER 1
# Game ended: Tue Mar 29 23:28:21 EDT 2016
