# Server version 0.08 running on 192.168.0.10:8329
# Game ID: 8625
# Board class: hus.HusBoard
# Timeout: 2000
# First Move Timeout: 30000
# Date: Wed Apr 06 01:25:30 EDT 2016
# Player 1: Player-0, '260549558', running on localhost
# Player 2: Player-1, 'RandomHusPlayer', running on localhost
START Player-0 260549558
START Player-1 RandomHusPlayer
PIT 0 1
PIT 1 23
PIT 0 16
PIT 1 19
PIT 0 7
PIT 1 4
PIT 0 18
PIT 1 13
PIT 0 24
PIT 1 24
PIT 0 17
PIT 1 1
PIT 0 2
PIT 1 5
PIT 0 0
PIT 1 4
GAMEOVER WINNER 1
# Game ended: Wed Apr 06 01:25:31 EDT 2016
