# Server version 0.08 running on localhost:8194
# Game ID: 3788
# Board class: hus.HusBoard
# Timeout: 2000
# First Move Timeout: 30000
# Date: Thu Mar 31 23:29:50 EDT 2016
# Player 1: Player-0, '260549558', running on localhost
# Player 2: Player-1, 'RandomHusPlayer', running on localhost
START Player-0 260549558
START Player-1 RandomHusPlayer
PIT 0 22
PIT 1 22
PIT 0 3
PIT 1 21
PIT 0 12
PIT 1 0
PIT 0 26
PIT 1 4
PIT 0 22
PIT 1 27
PIT 0 7
PIT 1 3
PIT 0 12
PIT 1 4
PIT 0 20
PIT 1 28
PIT 0 23
PIT 1 24
PIT 0 17
GAMEOVER WINNER 0
# Game ended: Thu Mar 31 23:29:54 EDT 2016
