# Server version 0.08 running on 192.168.0.14:8223
# Game ID: 4488
# Board class: hus.HusBoard
# Timeout: 2000
# First Move Timeout: 30000
# Date: Fri Apr 01 00:49:35 EDT 2016
# Player 1: Player-0, 'RandomHusPlayer', running on localhost
# Player 2: Player-1, '260549558', running on localhost
START Player-0 RandomHusPlayer
START Player-1 260549558
PIT 0 22
PIT 1 22
PIT 0 4
PIT 1 7
PIT 0 23
PIT 1 14
PIT 0 24
PIT 1 13
PIT 0 13
PIT 1 3
PIT 0 22
PIT 1 4
PIT 0 14
PIT 1 18
PIT 0 26
PIT 1 2
PIT 0 30
PIT 1 21
PIT 0 15
PIT 1 28
PIT 0 17
PIT 1 23
PIT 0 18
PIT 1 19
PIT 0 12
PIT 1 12
PIT 0 13
PIT 1 20
PIT 0 21
PIT 1 30
PIT 0 20
GAMEOVER WINNER 0
# Game ended: Fri Apr 01 00:49:38 EDT 2016
