# Server version 0.08 running on wpa146044.wireless.mcgill.ca:8261
# Game ID: 7090
# Board class: hus.HusBoard
# Timeout: 2000
# First Move Timeout: 30000
# Date: Mon Apr 04 13:26:40 EDT 2016
# Player 1: Player-0, 'RandomHusPlayer', running on localhost
# Player 2: Player-1, '260549558', running on localhost
START Player-0 RandomHusPlayer
START Player-1 260549558
PIT 0 22
PIT 1 22
PIT 0 21
PIT 1 21
PIT 0 2
PIT 1 23
PIT 0 16
PIT 1 26
PIT 0 17
PIT 1 20
PIT 0 10
PIT 1 11
PIT 0 21
PIT 1 14
PIT 0 1
PIT 1 20
PIT 0 20
PIT 1 23
PIT 0 0
PIT 1 8
PIT 0 3
PIT 1 11
PIT 0 14
PIT 1 0
PIT 0 15
PIT 1 3
GAMEOVER WINNER 1
# Game ended: Mon Apr 04 13:26:44 EDT 2016
