# Server version 0.08 running on 192.168.0.10:8310
# Game ID: 8358
# Board class: hus.HusBoard
# Timeout: 2000
# First Move Timeout: 30000
# Date: Tue Apr 05 22:51:33 EDT 2016
# Player 1: Player-0, '260549558', running on localhost
# Player 2: Player-1, 'RandomHusPlayer', running on localhost
START Player-0 260549558
START Player-1 RandomHusPlayer
PIT 0 18
PIT 1 20
PIT 0 11
PIT 1 1
PIT 0 6
PIT 1 5
PIT 0 9
PIT 1 7
PIT 0 15
PIT 1 10
PIT 0 18
PIT 1 13
PIT 0 17
PIT 1 12
PIT 0 24
PIT 1 16
PIT 0 21
PIT 1 14
PIT 0 12
PIT 1 18
PIT 0 20
PIT 1 20
PIT 0 14
PIT 1 17
GAMEOVER WINNER 1
# Game ended: Tue Apr 05 22:51:57 EDT 2016
