# Server version 0.08 running on wpa042032.wireless.mcgill.ca:8241
# Game ID: 5852
# Board class: hus.HusBoard
# Timeout: 2000
# First Move Timeout: 30000
# Date: Sat Apr 02 14:52:10 EDT 2016
# Player 1: Player-0, '260549558', running on localhost
# Player 2: Player-1, 'RandomHusPlayer', running on localhost
START Player-0 260549558
START Player-1 RandomHusPlayer
PIT 0 22
PIT 1 23
PIT 0 11
PIT 1 22
PIT 0 18
PIT 1 4
PIT 0 14
PIT 1 20
PIT 0 12
PIT 1 22
PIT 0 18
PIT 1 21
PIT 0 21
PIT 1 16
PIT 0 17
PIT 1 17
PIT 0 16
PIT 1 11
PIT 0 23
PIT 1 13
PIT 0 26
PIT 1 16
PIT 0 19
PIT 1 17
PIT 0 31
PIT 1 19
PIT 0 24
PIT 1 23
PIT 0 0
PIT 1 26
PIT 0 5
PIT 1 20
PIT 0 1
PIT 1 27
PIT 0 3
PIT 1 18
PIT 0 5
PIT 1 0
PIT 0 9
PIT 1 29
GAMEOVER WINNER 1
# Game ended: Sat Apr 02 14:52:18 EDT 2016
