# Server version 0.08 running on 192.168.0.14:8194
# Game ID: 3289
# Board class: hus.HusBoard
# Timeout: 2000
# First Move Timeout: 30000
# Date: Thu Mar 31 21:27:12 EDT 2016
# Player 1: Player-0, '260549558', running on localhost
# Player 2: Player-1, 'RandomHusPlayer', running on localhost
START Player-0 260549558
START Player-1 RandomHusPlayer
PIT 0 22
PIT 1 6
PIT 0 6
PIT 1 21
PIT 0 12
PIT 1 2
PIT 0 2
PIT 1 0
PIT 0 16
PIT 1 16
PIT 0 19
PIT 1 1
PIT 0 2
PIT 1 2
PIT 0 5
PIT 1 3
PIT 0 9
PIT 1 5
PIT 0 20
PIT 1 15
PIT 0 23
PIT 1 6
PIT 0 1
PIT 1 8
PIT 0 22
PIT 1 10
PIT 0 4
GAMEOVER WINNER 0
# Game ended: Thu Mar 31 21:27:13 EDT 2016
