# Server version 0.08 running on wpa146022.wireless.mcgill.ca:8228
# Game ID: 5656
# Board class: hus.HusBoard
# Timeout: 2000
# First Move Timeout: 30000
# Date: Fri Apr 01 16:37:55 EDT 2016
# Player 1: Player-0, '260549558', running on localhost
# Player 2: Player-1, 'RandomHusPlayer', running on localhost
START Player-0 260549558
START Player-1 RandomHusPlayer
PIT 0 22
PIT 1 22
PIT 0 4
PIT 1 7
PIT 0 10
PIT 1 19
PIT 0 23
PIT 1 21
PIT 0 19
PIT 1 23
PIT 0 14
PIT 1 9
PIT 0 3
PIT 1 1
PIT 0 4
PIT 1 17
PIT 0 5
PIT 1 21
PIT 0 6
PIT 1 4
PIT 0 7
PIT 1 10
PIT 0 8
PIT 1 3
PIT 0 9
PIT 1 14
GAMEOVER WINNER 1
# Game ended: Fri Apr 01 16:37:57 EDT 2016
