# Server version 0.08 running on wpa146022.wireless.mcgill.ca:8228
# Game ID: 5410
# Board class: hus.HusBoard
# Timeout: 2000
# First Move Timeout: 30000
# Date: Fri Apr 01 16:22:43 EDT 2016
# Player 1: Player-0, '260549558', running on localhost
# Player 2: Player-1, 'RandomHusPlayer', running on localhost
START Player-0 260549558
START Player-1 RandomHusPlayer
PIT 0 22
PIT 1 22
PIT 0 4
PIT 1 17
PIT 0 5
PIT 1 3
PIT 0 16
PIT 1 21
PIT 0 13
PIT 1 16
PIT 0 14
PIT 1 4
PIT 0 20
PIT 1 15
PIT 0 21
PIT 1 13
PIT 0 15
PIT 1 24
PIT 0 0
PIT 1 0
PIT 0 1
PIT 1 18
PIT 0 10
GAMEOVER WINNER 0
# Game ended: Fri Apr 01 16:22:45 EDT 2016
