# Server version 0.08 running on 192.168.0.35:8489
# Game ID: 11608
# Board class: hus.HusBoard
# Timeout: 2000
# First Move Timeout: 30000
# Date: Thu Apr 07 00:38:01 EDT 2016
# Player 1: Player-0, '260549558', running on localhost
# Player 2: Player-1, 'RandomHusPlayer', running on localhost
START Player-0 260549558
START Player-1 RandomHusPlayer
PIT 0 18
PIT 1 20
PIT 0 6
PIT 1 16
PIT 0 22
PIT 1 15
PIT 0 4
PIT 1 19
PIT 0 19
PIT 1 8
PIT 0 20
PIT 1 21
PIT 0 15
PIT 1 0
PIT 0 1
PIT 1 1
PIT 0 21
PIT 1 3
PIT 0 27
PIT 1 22
PIT 0 16
PIT 1 24
PIT 0 23
PIT 1 27
PIT 0 14
PIT 1 7
PIT 0 28
GAMEOVER WINNER 0
# Game ended: Thu Apr 07 00:38:20 EDT 2016
