# Server version 0.08 running on wpa146022.wireless.mcgill.ca:8228
# Game ID: 5525
# Board class: hus.HusBoard
# Timeout: 2000
# First Move Timeout: 30000
# Date: Fri Apr 01 16:29:50 EDT 2016
# Player 1: Player-0, 'RandomHusPlayer', running on localhost
# Player 2: Player-1, '260549558', running on localhost
START Player-0 RandomHusPlayer
START Player-1 260549558
PIT 0 22
PIT 1 22
PIT 0 3
PIT 1 12
PIT 0 12
PIT 1 18
PIT 0 6
PIT 1 16
PIT 0 14
PIT 1 24
PIT 0 19
PIT 1 4
PIT 0 22
PIT 1 0
PIT 0 15
PIT 1 28
PIT 0 17
PIT 1 15
PIT 0 18
PIT 1 19
PIT 0 23
PIT 1 27
PIT 0 3
PIT 1 29
PIT 0 8
GAMEOVER WINNER 0
# Game ended: Fri Apr 01 16:29:53 EDT 2016
