# Server version 0.08 running on wpa042032.wireless.mcgill.ca:8245
# Game ID: 6021
# Board class: hus.HusBoard
# Timeout: 2000
# First Move Timeout: 30000
# Date: Sat Apr 02 16:25:10 EDT 2016
# Player 1: Player-0, '260549558', running on localhost
# Player 2: Player-1, 'RandomHusPlayer', running on localhost
START Player-0 260549558
START Player-1 RandomHusPlayer
PIT 0 0
PIT 1 8
PIT 0 1
PIT 1 14
PIT 0 3
PIT 1 18
PIT 0 9
PIT 1 27
PIT 0 15
PIT 1 25
PIT 0 22
PIT 1 26
GAMEOVER WINNER 1
# Game ended: Sat Apr 02 16:25:12 EDT 2016
