# Server version 0.08 running on wpa146086.wireless.mcgill.ca:8185
# Game ID: 2046
# Board class: hus.HusBoard
# Timeout: 2000
# First Move Timeout: 30000
# Date: Thu Mar 31 14:27:28 EDT 2016
# Player 1: Player-0, '260549558', running on localhost
# Player 2: Player-1, 'RandomHusPlayer', running on localhost
START Player-0 260549558
START Player-1 RandomHusPlayer
PIT 0 2
PIT 1 23
PIT 0 3
PIT 1 16
PIT 0 17
PIT 1 17
PIT 0 12
PIT 1 24
PIT 0 14
PIT 1 23
PIT 0 26
PIT 1 13
PIT 0 25
PIT 1 20
PIT 0 18
PIT 1 10
PIT 0 5
PIT 1 24
PIT 0 24
PIT 1 5
PIT 0 25
PIT 1 16
PIT 0 4
PIT 1 15
PIT 0 27
PIT 1 28
PIT 0 28
PIT 1 24
PIT 0 29
PIT 1 21
PIT 0 31
PIT 1 19
PIT 0 0
PIT 1 2
PIT 0 2
PIT 1 25
PIT 0 3
PIT 1 24
PIT 0 4
PIT 1 8
PIT 0 5
PIT 1 23
PIT 0 12
PIT 1 27
PIT 0 14
PIT 1 30
PIT 0 16
PIT 1 17
PIT 0 15
PIT 1 23
GAMEOVER WINNER 1
# Game ended: Thu Mar 31 14:27:31 EDT 2016
