# Server version 0.08 running on 192.168.0.10:8460
# Game ID: 11329
# Board class: hus.HusBoard
# Timeout: 2000
# First Move Timeout: 30000
# Date: Wed Apr 06 11:24:12 EDT 2016
# Player 1: Player-0, '260549558', running on localhost
# Player 2: Player-1, 'RandomHusPlayer', running on localhost
START Player-0 260549558
START Player-1 RandomHusPlayer
PIT 0 22
PIT 1 4
PIT 0 16
PIT 1 20
PIT 0 24
PIT 1 13
PIT 0 8
PIT 1 3
PIT 0 28
PIT 1 2
PIT 0 22
PIT 1 19
PIT 0 16
PIT 1 1
PIT 0 24
PIT 1 0
PIT 0 25
PIT 1 9
PIT 0 5
GAMEOVER WINNER 0
# Game ended: Wed Apr 06 11:24:14 EDT 2016
