# Server version 0.08 running on 192.168.0.14:8221
# Game ID: 4295
# Board class: hus.HusBoard
# Timeout: 2000
# First Move Timeout: 30000
# Date: Fri Apr 01 00:35:53 EDT 2016
# Player 1: Player-0, '260549558', running on localhost
# Player 2: Player-1, 'RandomHusPlayer', running on localhost
START Player-0 260549558
START Player-1 RandomHusPlayer
PIT 0 22
PIT 1 1
PIT 0 19
PIT 1 5
PIT 0 18
PIT 1 13
PIT 0 27
PIT 1 0
PIT 0 14
PIT 1 4
PIT 0 18
PIT 1 5
PIT 0 3
PIT 1 8
PIT 0 25
PIT 1 11
PIT 0 0
PIT 1 9
PIT 0 2
PIT 1 6
PIT 0 0
GAMEOVER WINNER 0
# Game ended: Fri Apr 01 00:35:55 EDT 2016
