# Server version 0.08 running on wpa146022.wireless.mcgill.ca:8228
# Game ID: 4922
# Board class: hus.HusBoard
# Timeout: 2000
# First Move Timeout: 30000
# Date: Fri Apr 01 15:52:36 EDT 2016
# Player 1: Player-0, '260549558', running on localhost
# Player 2: Player-1, 'RandomHusPlayer', running on localhost
START Player-0 260549558
START Player-1 RandomHusPlayer
PIT 0 22
PIT 1 22
PIT 0 4
PIT 1 1
PIT 0 13
PIT 1 5
PIT 0 24
PIT 1 16
PIT 0 27
PIT 1 14
PIT 0 22
PIT 1 19
PIT 0 29
PIT 1 23
PIT 0 31
PIT 1 26
PIT 0 26
PIT 1 2
PIT 0 8
PIT 1 18
PIT 0 5
PIT 1 1
PIT 0 30
PIT 1 5
PIT 0 31
PIT 1 20
PIT 0 2
PIT 1 2
PIT 0 19
PIT 1 20
PIT 0 7
PIT 1 22
PIT 0 0
PIT 1 0
PIT 0 5
PIT 1 1
GAMEOVER WINNER 1
# Game ended: Fri Apr 01 15:52:39 EDT 2016
