# Server version 0.08 running on wpa146044.wireless.mcgill.ca:8265
# Game ID: 7380
# Board class: hus.HusBoard
# Timeout: 2000
# First Move Timeout: 30000
# Date: Mon Apr 04 14:06:42 EDT 2016
# Player 1: Player-0, '260549558', running on localhost
# Player 2: Player-1, 'RandomHusPlayer', running on localhost
START Player-0 260549558
START Player-1 RandomHusPlayer
PIT 0 22
PIT 1 22
PIT 0 7
PIT 1 1
PIT 0 6
PIT 1 4
PIT 0 19
PIT 1 19
PIT 0 20
PIT 1 13
PIT 0 24
PIT 1 15
PIT 0 28
PIT 1 3
PIT 0 0
PIT 1 17
PIT 0 13
PIT 1 14
PIT 0 3
PIT 1 0
PIT 0 11
PIT 1 2
GAMEOVER WINNER 1
# Game ended: Mon Apr 04 14:06:45 EDT 2016
