# Server version 0.08 running on 192.168.0.14:8197
# Game ID: 4062
# Board class: hus.HusBoard
# Timeout: 2000
# First Move Timeout: 30000
# Date: Fri Apr 01 00:11:36 EDT 2016
# Player 1: Player-0, '260549558', running on localhost
# Player 2: Player-1, 'RandomHusPlayer', running on localhost
START Player-0 260549558
START Player-1 RandomHusPlayer
PIT 0 22
PIT 1 0
PIT 0 21
PIT 1 19
PIT 0 11
PIT 1 12
PIT 0 19
PIT 1 4
PIT 0 10
PIT 1 22
PIT 0 0
PIT 1 21
PIT 0 24
PIT 1 1
PIT 0 16
PIT 1 26
PIT 0 19
PIT 1 10
PIT 0 0
PIT 1 28
PIT 0 1
PIT 1 29
PIT 0 2
PIT 1 30
PIT 0 7
GAMEOVER WINNER 0
# Game ended: Fri Apr 01 00:11:38 EDT 2016
