# Server version 0.08 running on 192.168.0.10:8255
# Game ID: 6999
# Board class: hus.HusBoard
# Timeout: 2000
# First Move Timeout: 30000
# Date: Mon Apr 04 03:04:45 EDT 2016
# Player 1: Player-0, '260549558', running on localhost
# Player 2: Player-1, 'RandomHusPlayer', running on localhost
START Player-0 260549558
START Player-1 RandomHusPlayer
PIT 0 22
PIT 1 22
PIT 0 4
PIT 1 2
PIT 0 16
PIT 1 19
PIT 0 23
PIT 1 18
PIT 0 7
PIT 1 1
PIT 0 13
PIT 1 15
PIT 0 22
PIT 1 23
PIT 0 1
PIT 1 0
PIT 0 0
PIT 1 5
PIT 0 3
GAMEOVER WINNER 0
# Game ended: Mon Apr 04 03:04:47 EDT 2016
