# Server version 0.08 running on 192.168.0.14:8223
# Game ID: 4501
# Board class: hus.HusBoard
# Timeout: 2000
# First Move Timeout: 30000
# Date: Fri Apr 01 00:50:20 EDT 2016
# Player 1: Player-0, '260549558', running on localhost
# Player 2: Player-1, 'RandomHusPlayer', running on localhost
START Player-0 260549558
START Player-1 RandomHusPlayer
PIT 0 22
PIT 1 22
PIT 0 4
PIT 1 7
PIT 0 23
PIT 1 6
PIT 0 13
PIT 1 13
PIT 0 19
PIT 1 21
PIT 0 8
PIT 1 26
PIT 0 28
PIT 1 28
PIT 0 18
PIT 1 22
PIT 0 24
PIT 1 19
PIT 0 22
PIT 1 25
PIT 0 5
PIT 1 5
PIT 0 10
PIT 1 8
PIT 0 29
PIT 1 18
PIT 0 17
PIT 1 26
PIT 0 12
PIT 1 12
PIT 0 1
PIT 1 6
PIT 0 10
PIT 1 23
PIT 0 0
PIT 1 13
PIT 0 24
PIT 1 14
PIT 0 1
GAMEOVER WINNER 0
# Game ended: Fri Apr 01 00:50:23 EDT 2016
