# Server version 0.08 running on wpa042032.wireless.mcgill.ca:8249
# Game ID: 6395
# Board class: hus.HusBoard
# Timeout: 2000
# First Move Timeout: 30000
# Date: Sat Apr 02 17:10:15 EDT 2016
# Player 1: Player-0, '260549558', running on localhost
# Player 2: Player-1, 'RandomHusPlayer', running on localhost
START Player-0 260549558
START Player-1 RandomHusPlayer
PIT 0 19
PIT 1 23
PIT 0 22
PIT 1 19
PIT 0 0
PIT 1 6
PIT 0 17
PIT 1 18
PIT 0 18
PIT 1 16
PIT 0 1
PIT 1 25
PIT 0 3
PIT 1 20
PIT 0 6
PIT 1 24
PIT 0 5
PIT 1 23
PIT 0 14
PIT 1 25
GAMEOVER WINNER 1
# Game ended: Sat Apr 02 17:10:20 EDT 2016
