# Server version 0.08 running on wpa146035.wireless.mcgill.ca:8123
# Game ID: 7637
# Board class: hus.HusBoard
# Timeout: 300000
# First Move Timeout: 30000
# Date: Mon Apr 04 15:47:53 EDT 2016
# Player 1: Player-0, '260553379', running on wpa070085.wireless.mcgill.ca
# Player 2: Player-1, '260549558', running on wpa146035.wireless.mcgill.ca
START Player-0 260553379
START Player-1 260549558
PIT 0 8
PIT 1 5
PIT 0 20
PIT 1 11
PIT 0 21
PIT 1 15
PIT 0 27
PIT 1 21
PIT 0 29
PIT 1 24
PIT 0 25
PIT 1 1
PIT 0 28
PIT 1 20
PIT 0 26
PIT 1 23
PIT 0 11
PIT 1 22
PIT 0 23
PIT 1 26
PIT 0 26
PIT 1 27
PIT 0 16
PIT 1 2
PIT 0 9
PIT 1 30
PIT 0 13
PIT 1 3
PIT 0 22
PIT 1 12
PIT 0 24
PIT 1 13
PIT 0 21
PIT 1 4
PIT 0 16
PIT 1 14
PIT 0 17
GAMEOVER WINNER 0
# Game ended: Mon Apr 04 15:47:59 EDT 2016
