# Server version 0.08 running on 192.168.0.14:8223
# Game ID: 4753
# Board class: hus.HusBoard
# Timeout: 2000
# First Move Timeout: 30000
# Date: Fri Apr 01 01:07:08 EDT 2016
# Player 1: Player-0, '260549558', running on localhost
# Player 2: Player-1, 'RandomHusPlayer', running on localhost
START Player-0 260549558
START Player-1 RandomHusPlayer
PIT 0 0
PIT 1 20
PIT 0 7
PIT 1 5
PIT 0 22
PIT 1 18
PIT 0 13
PIT 1 17
PIT 0 15
PIT 1 27
PIT 0 6
PIT 1 15
PIT 0 1
PIT 1 18
PIT 0 11
PIT 1 3
PIT 0 25
PIT 1 0
GAMEOVER WINNER 1
# Game ended: Fri Apr 01 01:07:16 EDT 2016
