# Server version 0.08 running on wpa146072.wireless.mcgill.ca:8152
# Game ID: 404
# Board class: hus.HusBoard
# Timeout: 2000
# First Move Timeout: 30000
# Date: Tue Mar 29 19:24:09 EDT 2016
# Player 1: Player-0, '260549558', running on localhost
# Player 2: Player-1, 'RandomHusPlayer', running on localhost
START Player-0 260549558
START Player-1 RandomHusPlayer
PIT 0 7
PIT 1 8
PIT 0 13
PIT 1 14
PIT 0 17
PIT 1 12
PIT 0 25
PIT 1 11
PIT 0 0
PIT 1 4
PIT 0 6
PIT 1 25
PIT 0 24
PIT 1 12
PIT 0 21
PIT 1 0
PIT 0 10
PIT 1 25
PIT 0 14
PIT 1 21
PIT 0 27
PIT 1 12
GAMEOVER WINNER 1
# Game ended: Tue Mar 29 19:24:12 EDT 2016
