# Server version 0.08 running on web006221.wireless.mcgill.ca:8185
# Game ID: 2116
# Board class: hus.HusBoard
# Timeout: 2000
# First Move Timeout: 30000
# Date: Thu Mar 31 14:45:01 EDT 2016
# Player 1: Player-0, '260549558', running on localhost
# Player 2: Player-1, 'RandomHusPlayer', running on localhost
START Player-0 260549558
START Player-1 RandomHusPlayer
PIT 0 1
PIT 1 23
PIT 0 10
PIT 1 4
PIT 0 4
PIT 1 16
PIT 0 15
PIT 1 10
PIT 0 19
PIT 1 30
PIT 0 2
PIT 1 18
PIT 0 0
PIT 1 28
PIT 0 12
PIT 1 26
GAMEOVER WINNER 1
# Game ended: Thu Mar 31 14:45:03 EDT 2016
