# Server version 0.08 running on 192.168.0.14:8190
# Game ID: 3215
# Board class: hus.HusBoard
# Timeout: 2000
# First Move Timeout: 30000
# Date: Thu Mar 31 20:57:15 EDT 2016
# Player 1: Player-0, '260549558', running on localhost
# Player 2: Player-1, 'RandomHusPlayer', running on localhost
START Player-0 260549558
START Player-1 RandomHusPlayer
PIT 0 22
PIT 1 5
PIT 0 0
PIT 1 3
PIT 0 12
PIT 1 18
PIT 0 25
PIT 1 12
PIT 0 13
PIT 1 25
PIT 0 29
PIT 1 2
PIT 0 23
PIT 1 6
PIT 0 1
PIT 1 24
PIT 0 2
PIT 1 0
PIT 0 5
GAMEOVER WINNER 0
# Game ended: Thu Mar 31 20:57:17 EDT 2016
