# Server version 0.08 running on 192.168.0.10:8441
# Game ID: 10104
# Board class: hus.HusBoard
# Timeout: 2000
# First Move Timeout: 30000
# Date: Wed Apr 06 04:02:19 EDT 2016
# Player 1: Player-0, '260549558', running on localhost
# Player 2: Player-1, 'RandomHusPlayer', running on localhost
START Player-0 260549558
START Player-1 RandomHusPlayer
PIT 0 22
PIT 1 22
PIT 0 17
PIT 1 9
PIT 0 20
PIT 1 6
PIT 0 14
PIT 1 19
PIT 0 10
PIT 1 13
PIT 0 19
PIT 1 15
PIT 0 17
PIT 1 25
PIT 0 5
PIT 1 1
PIT 0 0
PIT 1 19
PIT 0 1
PIT 1 20
PIT 0 3
PIT 1 0
PIT 0 4
PIT 1 1
PIT 0 8
PIT 1 2
PIT 0 9
PIT 1 5
PIT 0 7
PIT 1 25
GAMEOVER WINNER 1
# Game ended: Wed Apr 06 04:02:22 EDT 2016
