# Server version 0.08 running on wpa146035.wireless.mcgill.ca:8185
# Game ID: 7786
# Board class: hus.HusBoard
# Timeout: 2000
# First Move Timeout: 30000
# Date: Mon Apr 04 17:02:12 EDT 2016
# Player 1: Player-0, '260549558', running on localhost
# Player 2: Player-1, 'RandomHusPlayer', running on localhost
START Player-0 260549558
START Player-1 RandomHusPlayer
PIT 0 22
PIT 1 22
PIT 0 5
PIT 1 18
PIT 0 17
PIT 1 24
PIT 0 1
PIT 1 16
PIT 0 11
PIT 1 22
PIT 0 22
PIT 1 7
PIT 0 24
PIT 1 20
PIT 0 9
PIT 1 22
PIT 0 0
PIT 1 29
PIT 0 4
PIT 1 19
PIT 0 7
PIT 1 17
PIT 0 6
PIT 1 1
PIT 0 12
PIT 1 8
PIT 0 10
PIT 1 25
PIT 0 13
PIT 1 26
PIT 0 9
PIT 1 0
PIT 0 12
PIT 1 1
PIT 0 13
PIT 1 1
GAMEOVER WINNER 1
# Game ended: Mon Apr 04 17:02:36 EDT 2016
