# Server version 0.08 running on wpa146044.wireless.mcgill.ca:8265
# Game ID: 7263
# Board class: hus.HusBoard
# Timeout: 2000
# First Move Timeout: 30000
# Date: Mon Apr 04 13:59:38 EDT 2016
# Player 1: Player-0, 'RandomHusPlayer', running on localhost
# Player 2: Player-1, '260549558', running on localhost
START Player-0 RandomHusPlayer
START Player-1 260549558
PIT 0 22
PIT 1 22
PIT 0 4
PIT 1 1
PIT 0 19
PIT 1 13
PIT 0 22
PIT 1 18
PIT 0 26
PIT 1 22
PIT 0 13
PIT 1 16
PIT 0 14
PIT 1 25
PIT 0 16
PIT 1 1
PIT 0 15
PIT 1 28
PIT 0 24
PIT 1 29
PIT 0 8
PIT 1 4
PIT 0 1
PIT 1 5
PIT 0 7
GAMEOVER WINNER 0
# Game ended: Mon Apr 04 13:59:41 EDT 2016
