# Server version 0.08 running on wpa146044.wireless.mcgill.ca:8267
# Game ID: 7441
# Board class: hus.HusBoard
# Timeout: 2000
# First Move Timeout: 30000
# Date: Mon Apr 04 14:12:06 EDT 2016
# Player 1: Player-0, 'RandomHusPlayer', running on localhost
# Player 2: Player-1, '260549558', running on localhost
START Player-0 RandomHusPlayer
START Player-1 260549558
PIT 0 22
PIT 1 22
PIT 0 4
PIT 1 1
PIT 0 19
PIT 1 14
PIT 0 10
PIT 1 18
PIT 0 23
PIT 1 10
PIT 0 14
PIT 1 0
PIT 0 25
PIT 1 5
PIT 0 24
PIT 1 17
PIT 0 10
PIT 1 4
PIT 0 11
PIT 1 18
PIT 0 1
GAMEOVER WINNER 0
# Game ended: Mon Apr 04 14:12:09 EDT 2016
