# Server version 0.08 running on 192.168.0.10:8339
# Game ID: 9037
# Board class: hus.HusBoard
# Timeout: 2000
# First Move Timeout: 30000
# Date: Wed Apr 06 02:03:59 EDT 2016
# Player 1: Player-0, '260549558', running on localhost
# Player 2: Player-1, 'RandomHusPlayer', running on localhost
START Player-0 260549558
START Player-1 RandomHusPlayer
PIT 0 4
PIT 1 23
PIT 0 13
PIT 1 19
PIT 0 0
PIT 1 20
PIT 0 3
PIT 1 13
PIT 0 4
PIT 1 24
PIT 0 1
PIT 1 5
PIT 0 5
PIT 1 26
PIT 0 11
PIT 1 1
PIT 0 6
PIT 1 29
PIT 0 7
PIT 1 30
PIT 0 13
PIT 1 12
PIT 0 10
PIT 1 17
PIT 0 11
PIT 1 21
PIT 0 12
PIT 1 4
PIT 0 9
PIT 1 14
PIT 0 13
PIT 1 23
GAMEOVER WINNER 1
# Game ended: Wed Apr 06 02:04:00 EDT 2016
