# Server version 0.08 running on wpa146035.wireless.mcgill.ca:8123
# Game ID: 7653
# Board class: hus.HusBoard
# Timeout: 300000
# First Move Timeout: 30000
# Date: Mon Apr 04 15:56:33 EDT 2016
# Player 1: Player-0, '260549558', running on wpa146035.wireless.mcgill.ca
# Player 2: Player-1, 'RandomHusPlayer', running on wpa146035.wireless.mcgill.ca
START Player-0 260549558
START Player-1 RandomHusPlayer
PIT 0 22
PIT 1 22
PIT 0 16
PIT 1 4
PIT 0 20
PIT 1 1
PIT 0 22
PIT 1 17
PIT 0 19
PIT 1 16
PIT 0 24
PIT 1 23
PIT 0 13
PIT 1 27
PIT 0 1
PIT 1 22
PIT 0 12
PIT 1 7
PIT 0 7
PIT 1 0
PIT 0 0
PIT 1 1
PIT 0 3
PIT 1 2
PIT 0 4
PIT 1 3
PIT 0 5
PIT 1 12
GAMEOVER WINNER 1
# Game ended: Mon Apr 04 15:56:35 EDT 2016
