# Server version 0.08 running on 192.168.0.10:8441
# Game ID: 10437
# Board class: hus.HusBoard
# Timeout: 2000
# First Move Timeout: 30000
# Date: Wed Apr 06 04:21:26 EDT 2016
# Player 1: Player-0, 'RandomHusPlayer', running on localhost
# Player 2: Player-1, '260549558', running on localhost
START Player-0 RandomHusPlayer
START Player-1 260549558
PIT 0 22
PIT 1 22
PIT 0 3
PIT 1 0
PIT 0 16
PIT 1 15
PIT 0 25
PIT 1 10
PIT 0 18
PIT 1 1
PIT 0 28
PIT 1 27
PIT 0 8
PIT 1 17
PIT 0 6
PIT 1 19
PIT 0 18
GAMEOVER WINNER 0
# Game ended: Wed Apr 06 04:21:27 EDT 2016
