# Server version 0.08 running on localhost:8194
# Game ID: 3619
# Board class: hus.HusBoard
# Timeout: 2000
# First Move Timeout: 30000
# Date: Thu Mar 31 23:08:52 EDT 2016
# Player 1: Player-0, '260549558', running on localhost
# Player 2: Player-1, 'RandomHusPlayer', running on localhost
START Player-0 260549558
START Player-1 RandomHusPlayer
PIT 0 22
PIT 1 22
PIT 0 4
PIT 1 19
PIT 0 13
PIT 1 18
PIT 0 8
PIT 1 17
PIT 0 21
PIT 1 13
PIT 0 19
PIT 1 14
PIT 0 10
PIT 1 2
PIT 0 3
PIT 1 17
PIT 0 27
PIT 1 24
PIT 0 24
PIT 1 19
PIT 0 6
PIT 1 12
PIT 0 1
GAMEOVER WINNER 0
# Game ended: Thu Mar 31 23:08:56 EDT 2016
