# Server version 0.08 running on 192.168.0.14:8180
# Game ID: 1984
# Board class: hus.HusBoard
# Timeout: 2000
# First Move Timeout: 30000
# Date: Thu Mar 31 01:14:11 EDT 2016
# Player 1: Player-0, '260549558', running on localhost
# Player 2: Player-1, 'RandomHusPlayer', running on localhost
START Player-0 260549558
START Player-1 RandomHusPlayer
PIT 0 22
PIT 1 22
PIT 0 3
PIT 1 21
PIT 0 12
PIT 1 0
PIT 0 0
PIT 1 27
PIT 0 1
PIT 1 24
PIT 0 26
PIT 1 18
PIT 0 3
PIT 1 23
PIT 0 4
PIT 1 20
PIT 0 5
PIT 1 20
PIT 0 7
PIT 1 0
PIT 0 8
PIT 1 5
PIT 0 9
PIT 1 16
PIT 0 12
PIT 1 31
PIT 0 13
PIT 1 4
PIT 0 15
PIT 1 27
PIT 0 17
PIT 1 18
GAMEOVER WINNER 1
# Game ended: Thu Mar 31 01:14:14 EDT 2016
