# Server version 0.08 running on wpa042032.wireless.mcgill.ca:8241
# Game ID: 5894
# Board class: hus.HusBoard
# Timeout: 2000
# First Move Timeout: 30000
# Date: Sat Apr 02 14:58:34 EDT 2016
# Player 1: Player-0, '260549558', running on localhost
# Player 2: Player-1, 'RandomHusPlayer', running on localhost
START Player-0 260549558
START Player-1 RandomHusPlayer
PIT 0 22
PIT 1 23
PIT 0 21
PIT 1 20
PIT 0 0
PIT 1 22
PIT 0 16
PIT 1 10
PIT 0 18
PIT 1 16
PIT 0 21
PIT 1 17
PIT 0 27
PIT 1 30
PIT 0 15
PIT 1 28
PIT 0 1
PIT 1 23
PIT 0 10
PIT 1 22
PIT 0 17
PIT 1 26
PIT 0 19
PIT 1 25
PIT 0 20
PIT 1 4
PIT 0 21
PIT 1 18
PIT 0 22
PIT 1 22
PIT 0 23
PIT 1 27
PIT 0 24
PIT 1 17
GAMEOVER WINNER 1
# Game ended: Sat Apr 02 14:58:41 EDT 2016
