# Server version 0.08 running on wpa042032.wireless.mcgill.ca:8248
# Game ID: 6184
# Board class: hus.HusBoard
# Timeout: 2000
# First Move Timeout: 30000
# Date: Sat Apr 02 16:54:12 EDT 2016
# Player 1: Player-0, '260549558', running on localhost
# Player 2: Player-1, 'RandomHusPlayer', running on localhost
START Player-0 260549558
START Player-1 RandomHusPlayer
PIT 0 7
PIT 1 8
PIT 0 22
PIT 1 21
PIT 0 19
PIT 1 20
PIT 0 16
PIT 1 24
PIT 0 1
PIT 1 27
PIT 0 4
PIT 1 19
PIT 0 0
PIT 1 17
PIT 0 5
PIT 1 27
PIT 0 7
PIT 1 26
PIT 0 15
PIT 1 18
PIT 0 16
PIT 1 19
PIT 0 8
PIT 1 22
PIT 0 11
PIT 1 23
PIT 0 12
PIT 1 24
GAMEOVER WINNER 1
# Game ended: Sat Apr 02 16:54:17 EDT 2016
