# Server version 0.08 running on 192.168.0.14:8180
# Game ID: 1982
# Board class: hus.HusBoard
# Timeout: 2000
# First Move Timeout: 30000
# Date: Thu Mar 31 01:13:50 EDT 2016
# Player 1: Player-0, '260549558', running on localhost
# Player 2: Player-1, 'RandomHusPlayer', running on localhost
START Player-0 260549558
START Player-1 RandomHusPlayer
PIT 0 0
PIT 1 20
PIT 0 1
PIT 1 7
PIT 0 3
PIT 1 19
PIT 0 9
PIT 1 6
PIT 0 10
PIT 1 29
PIT 0 11
PIT 1 1
PIT 0 14
PIT 1 24
PIT 0 12
PIT 1 22
PIT 0 21
PIT 1 3
GAMEOVER WINNER 1
# Game ended: Thu Mar 31 01:13:52 EDT 2016
