# Server version 0.08 running on 192.168.0.14:8154
# Game ID: 457
# Board class: hus.HusBoard
# Timeout: 2000
# First Move Timeout: 30000
# Date: Tue Mar 29 23:27:41 EDT 2016
# Player 1: Player-0, '260549558', running on localhost
# Player 2: Player-1, 'RandomHusPlayer', running on localhost
START Player-0 260549558
START Player-1 RandomHusPlayer
PIT 0 2
PIT 1 23
PIT 0 23
PIT 1 2
PIT 0 17
PIT 1 18
PIT 0 15
PIT 1 8
PIT 0 20
PIT 1 12
PIT 0 23
PIT 1 13
PIT 0 11
PIT 1 26
PIT 0 25
PIT 1 23
PIT 0 26
PIT 1 9
PIT 0 27
PIT 1 16
PIT 0 0
PIT 1 1
PIT 0 1
PIT 1 2
PIT 0 2
PIT 1 8
PIT 0 3
PIT 1 3
PIT 0 8
PIT 1 4
PIT 0 6
PIT 1 17
PIT 0 7
PIT 1 0
PIT 0 8
PIT 1 1
PIT 0 11
PIT 1 5
PIT 0 12
PIT 1 6
PIT 0 13
PIT 1 7
PIT 0 14
PIT 1 9
PIT 0 15
PIT 1 2
PIT 0 16
PIT 1 3
PIT 0 17
PIT 1 4
PIT 0 9
PIT 1 14
PIT 0 18
PIT 1 24
PIT 0 19
PIT 1 15
GAMEOVER WINNER 1
# Game ended: Tue Mar 29 23:27:44 EDT 2016
