# Server version 0.08 running on 192.168.0.10:8339
# Game ID: 9033
# Board class: hus.HusBoard
# Timeout: 2000
# First Move Timeout: 30000
# Date: Wed Apr 06 02:03:53 EDT 2016
# Player 1: Player-0, '260549558', running on localhost
# Player 2: Player-1, 'RandomHusPlayer', running on localhost
START Player-0 260549558
START Player-1 RandomHusPlayer
PIT 0 6
PIT 1 6
PIT 0 22
PIT 1 12
PIT 0 2
PIT 1 10
PIT 0 9
PIT 1 3
PIT 0 25
PIT 1 25
PIT 0 16
PIT 1 9
PIT 0 24
PIT 1 18
PIT 0 15
PIT 1 20
GAMEOVER WINNER 1
# Game ended: Wed Apr 06 02:03:53 EDT 2016
