# Server version 0.08 running on 192.168.0.10:8441
# Game ID: 10378
# Board class: hus.HusBoard
# Timeout: 2000
# First Move Timeout: 30000
# Date: Wed Apr 06 04:18:09 EDT 2016
# Player 1: Player-0, '260549558', running on localhost
# Player 2: Player-1, 'RandomHusPlayer', running on localhost
START Player-0 260549558
START Player-1 RandomHusPlayer
PIT 0 22
PIT 1 22
PIT 0 4
PIT 1 19
PIT 0 1
PIT 1 7
PIT 0 10
PIT 1 16
PIT 0 14
PIT 1 24
PIT 0 11
PIT 1 19
PIT 0 22
PIT 1 20
PIT 0 16
PIT 1 25
PIT 0 25
PIT 1 13
PIT 0 27
PIT 1 16
PIT 0 29
PIT 1 28
PIT 0 30
PIT 1 17
PIT 0 1
PIT 1 19
PIT 0 4
PIT 1 20
GAMEOVER WINNER 1
# Game ended: Wed Apr 06 04:18:11 EDT 2016
