# Server version 0.08 running on web006221.wireless.mcgill.ca:8185
# Game ID: 2114
# Board class: hus.HusBoard
# Timeout: 2000
# First Move Timeout: 30000
# Date: Thu Mar 31 14:44:53 EDT 2016
# Player 1: Player-0, '260549558', running on localhost
# Player 2: Player-1, 'RandomHusPlayer', running on localhost
START Player-0 260549558
START Player-1 RandomHusPlayer
PIT 0 1
PIT 1 23
PIT 0 10
PIT 1 4
PIT 0 4
PIT 1 16
PIT 0 15
PIT 1 10
PIT 0 2
PIT 1 24
PIT 0 0
PIT 1 5
PIT 0 20
PIT 1 25
GAMEOVER WINNER 1
# Game ended: Thu Mar 31 14:44:56 EDT 2016
