# Server version 0.08 running on wpa146022.wireless.mcgill.ca:8228
# Game ID: 5578
# Board class: hus.HusBoard
# Timeout: 2000
# First Move Timeout: 30000
# Date: Fri Apr 01 16:33:02 EDT 2016
# Player 1: Player-0, '260549558', running on localhost
# Player 2: Player-1, 'RandomHusPlayer', running on localhost
START Player-0 260549558
START Player-1 RandomHusPlayer
PIT 0 22
PIT 1 22
PIT 0 19
PIT 1 4
PIT 0 12
PIT 1 7
PIT 0 20
PIT 1 5
PIT 0 17
PIT 1 15
PIT 0 3
PIT 1 16
PIT 0 5
PIT 1 13
PIT 0 6
PIT 1 16
GAMEOVER WINNER 1
# Game ended: Fri Apr 01 16:33:04 EDT 2016
