# Server version 0.08 running on wpa146086.wireless.mcgill.ca:8185
# Game ID: 2018
# Board class: hus.HusBoard
# Timeout: 2000
# First Move Timeout: 30000
# Date: Thu Mar 31 14:23:44 EDT 2016
# Player 1: Player-0, '260549558', running on localhost
# Player 2: Player-1, 'RandomHusPlayer', running on localhost
START Player-0 260549558
START Player-1 RandomHusPlayer
PIT 0 22
PIT 1 22
PIT 0 3
PIT 1 21
PIT 0 12
PIT 1 0
PIT 0 0
PIT 1 27
PIT 0 1
PIT 1 24
PIT 0 22
PIT 1 15
PIT 0 3
PIT 1 19
PIT 0 9
PIT 1 21
PIT 0 11
PIT 1 18
PIT 0 28
PIT 1 16
GAMEOVER WINNER 1
# Game ended: Thu Mar 31 14:23:47 EDT 2016
