# Server version 0.08 running on 192.168.0.14:8194
# Game ID: 3295
# Board class: hus.HusBoard
# Timeout: 2000
# First Move Timeout: 30000
# Date: Thu Mar 31 21:27:37 EDT 2016
# Player 1: Player-0, '260549558', running on localhost
# Player 2: Player-1, 'RandomHusPlayer', running on localhost
START Player-0 260549558
START Player-1 RandomHusPlayer
PIT 0 22
PIT 1 14
PIT 0 0
PIT 1 18
PIT 0 19
PIT 1 15
PIT 0 18
PIT 1 12
PIT 0 25
PIT 1 23
PIT 0 13
PIT 1 1
PIT 0 26
PIT 1 20
PIT 0 23
PIT 1 0
PIT 0 0
PIT 1 4
PIT 0 1
GAMEOVER WINNER 0
# Game ended: Thu Mar 31 21:27:39 EDT 2016
