# Server version 0.08 running on localhost:8194
# Game ID: 3547
# Board class: hus.HusBoard
# Timeout: 2000
# First Move Timeout: 30000
# Date: Thu Mar 31 23:02:38 EDT 2016
# Player 1: Player-0, '260549558', running on localhost
# Player 2: Player-1, 'RandomHusPlayer', running on localhost
START Player-0 260549558
START Player-1 RandomHusPlayer
PIT 0 22
PIT 1 8
PIT 0 9
PIT 1 6
PIT 0 24
PIT 1 20
PIT 0 23
PIT 1 14
PIT 0 12
PIT 1 12
PIT 0 7
PIT 1 11
PIT 0 9
PIT 1 22
PIT 0 22
PIT 1 23
PIT 0 17
PIT 1 16
PIT 0 12
PIT 1 1
PIT 0 20
PIT 1 0
PIT 0 22
PIT 1 25
PIT 0 0
GAMEOVER WINNER 0
# Game ended: Thu Mar 31 23:02:41 EDT 2016
