# Server version 0.08 running on localhost:8194
# Game ID: 3621
# Board class: hus.HusBoard
# Timeout: 2000
# First Move Timeout: 30000
# Date: Thu Mar 31 23:09:02 EDT 2016
# Player 1: Player-0, '260549558', running on localhost
# Player 2: Player-1, 'RandomHusPlayer', running on localhost
START Player-0 260549558
START Player-1 RandomHusPlayer
PIT 0 22
PIT 1 11
PIT 0 3
PIT 1 20
PIT 0 16
PIT 1 9
PIT 0 15
PIT 1 1
PIT 0 26
PIT 1 2
PIT 0 10
PIT 1 3
PIT 0 12
PIT 1 15
PIT 0 25
PIT 1 12
PIT 0 15
PIT 1 0
PIT 0 2
PIT 1 4
PIT 0 9
PIT 1 11
PIT 0 6
PIT 1 12
PIT 0 4
PIT 1 17
PIT 0 15
PIT 1 16
PIT 0 0
GAMEOVER WINNER 0
# Game ended: Thu Mar 31 23:09:04 EDT 2016
