# Server version 0.08 running on 192.168.0.10:8317
# Game ID: 8499
# Board class: hus.HusBoard
# Timeout: 2000
# First Move Timeout: 30000
# Date: Wed Apr 06 00:37:41 EDT 2016
# Player 1: Player-0, 'RandomHusPlayer', running on localhost
# Player 2: Player-1, '260549558', running on localhost
START Player-0 RandomHusPlayer
START Player-1 260549558
PIT 0 22
PIT 1 12
PIT 0 19
PIT 1 18
PIT 0 7
PIT 1 13
PIT 0 20
PIT 1 21
PIT 0 14
PIT 1 15
PIT 0 13
PIT 1 19
PIT 0 16
PIT 1 23
PIT 0 19
PIT 1 27
PIT 0 15
PIT 1 28
PIT 0 17
PIT 1 29
PIT 0 23
PIT 1 31
PIT 0 26
PIT 1 30
PIT 0 31
PIT 1 1
PIT 0 27
PIT 1 2
PIT 0 2
PIT 1 7
PIT 0 6
PIT 1 3
PIT 0 1
PIT 1 4
PIT 0 18
PIT 1 12
PIT 0 30
PIT 1 13
PIT 0 24
PIT 1 5
PIT 0 8
GAMEOVER WINNER 0
# Game ended: Wed Apr 06 00:38:00 EDT 2016
