# Server version 0.08 running on 192.168.0.14:8159
# Game ID: 713
# Board class: hus.HusBoard
# Timeout: 2000
# First Move Timeout: 30000
# Date: Tue Mar 29 23:50:22 EDT 2016
# Player 1: Player-0, '260549558', running on localhost
# Player 2: Player-1, 'RandomHusPlayer', running on localhost
START Player-0 260549558
START Player-1 RandomHusPlayer
PIT 0 0
PIT 1 20
PIT 0 21
PIT 1 21
PIT 0 13
PIT 1 23
PIT 0 1
PIT 1 0
PIT 0 10
PIT 1 3
PIT 0 26
PIT 1 16
PIT 0 27
PIT 1 11
GAMEOVER WINNER 1
# Game ended: Tue Mar 29 23:50:24 EDT 2016
