# Server version 0.08 running on wpa146044.wireless.mcgill.ca:8269
# Game ID: 7499
# Board class: hus.HusBoard
# Timeout: 2000
# First Move Timeout: 30000
# Date: Mon Apr 04 14:16:14 EDT 2016
# Player 1: Player-0, '260549558', running on localhost
# Player 2: Player-1, 'RandomHusPlayer', running on localhost
START Player-0 260549558
START Player-1 RandomHusPlayer
PIT 0 22
PIT 1 22
PIT 0 7
PIT 1 1
PIT 0 0
PIT 1 4
PIT 0 1
PIT 1 5
PIT 0 11
PIT 1 21
PIT 0 6
PIT 1 27
PIT 0 19
PIT 1 17
PIT 0 2
PIT 1 19
PIT 0 16
PIT 1 1
PIT 0 23
PIT 1 11
PIT 0 29
PIT 1 12
PIT 0 31
PIT 1 26
PIT 0 24
PIT 1 18
PIT 0 0
PIT 1 2
PIT 0 1
PIT 1 0
PIT 0 4
PIT 1 11
PIT 0 5
PIT 1 1
PIT 0 6
PIT 1 8
PIT 0 7
PIT 1 14
GAMEOVER WINNER 1
# Game ended: Mon Apr 04 14:16:17 EDT 2016
