# Server version 0.08 running on 192.168.0.14:8123
# Game ID: 42
# Board class: hus.HusBoard
# Timeout: 2000
# First Move Timeout: 30000
# Date: Mon Mar 28 22:59:23 EDT 2016
# Player 1: Player-0, '260549558', running on localhost
# Player 2: Player-1, 'RandomHusPlayer', running on localhost
START Player-0 260549558
START Player-1 RandomHusPlayer
PIT 0 0
PIT 1 10
PIT 0 1
PIT 1 2
PIT 0 12
PIT 1 0
PIT 0 3
PIT 1 22
PIT 0 5
PIT 1 9
PIT 0 8
PIT 1 17
PIT 0 13
PIT 1 3
PIT 0 18
PIT 1 1
PIT 0 11
PIT 1 7
PIT 0 19
PIT 1 25
PIT 0 12
PIT 1 22
PIT 0 17
PIT 1 14
PIT 0 13
PIT 1 0
PIT 0 20
PIT 1 20
GAMEOVER WINNER 1
# Game ended: Mon Mar 28 22:59:23 EDT 2016
