# Server version 0.08 running on 192.168.0.10:8339
# Game ID: 9027
# Board class: hus.HusBoard
# Timeout: 2000
# First Move Timeout: 30000
# Date: Wed Apr 06 02:03:42 EDT 2016
# Player 1: Player-0, '260549558', running on localhost
# Player 2: Player-1, 'RandomHusPlayer', running on localhost
START Player-0 260549558
START Player-1 RandomHusPlayer
PIT 0 12
PIT 1 22
PIT 0 19
PIT 1 3
PIT 0 11
PIT 1 16
PIT 0 26
PIT 1 15
PIT 0 9
PIT 1 29
PIT 0 18
PIT 1 1
PIT 0 0
PIT 1 9
PIT 0 5
PIT 1 20
GAMEOVER WINNER 1
# Game ended: Wed Apr 06 02:03:43 EDT 2016
