# Server version 0.08 running on 192.168.0.14:8194
# Game ID: 3309
# Board class: hus.HusBoard
# Timeout: 2000
# First Move Timeout: 30000
# Date: Thu Mar 31 21:28:41 EDT 2016
# Player 1: Player-0, '260549558', running on localhost
# Player 2: Player-1, 'RandomHusPlayer', running on localhost
START Player-0 260549558
START Player-1 RandomHusPlayer
PIT 0 22
PIT 1 13
PIT 0 10
PIT 1 16
PIT 0 16
PIT 1 12
PIT 0 14
PIT 1 19
PIT 0 16
PIT 1 26
PIT 0 15
PIT 1 18
PIT 0 10
PIT 1 28
PIT 0 11
PIT 1 24
PIT 0 15
PIT 1 20
PIT 0 17
PIT 1 23
PIT 0 16
GAMEOVER WINNER 0
# Game ended: Thu Mar 31 21:28:43 EDT 2016
