# Server version 0.08 running on wpa146044.wireless.mcgill.ca:8269
# Game ID: 7531
# Board class: hus.HusBoard
# Timeout: 2000
# First Move Timeout: 30000
# Date: Mon Apr 04 14:24:45 EDT 2016
# Player 1: Player-0, '260549558', running on localhost
# Player 2: Player-1, 'RandomHusPlayer', running on localhost
START Player-0 260549558
START Player-1 RandomHusPlayer
PIT 0 22
PIT 1 22
PIT 0 1
PIT 1 17
PIT 0 7
PIT 1 7
PIT 0 16
PIT 1 4
PIT 0 0
PIT 1 0
GAMEOVER WINNER 1
# Game ended: Mon Apr 04 14:24:47 EDT 2016
