# Server version 0.08 running on 192.168.0.14:8197
# Game ID: 4015
# Board class: hus.HusBoard
# Timeout: 2000
# First Move Timeout: 30000
# Date: Fri Apr 01 00:08:24 EDT 2016
# Player 1: Player-0, 'RandomHusPlayer', running on localhost
# Player 2: Player-1, '260549558', running on localhost
START Player-0 RandomHusPlayer
START Player-1 260549558
PIT 0 22
PIT 1 22
PIT 0 16
PIT 1 4
PIT 0 20
PIT 1 1
PIT 0 3
PIT 1 0
PIT 0 12
PIT 1 11
PIT 0 15
PIT 1 16
PIT 0 13
PIT 1 4
PIT 0 19
PIT 1 25
PIT 0 22
PIT 1 9
PIT 0 16
PIT 1 16
PIT 0 21
PIT 1 17
PIT 0 24
PIT 1 18
PIT 0 7
PIT 1 0
PIT 0 10
PIT 1 1
PIT 0 1
PIT 1 2
GAMEOVER WINNER 1
# Game ended: Fri Apr 01 00:08:28 EDT 2016
