# Server version 0.08 running on web006221.wireless.mcgill.ca:8185
# Game ID: 2170
# Board class: hus.HusBoard
# Timeout: 2000
# First Move Timeout: 30000
# Date: Thu Mar 31 14:50:30 EDT 2016
# Player 1: Player-0, '260549558', running on localhost
# Player 2: Player-1, 'RandomHusPlayer', running on localhost
START Player-0 260549558
START Player-1 RandomHusPlayer
PIT 0 1
PIT 1 23
PIT 0 10
PIT 1 4
PIT 0 2
PIT 1 25
PIT 0 0
PIT 1 16
PIT 0 4
PIT 1 0
PIT 0 6
PIT 1 27
PIT 0 7
PIT 1 23
PIT 0 14
PIT 1 26
PIT 0 8
PIT 1 2
GAMEOVER WINNER 1
# Game ended: Thu Mar 31 14:50:32 EDT 2016
