# Server version 0.08 running on 192.168.0.10:8255
# Game ID: 7025
# Board class: hus.HusBoard
# Timeout: 2000
# First Move Timeout: 30000
# Date: Mon Apr 04 03:06:23 EDT 2016
# Player 1: Player-0, '260549558', running on localhost
# Player 2: Player-1, 'RandomHusPlayer', running on localhost
START Player-0 260549558
START Player-1 RandomHusPlayer
PIT 0 22
PIT 1 22
PIT 0 4
PIT 1 7
PIT 0 23
PIT 1 6
PIT 0 13
PIT 1 2
PIT 0 8
PIT 1 21
PIT 0 29
PIT 1 19
PIT 0 18
PIT 1 17
PIT 0 14
PIT 1 1
PIT 0 10
PIT 1 0
PIT 0 0
PIT 1 22
PIT 0 1
PIT 1 25
PIT 0 2
GAMEOVER WINNER 0
# Game ended: Mon Apr 04 03:06:26 EDT 2016
