# Server version 0.08 running on 192.168.0.14:8223
# Game ID: 4701
# Board class: hus.HusBoard
# Timeout: 2000
# First Move Timeout: 30000
# Date: Fri Apr 01 01:02:23 EDT 2016
# Player 1: Player-0, '260549558', running on localhost
# Player 2: Player-1, 'RandomHusPlayer', running on localhost
START Player-0 260549558
START Player-1 RandomHusPlayer
PIT 0 22
PIT 1 22
PIT 0 4
PIT 1 1
PIT 0 20
PIT 1 5
PIT 0 24
PIT 1 13
PIT 0 26
PIT 1 17
PIT 0 10
PIT 1 0
PIT 0 23
PIT 1 4
PIT 0 18
PIT 1 5
PIT 0 0
PIT 1 20
PIT 0 9
PIT 1 8
PIT 0 17
PIT 1 6
PIT 0 1
PIT 1 21
PIT 0 2
GAMEOVER WINNER 0
# Game ended: Fri Apr 01 01:02:25 EDT 2016
