# Server version 0.08 running on wpa146044.wireless.mcgill.ca:8269
# Game ID: 7551
# Board class: hus.HusBoard
# Timeout: 2000
# First Move Timeout: 30000
# Date: Mon Apr 04 14:25:57 EDT 2016
# Player 1: Player-0, '260549558', running on localhost
# Player 2: Player-1, 'RandomHusPlayer', running on localhost
START Player-0 260549558
START Player-1 RandomHusPlayer
PIT 0 22
PIT 1 22
PIT 0 4
PIT 1 1
PIT 0 16
PIT 1 20
PIT 0 8
PIT 1 18
PIT 0 22
PIT 1 17
PIT 0 1
PIT 1 0
GAMEOVER WINNER 1
# Game ended: Mon Apr 04 14:25:59 EDT 2016
