# Server version 0.08 running on wpa042032.wireless.mcgill.ca:8241
# Game ID: 5825
# Board class: hus.HusBoard
# Timeout: 2000
# First Move Timeout: 30000
# Date: Sat Apr 02 14:49:11 EDT 2016
# Player 1: Player-0, '260549558', running on localhost
# Player 2: Player-1, 'RandomHusPlayer', running on localhost
START Player-0 260549558
START Player-1 RandomHusPlayer
PIT 0 22
PIT 1 23
PIT 0 23
PIT 1 2
PIT 0 4
PIT 1 20
PIT 0 0
PIT 1 22
PIT 0 8
PIT 1 23
PIT 0 22
PIT 1 28
PIT 0 18
PIT 1 24
PIT 0 16
PIT 1 26
PIT 0 23
PIT 1 13
PIT 0 19
PIT 1 18
PIT 0 27
PIT 1 14
PIT 0 3
PIT 1 5
PIT 0 4
PIT 1 19
PIT 0 21
PIT 1 27
GAMEOVER WINNER 1
# Game ended: Sat Apr 02 14:49:17 EDT 2016
