# Server version 0.08 running on 192.168.0.14:8180
# Game ID: 1954
# Board class: hus.HusBoard
# Timeout: 2000
# First Move Timeout: 30000
# Date: Thu Mar 31 01:10:39 EDT 2016
# Player 1: Player-0, '260549558', running on localhost
# Player 2: Player-1, 'RandomHusPlayer', running on localhost
START Player-0 260549558
START Player-1 RandomHusPlayer
PIT 0 22
PIT 1 22
PIT 0 3
PIT 1 21
PIT 0 12
PIT 1 0
PIT 0 16
PIT 1 16
PIT 0 10
PIT 1 12
PIT 0 0
PIT 1 24
PIT 0 17
PIT 1 20
PIT 0 24
PIT 1 13
PIT 0 18
PIT 1 17
PIT 0 14
PIT 1 14
PIT 0 16
PIT 1 20
PIT 0 28
PIT 1 21
PIT 0 25
PIT 1 16
PIT 0 15
PIT 1 22
PIT 0 30
PIT 1 25
PIT 0 17
PIT 1 6
PIT 0 27
PIT 1 24
GAMEOVER WINNER 1
# Game ended: Thu Mar 31 01:10:43 EDT 2016
