# Server version 0.08 running on 192.168.0.14:8159
# Game ID: 731
# Board class: hus.HusBoard
# Timeout: 2000
# First Move Timeout: 30000
# Date: Tue Mar 29 23:51:34 EDT 2016
# Player 1: Player-0, '260549558', running on localhost
# Player 2: Player-1, 'RandomHusPlayer', running on localhost
START Player-0 260549558
START Player-1 RandomHusPlayer
PIT 0 4
PIT 1 20
PIT 0 13
PIT 1 7
PIT 0 14
PIT 1 13
PIT 0 15
PIT 1 24
PIT 0 24
PIT 1 17
PIT 0 7
PIT 1 14
PIT 0 19
PIT 1 15
PIT 0 1
PIT 1 19
PIT 0 0
PIT 1 0
PIT 0 3
PIT 1 16
GAMEOVER WINNER 1
# Game ended: Tue Mar 29 23:51:37 EDT 2016
