# Server version 0.08 running on 192.168.0.14:8223
# Game ID: 4847
# Board class: hus.HusBoard
# Timeout: 2000
# First Move Timeout: 30000
# Date: Fri Apr 01 01:24:51 EDT 2016
# Player 1: Player-0, '260549558', running on localhost
# Player 2: Player-1, 'RandomHusPlayer', running on localhost
START Player-0 260549558
START Player-1 RandomHusPlayer
PIT 0 0
PIT 1 20
PIT 0 13
PIT 1 1
PIT 0 4
PIT 1 8
PIT 0 21
PIT 1 19
PIT 0 12
PIT 1 21
PIT 0 14
PIT 1 10
PIT 0 18
PIT 1 13
PIT 0 20
PIT 1 15
PIT 0 19
PIT 1 19
PIT 0 25
PIT 1 25
PIT 0 7
PIT 1 16
PIT 0 17
PIT 1 21
PIT 0 11
PIT 1 7
PIT 0 14
PIT 1 28
PIT 0 26
PIT 1 27
PIT 0 18
PIT 1 30
PIT 0 20
PIT 1 1
PIT 0 12
PIT 1 2
PIT 0 17
PIT 1 24
PIT 0 0
GAMEOVER WINNER 0
# Game ended: Fri Apr 01 01:25:00 EDT 2016
