# Server version 0.08 running on localhost:8194
# Game ID: 3522
# Board class: hus.HusBoard
# Timeout: 2000
# First Move Timeout: 30000
# Date: Thu Mar 31 23:00:47 EDT 2016
# Player 1: Player-0, 'RandomHusPlayer', running on localhost
# Player 2: Player-1, '260549558', running on localhost
START Player-0 RandomHusPlayer
START Player-1 260549558
PIT 0 22
PIT 1 22
PIT 0 3
PIT 1 12
PIT 0 2
PIT 1 18
PIT 0 10
PIT 1 21
PIT 0 23
PIT 1 29
PIT 0 21
PIT 1 20
PIT 0 24
PIT 1 6
PIT 0 26
PIT 1 15
PIT 0 0
PIT 1 0
PIT 0 1
PIT 1 1
PIT 0 2
PIT 1 3
PIT 0 3
PIT 1 18
GAMEOVER WINNER 1
# Game ended: Thu Mar 31 23:00:51 EDT 2016
