# Server version 0.08 running on 192.168.0.10:8339
# Game ID: 8995
# Board class: hus.HusBoard
# Timeout: 2000
# First Move Timeout: 30000
# Date: Wed Apr 06 02:02:49 EDT 2016
# Player 1: Player-0, '260549558', running on localhost
# Player 2: Player-1, 'RandomHusPlayer', running on localhost
START Player-0 260549558
START Player-1 RandomHusPlayer
PIT 0 12
PIT 1 22
PIT 0 13
PIT 1 21
PIT 0 1
PIT 1 24
PIT 0 0
PIT 1 10
PIT 0 19
PIT 1 22
PIT 0 22
PIT 1 27
PIT 0 15
PIT 1 8
PIT 0 4
PIT 1 26
PIT 0 7
PIT 1 5
GAMEOVER WINNER 1
# Game ended: Wed Apr 06 02:02:50 EDT 2016
