# Server version 0.08 running on 192.168.0.14:8190
# Game ID: 3197
# Board class: hus.HusBoard
# Timeout: 2000
# First Move Timeout: 30000
# Date: Thu Mar 31 20:55:53 EDT 2016
# Player 1: Player-0, '260549558', running on localhost
# Player 2: Player-1, 'RandomHusPlayer', running on localhost
START Player-0 260549558
START Player-1 RandomHusPlayer
PIT 0 22
PIT 1 22
PIT 0 3
PIT 1 21
PIT 0 12
PIT 1 0
PIT 0 26
PIT 1 10
PIT 0 18
PIT 1 27
PIT 0 8
PIT 1 3
PIT 0 14
PIT 1 6
PIT 0 1
PIT 1 12
PIT 0 28
PIT 1 10
PIT 0 0
PIT 1 13
PIT 0 1
PIT 1 14
PIT 0 1
PIT 1 15
PIT 0 2
PIT 1 16
PIT 0 3
PIT 1 17
PIT 0 5
PIT 1 18
PIT 0 6
PIT 1 19
PIT 0 7
GAMEOVER WINNER 0
# Game ended: Thu Mar 31 20:55:56 EDT 2016
