# Server version 0.08 running on localhost:8194
# Game ID: 3407
# Board class: hus.HusBoard
# Timeout: 2000
# First Move Timeout: 30000
# Date: Thu Mar 31 22:49:23 EDT 2016
# Player 1: Player-0, '260549558', running on localhost
# Player 2: Player-1, 'RandomHusPlayer', running on localhost
START Player-0 260549558
START Player-1 RandomHusPlayer
PIT 0 22
PIT 1 22
PIT 0 4
PIT 1 19
PIT 0 13
PIT 1 21
PIT 0 14
PIT 1 10
PIT 0 18
PIT 1 20
PIT 0 15
PIT 1 7
PIT 0 16
PIT 1 16
PIT 0 23
PIT 1 17
PIT 0 25
PIT 1 31
PIT 0 17
PIT 1 27
PIT 0 20
PIT 1 28
PIT 0 25
PIT 1 0
PIT 0 9
PIT 1 29
PIT 0 2
PIT 1 1
PIT 0 0
PIT 1 2
PIT 0 3
PIT 1 4
PIT 0 4
PIT 1 14
PIT 0 5
GAMEOVER WINNER 0
# Game ended: Thu Mar 31 22:49:27 EDT 2016
