# Server version 0.08 running on 192.168.0.14:8159
# Game ID: 787
# Board class: hus.HusBoard
# Timeout: 2000
# First Move Timeout: 30000
# Date: Tue Mar 29 23:55:25 EDT 2016
# Player 1: Player-0, '260549558', running on localhost
# Player 2: Player-1, 'RandomHusPlayer', running on localhost
START Player-0 260549558
START Player-1 RandomHusPlayer
PIT 0 0
PIT 1 20
PIT 0 7
PIT 1 5
PIT 0 1
PIT 1 18
PIT 0 3
PIT 1 20
PIT 0 18
PIT 1 29
PIT 0 21
PIT 1 14
PIT 0 23
PIT 1 15
PIT 0 22
PIT 1 6
PIT 0 13
PIT 1 18
PIT 0 25
PIT 1 12
PIT 0 14
PIT 1 10
GAMEOVER WINNER 1
# Game ended: Tue Mar 29 23:55:27 EDT 2016
