# Server version 0.08 running on 192.168.0.10:8441
# Game ID: 10960
# Board class: hus.HusBoard
# Timeout: 2000
# First Move Timeout: 30000
# Date: Wed Apr 06 09:29:14 EDT 2016
# Player 1: Player-0, '260549558', running on localhost
# Player 2: Player-1, 'RandomHusPlayer', running on localhost
START Player-0 260549558
START Player-1 RandomHusPlayer
PIT 0 22
PIT 1 22
PIT 0 3
PIT 1 21
PIT 0 18
PIT 1 23
PIT 0 23
PIT 1 19
PIT 0 24
PIT 1 14
PIT 0 13
PIT 1 16
PIT 0 21
PIT 1 11
PIT 0 25
PIT 1 12
PIT 0 16
PIT 1 13
PIT 0 15
PIT 1 17
PIT 0 29
PIT 1 10
PIT 0 20
PIT 1 24
PIT 0 18
PIT 1 21
PIT 0 30
PIT 1 5
GAMEOVER WINNER 1
# Game ended: Wed Apr 06 09:29:16 EDT 2016
