# Server version 0.08 running on wpa042032.wireless.mcgill.ca:8241
# Game ID: 5874
# Board class: hus.HusBoard
# Timeout: 2000
# First Move Timeout: 30000
# Date: Sat Apr 02 14:56:41 EDT 2016
# Player 1: Player-0, '260549558', running on localhost
# Player 2: Player-1, 'RandomHusPlayer', running on localhost
START Player-0 260549558
START Player-1 RandomHusPlayer
PIT 0 22
PIT 1 23
PIT 0 17
PIT 1 2
PIT 0 15
PIT 1 20
PIT 0 16
PIT 1 15
PIT 0 20
PIT 1 27
PIT 0 12
PIT 1 24
PIT 0 0
PIT 1 25
PIT 0 6
PIT 1 19
PIT 0 1
PIT 1 22
PIT 0 3
PIT 1 27
PIT 0 5
PIT 1 24
PIT 0 6
PIT 1 23
PIT 0 8
PIT 1 22
PIT 0 7
PIT 1 17
GAMEOVER WINNER 1
# Game ended: Sat Apr 02 14:56:48 EDT 2016
