# Server version 0.08 running on 192.168.0.10:8441
# Game ID: 10780
# Board class: hus.HusBoard
# Timeout: 2000
# First Move Timeout: 30000
# Date: Wed Apr 06 09:18:49 EDT 2016
# Player 1: Player-0, '260549558', running on localhost
# Player 2: Player-1, 'RandomHusPlayer', running on localhost
START Player-0 260549558
START Player-1 RandomHusPlayer
PIT 0 22
PIT 1 22
PIT 0 2
PIT 1 21
PIT 0 14
PIT 1 6
PIT 0 17
PIT 1 18
PIT 0 18
PIT 1 12
PIT 0 6
PIT 1 13
PIT 0 0
PIT 1 14
GAMEOVER WINNER 1
# Game ended: Wed Apr 06 09:18:51 EDT 2016
