# Server version 0.08 running on wpa042022.wireless.mcgill.ca:8185
# Game ID: 7936
# Board class: hus.HusBoard
# Timeout: 2000
# First Move Timeout: 30000
# Date: Mon Apr 04 19:03:56 EDT 2016
# Player 1: Player-0, '260549558', running on localhost
# Player 2: Player-1, 'RandomHusPlayer', running on localhost
START Player-0 260549558
START Player-1 RandomHusPlayer
PIT 0 11
PIT 1 22
PIT 0 6
PIT 1 10
PIT 0 18
PIT 1 16
PIT 0 24
PIT 1 14
PIT 0 27
PIT 1 27
PIT 0 28
PIT 1 11
PIT 0 29
PIT 1 30
PIT 0 3
PIT 1 9
PIT 0 4
PIT 1 10
PIT 0 2
PIT 1 24
PIT 0 15
PIT 1 19
PIT 0 7
PIT 1 30
PIT 0 14
PIT 1 28
PIT 0 8
PIT 1 27
PIT 0 9
PIT 1 1
PIT 0 17
PIT 1 1
PIT 0 10
PIT 1 2
PIT 0 11
PIT 1 3
GAMEOVER WINNER 1
# Game ended: Mon Apr 04 19:04:11 EDT 2016
