# Server version 0.08 running on 192.168.0.14:8159
# Game ID: 636
# Board class: hus.HusBoard
# Timeout: 2000
# First Move Timeout: 30000
# Date: Tue Mar 29 23:44:21 EDT 2016
# Player 1: Player-0, '260549558', running on localhost
# Player 2: Player-1, 'RandomHusPlayer', running on localhost
START Player-0 260549558
START Player-1 RandomHusPlayer
PIT 0 22
PIT 1 12
PIT 0 23
PIT 1 18
PIT 0 0
PIT 1 19
PIT 0 17
PIT 1 27
PIT 0 15
PIT 1 6
PIT 0 4
PIT 1 25
PIT 0 8
PIT 1 3
PIT 0 3
PIT 1 23
PIT 0 5
PIT 1 17
PIT 0 6
PIT 1 0
PIT 0 7
PIT 1 2
PIT 0 8
PIT 1 24
PIT 0 1
PIT 1 0
PIT 0 9
PIT 1 1
GAMEOVER WINNER 1
# Game ended: Tue Mar 29 23:44:26 EDT 2016
