# Server version 0.08 running on wpa146022.wireless.mcgill.ca:8228
# Game ID: 5214
# Board class: hus.HusBoard
# Timeout: 2000
# First Move Timeout: 30000
# Date: Fri Apr 01 16:10:33 EDT 2016
# Player 1: Player-0, '260549558', running on localhost
# Player 2: Player-1, 'RandomHusPlayer', running on localhost
START Player-0 260549558
START Player-1 RandomHusPlayer
PIT 0 22
PIT 1 22
PIT 0 4
PIT 1 10
PIT 0 16
PIT 1 18
PIT 0 3
PIT 1 23
PIT 0 0
PIT 1 17
PIT 0 24
PIT 1 16
PIT 0 2
PIT 1 18
PIT 0 7
PIT 1 4
PIT 0 13
PIT 1 13
PIT 0 14
PIT 1 26
GAMEOVER WINNER 1
# Game ended: Fri Apr 01 16:10:36 EDT 2016
