# Server version 0.08 running on wpa146044.wireless.mcgill.ca:8269
# Game ID: 7581
# Board class: hus.HusBoard
# Timeout: 2000
# First Move Timeout: 30000
# Date: Mon Apr 04 14:27:45 EDT 2016
# Player 1: Player-0, '260549558', running on localhost
# Player 2: Player-1, 'RandomHusPlayer', running on localhost
START Player-0 260549558
START Player-1 RandomHusPlayer
PIT 0 22
PIT 1 22
PIT 0 4
PIT 1 1
PIT 0 24
PIT 1 13
PIT 0 3
PIT 1 25
PIT 0 1
PIT 1 26
PIT 0 10
PIT 1 28
PIT 0 17
PIT 1 27
PIT 0 14
PIT 1 21
PIT 0 0
PIT 1 17
PIT 0 18
PIT 1 13
PIT 0 21
PIT 1 0
PIT 0 26
PIT 1 7
GAMEOVER WINNER 1
# Game ended: Mon Apr 04 14:27:47 EDT 2016
