# Server version 0.08 running on 192.168.0.10:8323
# Game ID: 8559
# Board class: hus.HusBoard
# Timeout: 2000
# First Move Timeout: 30000
# Date: Wed Apr 06 01:06:07 EDT 2016
# Player 1: Player-0, '260549558', running on localhost
# Player 2: Player-1, 'RandomHusPlayer', running on localhost
START Player-0 260549558
START Player-1 RandomHusPlayer
PIT 0 0
PIT 1 20
PIT 0 15
PIT 1 7
PIT 0 6
PIT 1 23
PIT 0 10
PIT 1 14
PIT 0 12
PIT 1 16
PIT 0 17
PIT 1 21
PIT 0 1
PIT 1 1
PIT 0 21
PIT 1 11
PIT 0 19
PIT 1 12
PIT 0 24
PIT 1 4
PIT 0 25
PIT 1 13
PIT 0 26
PIT 1 15
PIT 0 30
PIT 1 14
GAMEOVER WINNER 1
# Game ended: Wed Apr 06 01:06:38 EDT 2016
