# Server version 0.08 running on wpa146044.wireless.mcgill.ca:8269
# Game ID: 7547
# Board class: hus.HusBoard
# Timeout: 2000
# First Move Timeout: 30000
# Date: Mon Apr 04 14:25:43 EDT 2016
# Player 1: Player-0, '260549558', running on localhost
# Player 2: Player-1, 'RandomHusPlayer', running on localhost
START Player-0 260549558
START Player-1 RandomHusPlayer
PIT 0 22
PIT 1 22
PIT 0 4
PIT 1 1
PIT 0 7
PIT 1 16
PIT 0 20
PIT 1 5
PIT 0 23
PIT 1 23
PIT 0 13
PIT 1 13
PIT 0 22
PIT 1 4
PIT 0 16
PIT 1 24
PIT 0 25
PIT 1 12
PIT 0 26
PIT 1 15
PIT 0 15
PIT 1 2
PIT 0 24
PIT 1 5
GAMEOVER WINNER 1
# Game ended: Mon Apr 04 14:25:46 EDT 2016
