# Server version 0.08 running on wpa146044.wireless.mcgill.ca:8269
# Game ID: 7573
# Board class: hus.HusBoard
# Timeout: 2000
# First Move Timeout: 30000
# Date: Mon Apr 04 14:27:16 EDT 2016
# Player 1: Player-0, '260549558', running on localhost
# Player 2: Player-1, 'RandomHusPlayer', running on localhost
START Player-0 260549558
START Player-1 RandomHusPlayer
PIT 0 22
PIT 1 22
PIT 0 6
PIT 1 21
PIT 0 12
PIT 1 0
PIT 0 16
PIT 1 24
PIT 0 20
PIT 1 15
PIT 0 17
PIT 1 20
PIT 0 19
PIT 1 13
PIT 0 1
PIT 1 16
PIT 0 21
PIT 1 18
PIT 0 29
PIT 1 12
GAMEOVER WINNER 1
# Game ended: Mon Apr 04 14:27:18 EDT 2016
