# Server version 0.08 running on web006221.wireless.mcgill.ca:8185
# Game ID: 2090
# Board class: hus.HusBoard
# Timeout: 2000
# First Move Timeout: 30000
# Date: Thu Mar 31 14:43:19 EDT 2016
# Player 1: Player-0, '260549558', running on localhost
# Player 2: Player-1, 'RandomHusPlayer', running on localhost
START Player-0 260549558
START Player-1 RandomHusPlayer
PIT 0 8
PIT 1 5
PIT 0 17
PIT 1 11
PIT 0 21
PIT 1 15
PIT 0 18
PIT 1 19
PIT 0 22
PIT 1 18
PIT 0 27
PIT 1 8
PIT 0 5
PIT 1 13
PIT 0 4
PIT 1 23
PIT 0 14
PIT 1 22
PIT 0 16
PIT 1 14
PIT 0 18
PIT 1 16
PIT 0 10
PIT 1 23
PIT 0 2
PIT 1 2
PIT 0 29
PIT 1 8
PIT 0 20
PIT 1 16
GAMEOVER WINNER 1
# Game ended: Thu Mar 31 14:43:22 EDT 2016
