# Server version 0.08 running on 192.168.0.10:8324
# Game ID: 8563
# Board class: hus.HusBoard
# Timeout: 2000
# First Move Timeout: 30000
# Date: Wed Apr 06 01:08:22 EDT 2016
# Player 1: Player-0, '260549558', running on localhost
# Player 2: Player-1, 'RandomHusPlayer', running on localhost
START Player-0 260549558
START Player-1 RandomHusPlayer
PIT 0 0
PIT 1 20
PIT 0 15
PIT 1 7
PIT 0 6
PIT 1 23
PIT 0 16
PIT 1 13
PIT 0 18
PIT 1 8
PIT 0 3
PIT 1 14
PIT 0 21
PIT 1 16
PIT 0 20
PIT 1 19
PIT 0 22
PIT 1 17
PIT 0 25
PIT 1 18
PIT 0 28
PIT 1 23
PIT 0 26
PIT 1 1
PIT 0 0
PIT 1 13
PIT 0 1
PIT 1 14
PIT 0 2
PIT 1 17
PIT 0 30
PIT 1 20
GAMEOVER WINNER 1
# Game ended: Wed Apr 06 01:08:54 EDT 2016
