# Server version 0.08 running on 192.168.0.14:8223
# Game ID: 4745
# Board class: hus.HusBoard
# Timeout: 2000
# First Move Timeout: 30000
# Date: Fri Apr 01 01:05:43 EDT 2016
# Player 1: Player-0, '260549558', running on localhost
# Player 2: Player-1, 'RandomHusPlayer', running on localhost
START Player-0 260549558
START Player-1 RandomHusPlayer
PIT 0 0
PIT 1 20
PIT 0 7
PIT 1 5
PIT 0 22
PIT 1 18
PIT 0 4
PIT 1 20
PIT 0 16
PIT 1 22
PIT 0 9
PIT 1 24
PIT 0 11
PIT 1 21
PIT 0 1
PIT 1 29
PIT 0 14
PIT 1 1
PIT 0 17
PIT 1 2
GAMEOVER WINNER 1
# Game ended: Fri Apr 01 01:05:51 EDT 2016
