# Server version 0.08 running on 192.168.0.10:8317
# Game ID: 8501
# Board class: hus.HusBoard
# Timeout: 2000
# First Move Timeout: 30000
# Date: Wed Apr 06 00:38:15 EDT 2016
# Player 1: Player-0, 'RandomHusPlayer', running on localhost
# Player 2: Player-1, '260549558', running on localhost
START Player-0 RandomHusPlayer
START Player-1 260549558
PIT 0 22
PIT 1 4
PIT 0 19
PIT 1 16
PIT 0 24
PIT 1 20
PIT 0 16
PIT 1 22
PIT 0 15
PIT 1 24
PIT 0 0
PIT 1 19
PIT 0 16
PIT 1 7
PIT 0 15
GAMEOVER WINNER 0
# Game ended: Wed Apr 06 00:38:21 EDT 2016
