# Server version 0.08 running on wpa146044.wireless.mcgill.ca:8265
# Game ID: 7214
# Board class: hus.HusBoard
# Timeout: 2000
# First Move Timeout: 30000
# Date: Mon Apr 04 13:55:54 EDT 2016
# Player 1: Player-0, '260549558', running on localhost
# Player 2: Player-1, 'RandomHusPlayer', running on localhost
START Player-0 260549558
START Player-1 RandomHusPlayer
PIT 0 22
PIT 1 22
PIT 0 1
PIT 1 17
PIT 0 10
PIT 1 10
PIT 0 16
PIT 1 28
PIT 0 18
PIT 1 14
PIT 0 23
PIT 1 13
PIT 0 11
PIT 1 24
PIT 0 24
PIT 1 2
PIT 0 27
PIT 1 17
GAMEOVER WINNER 1
# Game ended: Mon Apr 04 13:55:57 EDT 2016
