# Server version 0.08 running on localhost:8123
# Game ID: 3823
# Board class: hus.HusBoard
# Timeout: 300000
# First Move Timeout: 30000
# Date: Thu Mar 31 23:40:57 EDT 2016
# Player 1: Player-0, '260549558', running on localhost
# Player 2: Player-1, 'Human', running on localhost
START Player-0 260549558
START Player-1 Human
PIT 0 22
PIT 1 21
PIT 0 4
PIT 1 20
PIT 0 3
PIT 1 22
PIT 0 10
PIT 1 11
PIT 0 20
PIT 1 12
PIT 0 26
PIT 1 19
PIT 0 14
PIT 1 20
PIT 0 9
GAMEOVER USER CANCEL UNDECIDED
# Game ended: Thu Mar 31 23:42:55 EDT 2016
