# Server version 0.08 running on wpa042032.wireless.mcgill.ca:8249
# Game ID: 6441
# Board class: hus.HusBoard
# Timeout: 2000
# First Move Timeout: 30000
# Date: Sat Apr 02 17:13:18 EDT 2016
# Player 1: Player-0, '260549558', running on localhost
# Player 2: Player-1, 'RandomHusPlayer', running on localhost
START Player-0 260549558
START Player-1 RandomHusPlayer
PIT 0 19
PIT 1 23
PIT 0 22
PIT 1 19
PIT 0 0
PIT 1 6
PIT 0 9
PIT 1 12
PIT 0 10
PIT 1 16
PIT 0 12
PIT 1 23
PIT 0 1
PIT 1 22
PIT 0 3
PIT 1 27
PIT 0 6
PIT 1 21
PIT 0 5
PIT 1 1
PIT 0 14
PIT 1 0
PIT 0 12
PIT 1 28
PIT 0 13
PIT 1 10
GAMEOVER WINNER 1
# Game ended: Sat Apr 02 17:13:23 EDT 2016
