# Server version 0.08 running on 192.168.0.14:8197
# Game ID: 3866
# Board class: hus.HusBoard
# Timeout: 2000
# First Move Timeout: 30000
# Date: Thu Mar 31 23:56:58 EDT 2016
# Player 1: Player-0, '260549558', running on localhost
# Player 2: Player-1, 'RandomHusPlayer', running on localhost
START Player-0 260549558
START Player-1 RandomHusPlayer
PIT 0 22
PIT 1 8
PIT 0 9
PIT 1 6
PIT 0 24
PIT 1 20
PIT 0 23
PIT 1 14
PIT 0 16
PIT 1 12
PIT 0 15
PIT 1 11
PIT 0 22
PIT 1 28
PIT 0 10
PIT 1 16
PIT 0 20
PIT 1 0
PIT 0 1
PIT 1 25
PIT 0 4
PIT 1 29
PIT 0 5
PIT 1 26
PIT 0 6
PIT 1 27
PIT 0 7
GAMEOVER WINNER 0
# Game ended: Thu Mar 31 23:57:02 EDT 2016
