# Server version 0.08 running on wpa146044.wireless.mcgill.ca:8269
# Game ID: 7555
# Board class: hus.HusBoard
# Timeout: 2000
# First Move Timeout: 30000
# Date: Mon Apr 04 14:26:11 EDT 2016
# Player 1: Player-0, '260549558', running on localhost
# Player 2: Player-1, 'RandomHusPlayer', running on localhost
START Player-0 260549558
START Player-1 RandomHusPlayer
PIT 0 22
PIT 1 22
PIT 0 7
PIT 1 1
PIT 0 6
PIT 1 4
PIT 0 19
PIT 1 19
PIT 0 28
PIT 1 18
PIT 0 13
PIT 1 16
PIT 0 16
PIT 1 3
PIT 0 27
PIT 1 10
PIT 0 31
PIT 1 17
PIT 0 29
PIT 1 23
PIT 0 22
PIT 1 12
PIT 0 5
PIT 1 16
GAMEOVER WINNER 1
# Game ended: Mon Apr 04 14:26:13 EDT 2016
