# Server version 0.08 running on wpa146022.wireless.mcgill.ca:8226
# Game ID: 4882
# Board class: hus.HusBoard
# Timeout: 2000
# First Move Timeout: 30000
# Date: Fri Apr 01 15:34:55 EDT 2016
# Player 1: Player-0, '260549558', running on localhost
# Player 2: Player-1, 'RandomHusPlayer', running on localhost
START Player-0 260549558
START Player-1 RandomHusPlayer
PIT 0 0
PIT 1 20
PIT 0 6
PIT 1 7
PIT 0 18
PIT 1 1
PIT 0 15
PIT 1 21
PIT 0 3
PIT 1 19
PIT 0 1
PIT 1 17
PIT 0 16
PIT 1 16
PIT 0 24
PIT 1 30
PIT 0 7
PIT 1 23
PIT 0 9
PIT 1 1
PIT 0 10
PIT 1 18
PIT 0 11
PIT 1 2
GAMEOVER WINNER 1
# Game ended: Fri Apr 01 15:35:02 EDT 2016
