# Server version 0.08 running on 192.168.0.10:8329
# Game ID: 8619
# Board class: hus.HusBoard
# Timeout: 2000
# First Move Timeout: 30000
# Date: Wed Apr 06 01:25:21 EDT 2016
# Player 1: Player-0, '260549558', running on localhost
# Player 2: Player-1, 'RandomHusPlayer', running on localhost
START Player-0 260549558
START Player-1 RandomHusPlayer
PIT 0 3
PIT 1 21
PIT 0 16
PIT 1 14
PIT 0 2
PIT 1 17
PIT 0 9
PIT 1 9
PIT 0 22
PIT 1 5
PIT 0 0
PIT 1 19
PIT 0 1
PIT 1 1
GAMEOVER WINNER 1
# Game ended: Wed Apr 06 01:25:22 EDT 2016
