# Server version 0.08 running on wpa146022.wireless.mcgill.ca:8228
# Game ID: 5245
# Board class: hus.HusBoard
# Timeout: 2000
# First Move Timeout: 30000
# Date: Fri Apr 01 16:12:34 EDT 2016
# Player 1: Player-0, 'RandomHusPlayer', running on localhost
# Player 2: Player-1, '260549558', running on localhost
START Player-0 RandomHusPlayer
START Player-1 260549558
PIT 0 22
PIT 1 22
PIT 0 4
PIT 1 7
PIT 0 19
PIT 1 21
PIT 0 24
PIT 1 16
PIT 0 26
PIT 1 5
PIT 0 13
PIT 1 14
PIT 0 25
PIT 1 22
PIT 0 30
PIT 1 23
PIT 0 3
PIT 1 24
PIT 0 7
PIT 1 0
PIT 0 1
PIT 1 2
GAMEOVER WINNER 1
# Game ended: Fri Apr 01 16:12:36 EDT 2016
