# Server version 0.08 running on 192.168.0.14:8190
# Game ID: 2961
# Board class: hus.HusBoard
# Timeout: 2000
# First Move Timeout: 30000
# Date: Thu Mar 31 20:37:30 EDT 2016
# Player 1: Player-0, '260549558', running on localhost
# Player 2: Player-1, 'RandomHusPlayer', running on localhost
START Player-0 260549558
START Player-1 RandomHusPlayer
PIT 0 22
PIT 1 22
PIT 0 3
PIT 1 21
PIT 0 12
PIT 1 20
PIT 0 16
PIT 1 11
PIT 0 6
PIT 1 15
PIT 0 20
PIT 1 14
PIT 0 23
PIT 1 21
PIT 0 16
PIT 1 1
PIT 0 14
PIT 1 27
PIT 0 17
PIT 1 10
PIT 0 0
GAMEOVER WINNER 0
# Game ended: Thu Mar 31 20:37:34 EDT 2016
