# Server version 0.08 running on 192.168.0.10:8255
# Game ID: 7007
# Board class: hus.HusBoard
# Timeout: 2000
# First Move Timeout: 30000
# Date: Mon Apr 04 03:05:14 EDT 2016
# Player 1: Player-0, '260549558', running on localhost
# Player 2: Player-1, 'RandomHusPlayer', running on localhost
START Player-0 260549558
START Player-1 RandomHusPlayer
PIT 0 22
PIT 1 22
PIT 0 4
PIT 1 7
PIT 0 23
PIT 1 10
PIT 0 13
PIT 1 16
PIT 0 11
PIT 1 19
PIT 0 19
PIT 1 5
PIT 0 24
PIT 1 4
PIT 0 18
PIT 1 0
PIT 0 23
PIT 1 1
PIT 0 7
PIT 1 5
PIT 0 16
PIT 1 3
PIT 0 0
GAMEOVER WINNER 0
# Game ended: Mon Apr 04 03:05:17 EDT 2016
