# Server version 0.08 running on localhost:8194
# Game ID: 3637
# Board class: hus.HusBoard
# Timeout: 2000
# First Move Timeout: 30000
# Date: Thu Mar 31 23:10:21 EDT 2016
# Player 1: Player-0, '260549558', running on localhost
# Player 2: Player-1, 'RandomHusPlayer', running on localhost
START Player-0 260549558
START Player-1 RandomHusPlayer
PIT 0 22
PIT 1 22
PIT 0 4
PIT 1 2
PIT 0 16
PIT 1 19
PIT 0 23
PIT 1 18
PIT 0 7
PIT 1 12
PIT 0 13
PIT 1 20
PIT 0 19
PIT 1 22
PIT 0 15
PIT 1 24
PIT 0 18
PIT 1 31
PIT 0 19
PIT 1 28
PIT 0 5
PIT 1 1
PIT 0 15
PIT 1 5
PIT 0 23
PIT 1 6
PIT 0 13
PIT 1 7
PIT 0 0
PIT 1 8
PIT 0 1
PIT 1 9
PIT 0 19
GAMEOVER WINNER 0
# Game ended: Thu Mar 31 23:10:24 EDT 2016
