# Server version 0.08 running on web006221.wireless.mcgill.ca:8185
# Game ID: 2125
# Board class: hus.HusBoard
# Timeout: 2000
# First Move Timeout: 30000
# Date: Thu Mar 31 14:45:58 EDT 2016
# Player 1: Player-0, '260549558', running on localhost
# Player 2: Player-1, 'RandomHusPlayer', running on localhost
START Player-0 260549558
START Player-1 RandomHusPlayer
PIT 0 0
PIT 1 20
PIT 0 1
PIT 1 7
PIT 0 13
PIT 1 13
PIT 0 15
PIT 1 24
PIT 0 18
PIT 1 14
PIT 0 3
PIT 1 31
PIT 0 19
PIT 1 18
PIT 0 20
PIT 1 3
PIT 0 21
PIT 1 23
GAMEOVER WINNER 1
# Game ended: Thu Mar 31 14:46:00 EDT 2016
