# Server version 0.08 running on wpa146044.wireless.mcgill.ca:8265
# Game ID: 7228
# Board class: hus.HusBoard
# Timeout: 2000
# First Move Timeout: 30000
# Date: Mon Apr 04 13:56:50 EDT 2016
# Player 1: Player-0, '260549558', running on localhost
# Player 2: Player-1, 'RandomHusPlayer', running on localhost
START Player-0 260549558
START Player-1 RandomHusPlayer
PIT 0 22
PIT 1 22
PIT 0 9
PIT 1 0
PIT 0 6
PIT 1 18
PIT 0 19
PIT 1 13
PIT 0 18
PIT 1 22
PIT 0 12
PIT 1 21
PIT 0 27
PIT 1 25
PIT 0 29
PIT 1 15
PIT 0 24
PIT 1 12
PIT 0 20
PIT 1 18
PIT 0 13
PIT 1 22
PIT 0 22
PIT 1 15
PIT 0 24
PIT 1 14
PIT 0 27
PIT 1 16
PIT 0 25
PIT 1 18
GAMEOVER WINNER 1
# Game ended: Mon Apr 04 13:56:53 EDT 2016
