# Server version 0.08 running on 192.168.0.10:8324
# Game ID: 8561
# Board class: hus.HusBoard
# Timeout: 2000
# First Move Timeout: 30000
# Date: Wed Apr 06 01:07:42 EDT 2016
# Player 1: Player-0, '260549558', running on localhost
# Player 2: Player-1, 'RandomHusPlayer', running on localhost
START Player-0 260549558
START Player-1 RandomHusPlayer
PIT 0 4
PIT 1 23
PIT 0 16
PIT 1 1
PIT 0 17
PIT 1 20
PIT 0 21
PIT 1 19
PIT 0 28
PIT 1 13
PIT 0 2
PIT 1 16
PIT 0 3
PIT 1 19
PIT 0 29
PIT 1 6
PIT 0 10
PIT 1 25
PIT 0 11
PIT 1 8
PIT 0 23
PIT 1 12
GAMEOVER WINNER 1
# Game ended: Wed Apr 06 01:07:50 EDT 2016
