# Server version 0.08 running on 192.168.0.14:8154
# Game ID: 431
# Board class: hus.HusBoard
# Timeout: 2000
# First Move Timeout: 30000
# Date: Tue Mar 29 23:25:28 EDT 2016
# Player 1: Player-0, '260549558', running on localhost
# Player 2: Player-1, 'RandomHusPlayer', running on localhost
START Player-0 260549558
START Player-1 RandomHusPlayer
PIT 0 1
PIT 1 22
PIT 0 22
PIT 1 1
PIT 0 17
PIT 1 13
PIT 0 13
PIT 1 7
PIT 0 24
PIT 1 18
PIT 0 27
PIT 1 9
PIT 0 14
PIT 1 3
PIT 0 17
PIT 1 15
PIT 0 2
PIT 1 0
PIT 0 7
PIT 1 22
GAMEOVER WINNER 1
# Game ended: Tue Mar 29 23:25:31 EDT 2016
