# Server version 0.08 running on wpa146044.wireless.mcgill.ca:8265
# Game ID: 7314
# Board class: hus.HusBoard
# Timeout: 2000
# First Move Timeout: 30000
# Date: Mon Apr 04 14:02:41 EDT 2016
# Player 1: Player-0, '260549558', running on localhost
# Player 2: Player-1, 'RandomHusPlayer', running on localhost
START Player-0 260549558
START Player-1 RandomHusPlayer
PIT 0 22
PIT 1 22
PIT 0 4
PIT 1 1
PIT 0 0
PIT 1 16
PIT 0 10
PIT 1 23
PIT 0 14
PIT 1 21
PIT 0 23
PIT 1 10
PIT 0 18
PIT 1 14
PIT 0 8
PIT 1 0
PIT 0 28
PIT 1 1
PIT 0 27
PIT 1 4
PIT 0 30
PIT 1 3
GAMEOVER WINNER 1
# Game ended: Mon Apr 04 14:02:43 EDT 2016
