# Server version 0.08 running on 192.168.0.10:8339
# Game ID: 9015
# Board class: hus.HusBoard
# Timeout: 2000
# First Move Timeout: 30000
# Date: Wed Apr 06 02:03:22 EDT 2016
# Player 1: Player-0, '260549558', running on localhost
# Player 2: Player-1, 'RandomHusPlayer', running on localhost
START Player-0 260549558
START Player-1 RandomHusPlayer
PIT 0 7
PIT 1 23
PIT 0 23
PIT 1 20
PIT 0 14
PIT 1 16
PIT 0 16
PIT 1 25
PIT 0 1
PIT 1 23
PIT 0 2
PIT 1 4
PIT 0 0
PIT 1 5
PIT 0 8
PIT 1 25
PIT 0 24
PIT 1 11
PIT 0 4
PIT 1 16
PIT 0 7
PIT 1 24
PIT 0 10
PIT 1 12
PIT 0 13
PIT 1 22
GAMEOVER WINNER 1
# Game ended: Wed Apr 06 02:03:23 EDT 2016
