# Server version 0.08 running on 192.168.0.14:8124
# Game ID: 59
# Board class: hus.HusBoard
# Timeout: 2000
# First Move Timeout: 30000
# Date: Mon Mar 28 23:22:47 EDT 2016
# Player 1: Player-0, '260549558', running on localhost
# Player 2: Player-1, 'RandomHusPlayer', running on localhost
START Player-0 260549558
START Player-1 RandomHusPlayer
PIT 0 23
PIT 1 16
PIT 0 22
PIT 1 14
PIT 0 0
PIT 1 10
PIT 0 18
PIT 1 1
PIT 0 19
PIT 1 13
PIT 0 27
PIT 1 2
PIT 0 7
PIT 1 4
PIT 0 10
PIT 1 7
PIT 0 24
PIT 1 12
PIT 0 9
PIT 1 6
PIT 0 4
PIT 1 0
PIT 0 6
PIT 1 9
PIT 0 8
PIT 1 10
PIT 0 29
PIT 1 19
PIT 0 1
PIT 1 13
PIT 0 22
GAMEOVER WINNER 0
# Game ended: Mon Mar 28 23:22:48 EDT 2016
