# Server version 0.08 running on wpa146044.wireless.mcgill.ca:8269
# Game ID: 7552
# Board class: hus.HusBoard
# Timeout: 2000
# First Move Timeout: 30000
# Date: Mon Apr 04 14:26:00 EDT 2016
# Player 1: Player-0, 'RandomHusPlayer', running on localhost
# Player 2: Player-1, '260549558', running on localhost
START Player-0 RandomHusPlayer
START Player-1 260549558
PIT 0 22
PIT 1 22
PIT 0 4
PIT 1 9
PIT 0 13
PIT 1 21
PIT 0 14
PIT 1 5
PIT 0 18
PIT 1 16
PIT 0 19
PIT 1 15
PIT 0 22
PIT 1 24
PIT 0 10
PIT 1 10
PIT 0 24
PIT 1 7
PIT 0 21
PIT 1 12
PIT 0 0
PIT 1 8
PIT 0 1
GAMEOVER WINNER 0
# Game ended: Mon Apr 04 14:26:03 EDT 2016
