# Server version 0.08 running on localhost:8194
# Game ID: 3509
# Board class: hus.HusBoard
# Timeout: 2000
# First Move Timeout: 30000
# Date: Thu Mar 31 22:59:38 EDT 2016
# Player 1: Player-0, '260549558', running on localhost
# Player 2: Player-1, 'RandomHusPlayer', running on localhost
START Player-0 260549558
START Player-1 RandomHusPlayer
PIT 0 22
PIT 1 14
PIT 0 0
PIT 1 18
PIT 0 15
PIT 1 10
PIT 0 6
PIT 1 13
PIT 0 10
PIT 1 1
PIT 0 19
PIT 1 5
PIT 0 11
PIT 1 14
PIT 0 27
PIT 1 19
PIT 0 20
PIT 1 15
PIT 0 1
PIT 1 4
PIT 0 16
PIT 1 0
PIT 0 0
GAMEOVER WINNER 0
# Game ended: Thu Mar 31 22:59:41 EDT 2016
