# Server version 0.08 running on 192.168.0.14:8194
# Game ID: 3297
# Board class: hus.HusBoard
# Timeout: 2000
# First Move Timeout: 30000
# Date: Thu Mar 31 21:27:47 EDT 2016
# Player 1: Player-0, '260549558', running on localhost
# Player 2: Player-1, 'RandomHusPlayer', running on localhost
START Player-0 260549558
START Player-1 RandomHusPlayer
PIT 0 22
PIT 1 22
PIT 0 3
PIT 1 21
PIT 0 12
PIT 1 0
PIT 0 26
PIT 1 13
PIT 0 22
PIT 1 18
PIT 0 13
PIT 1 20
PIT 0 29
PIT 1 31
PIT 0 21
PIT 1 4
PIT 0 2
PIT 1 24
PIT 0 16
PIT 1 26
PIT 0 27
PIT 1 27
PIT 0 25
PIT 1 30
PIT 0 16
PIT 1 5
PIT 0 0
PIT 1 28
PIT 0 13
GAMEOVER WINNER 0
# Game ended: Thu Mar 31 21:27:51 EDT 2016
