# Server version 0.08 running on web006206.wireless.mcgill.ca:8123
# Game ID: 8186
# Board class: hus.HusBoard
# Timeout: 2000
# First Move Timeout: 30000
# Date: Tue Apr 05 15:33:24 EDT 2016
# Player 1: Player-0, '260549558', running on web006206.wireless.mcgill.ca
# Player 2: Player-1, '260553379', running on wpa050237.wireless.mcgill.ca
START Player-0 260549558
START Player-1 260553379
PIT 0 0
PIT 1 23
PIT 0 3
PIT 1 11
PIT 0 18
PIT 1 22
PIT 0 16
PIT 1 23
PIT 0 13
PIT 1 29
PIT 0 24
PIT 1 26
PIT 0 27
PIT 1 2
PIT 0 7
PIT 1 22
PIT 0 4
PIT 1 29
PIT 0 29
PIT 1 27
PIT 0 30
PIT 1 21
GAMEOVER WINNER 1
# Game ended: Tue Apr 05 15:34:06 EDT 2016
