# Server version 0.08 running on 192.168.0.14:8124
# Game ID: 61
# Board class: hus.HusBoard
# Timeout: 2000
# First Move Timeout: 30000
# Date: Mon Mar 28 23:22:51 EDT 2016
# Player 1: Player-0, '260549558', running on localhost
# Player 2: Player-1, 'RandomHusPlayer', running on localhost
START Player-0 260549558
START Player-1 RandomHusPlayer
PIT 0 23
PIT 1 20
PIT 0 22
PIT 1 9
PIT 0 25
PIT 1 0
PIT 0 18
PIT 1 13
PIT 0 30
PIT 1 1
PIT 0 31
PIT 1 7
PIT 0 23
PIT 1 3
PIT 0 15
PIT 1 5
PIT 0 1
PIT 1 10
PIT 0 20
PIT 1 6
PIT 0 11
PIT 1 8
PIT 0 0
PIT 1 10
PIT 0 26
PIT 1 13
PIT 0 7
PIT 1 11
PIT 0 19
PIT 1 14
PIT 0 21
GAMEOVER WINNER 0
# Game ended: Mon Mar 28 23:22:51 EDT 2016
