# Server version 0.08 running on 192.168.0.10:8441
# Game ID: 10306
# Board class: hus.HusBoard
# Timeout: 2000
# First Move Timeout: 30000
# Date: Wed Apr 06 04:14:04 EDT 2016
# Player 1: Player-0, '260549558', running on localhost
# Player 2: Player-1, 'RandomHusPlayer', running on localhost
START Player-0 260549558
START Player-1 RandomHusPlayer
PIT 0 22
PIT 1 22
PIT 0 4
PIT 1 19
PIT 0 20
PIT 1 4
PIT 0 19
PIT 1 13
PIT 0 10
PIT 1 20
PIT 0 17
PIT 1 17
PIT 0 21
PIT 1 22
PIT 0 18
PIT 1 26
PIT 0 27
PIT 1 11
PIT 0 30
PIT 1 12
PIT 0 14
PIT 1 21
GAMEOVER WINNER 1
# Game ended: Wed Apr 06 04:14:07 EDT 2016
