# Server version 0.08 running on 192.168.2.252:8180
# Game ID: 1692
# Board class: hus.HusBoard
# Timeout: 2000
# First Move Timeout: 30000
# Date: Wed Mar 30 19:30:38 EDT 2016
# Player 1: Player-0, '260549558', running on localhost
# Player 2: Player-1, 'RandomHusPlayer', running on localhost
START Player-0 260549558
START Player-1 RandomHusPlayer
PIT 0 22
PIT 1 22
PIT 0 0
PIT 1 3
PIT 0 1
PIT 1 12
PIT 0 3
PIT 1 16
PIT 0 10
PIT 1 19
PIT 0 11
PIT 1 25
PIT 0 12
PIT 1 19
PIT 0 14
PIT 1 11
PIT 0 17
PIT 1 22
GAMEOVER WINNER 1
# Game ended: Wed Mar 30 19:30:40 EDT 2016
