# Server version 0.08 running on 192.168.0.10:8308
# Game ID: 8333
# Board class: hus.HusBoard
# Timeout: 2000
# First Move Timeout: 30000
# Date: Tue Apr 05 22:25:04 EDT 2016
# Player 1: Player-0, '260549558', running on localhost
# Player 2: Player-1, 'RandomHusPlayer', running on localhost
START Player-0 260549558
START Player-1 RandomHusPlayer
PIT 0 18
PIT 1 13
PIT 0 7
PIT 1 19
PIT 0 2
PIT 1 4
PIT 0 8
PIT 1 8
PIT 0 19
PIT 1 21
PIT 0 1
PIT 1 24
PIT 0 6
PIT 1 22
PIT 0 0
PIT 1 3
PIT 0 7
PIT 1 0
PIT 0 5
PIT 1 4
PIT 0 6
PIT 1 7
PIT 0 7
PIT 1 28
PIT 0 10
PIT 1 6
PIT 0 11
PIT 1 1
PIT 0 12
PIT 1 0
GAMEOVER WINNER 1
# Game ended: Tue Apr 05 22:25:15 EDT 2016
