# Server version 0.08 running on localhost:8194
# Game ID: 3675
# Board class: hus.HusBoard
# Timeout: 2000
# First Move Timeout: 30000
# Date: Thu Mar 31 23:19:43 EDT 2016
# Player 1: Player-0, 'RandomHusPlayer', running on localhost
# Player 2: Player-1, '260549558', running on localhost
START Player-0 RandomHusPlayer
START Player-1 260549558
PIT 0 14
PIT 1 5
PIT 0 12
PIT 1 21
PIT 0 2
PIT 1 20
PIT 0 21
PIT 1 18
PIT 0 0
PIT 1 15
PIT 0 14
PIT 1 11
PIT 0 16
PIT 1 18
PIT 0 15
PIT 1 19
PIT 0 18
PIT 1 20
PIT 0 1
PIT 1 24
PIT 0 19
PIT 1 6
PIT 0 21
PIT 1 16
GAMEOVER WINNER 1
# Game ended: Thu Mar 31 23:19:45 EDT 2016
