# Server version 0.08 running on localhost:8194
# Game ID: 3375
# Board class: hus.HusBoard
# Timeout: 2000
# First Move Timeout: 30000
# Date: Thu Mar 31 22:46:48 EDT 2016
# Player 1: Player-0, '260549558', running on localhost
# Player 2: Player-1, 'RandomHusPlayer', running on localhost
START Player-0 260549558
START Player-1 RandomHusPlayer
PIT 0 22
PIT 1 23
PIT 0 21
PIT 1 8
PIT 0 0
PIT 1 14
PIT 0 12
PIT 1 15
PIT 0 18
PIT 1 0
PIT 0 22
PIT 1 16
PIT 0 21
PIT 1 1
PIT 0 24
PIT 1 7
PIT 0 16
PIT 1 26
PIT 0 10
PIT 1 21
PIT 0 17
PIT 1 28
PIT 0 14
PIT 1 22
PIT 0 1
GAMEOVER WINNER 0
# Game ended: Thu Mar 31 22:46:51 EDT 2016
