# Server version 0.08 running on 192.168.0.14:8159
# Game ID: 781
# Board class: hus.HusBoard
# Timeout: 2000
# First Move Timeout: 30000
# Date: Tue Mar 29 23:55:02 EDT 2016
# Player 1: Player-0, '260549558', running on localhost
# Player 2: Player-1, 'RandomHusPlayer', running on localhost
START Player-0 260549558
START Player-1 RandomHusPlayer
PIT 0 0
PIT 1 20
PIT 0 3
PIT 1 1
PIT 0 1
PIT 1 21
PIT 0 18
PIT 1 13
PIT 0 15
PIT 1 22
PIT 0 8
PIT 1 4
PIT 0 13
PIT 1 7
PIT 0 16
PIT 1 1
PIT 0 18
PIT 1 16
PIT 0 20
PIT 1 0
PIT 0 21
PIT 1 18
GAMEOVER WINNER 1
# Game ended: Tue Mar 29 23:55:03 EDT 2016
