# Server version 0.08 running on web006206.wireless.mcgill.ca:8123
# Game ID: 8184
# Board class: hus.HusBoard
# Timeout: 2000
# First Move Timeout: 30000
# Date: Tue Apr 05 15:30:31 EDT 2016
# Player 1: Player-0, '260549558', running on web006206.wireless.mcgill.ca
# Player 2: Player-1, '260553379', running on wpa050237.wireless.mcgill.ca
START Player-0 260549558
START Player-1 260553379
PIT 0 18
PIT 1 23
PIT 0 22
PIT 1 18
PIT 0 5
PIT 1 14
PIT 0 17
PIT 1 19
PIT 0 25
PIT 1 16
PIT 0 15
PIT 1 15
PIT 0 19
PIT 1 20
PIT 0 11
PIT 1 17
PIT 0 18
PIT 1 24
PIT 0 22
PIT 1 2
PIT 0 20
PIT 1 26
PIT 0 31
PIT 1 28
PIT 0 17
PIT 1 2
PIT 0 16
PIT 1 31
PIT 0 18
PIT 1 30
PIT 0 22
PIT 1 0
PIT 0 24
PIT 1 4
PIT 0 25
PIT 1 7
PIT 0 29
PIT 1 9
PIT 0 0
PIT 1 1
PIT 0 16
PIT 1 2
PIT 0 17
PIT 1 4
PIT 0 12
PIT 1 5
PIT 0 3
PIT 1 17
PIT 0 8
PIT 1 19
PIT 0 14
PIT 1 18
PIT 0 0
PIT 1 9
PIT 0 11
PIT 1 12
PIT 0 9
PIT 1 14
PIT 0 21
PIT 1 19
PIT 0 13
PIT 1 16
PIT 0 23
PIT 1 15
PIT 0 0
PIT 1 23
PIT 0 1
GAMEOVER WINNER 0
# Game ended: Tue Apr 05 15:31:39 EDT 2016
