# Server version 0.08 running on 192.168.0.14:8190
# Game ID: 2989
# Board class: hus.HusBoard
# Timeout: 2000
# First Move Timeout: 30000
# Date: Thu Mar 31 20:39:46 EDT 2016
# Player 1: Player-0, '260549558', running on localhost
# Player 2: Player-1, 'RandomHusPlayer', running on localhost
START Player-0 260549558
START Player-1 RandomHusPlayer
PIT 0 22
PIT 1 5
PIT 0 0
PIT 1 15
PIT 0 12
PIT 1 14
PIT 0 21
PIT 1 4
PIT 0 3
PIT 1 3
PIT 0 26
PIT 1 20
PIT 0 18
PIT 1 25
PIT 0 7
PIT 1 17
PIT 0 13
PIT 1 19
PIT 0 17
PIT 1 20
PIT 0 1
PIT 1 28
PIT 0 2
GAMEOVER WINNER 0
# Game ended: Thu Mar 31 20:39:48 EDT 2016
