# Server version 0.08 running on 192.168.0.10:8329
# Game ID: 8623
# Board class: hus.HusBoard
# Timeout: 2000
# First Move Timeout: 30000
# Date: Wed Apr 06 01:25:27 EDT 2016
# Player 1: Player-0, '260549558', running on localhost
# Player 2: Player-1, 'RandomHusPlayer', running on localhost
START Player-0 260549558
START Player-1 RandomHusPlayer
PIT 0 4
PIT 1 23
PIT 0 3
PIT 1 22
PIT 0 2
PIT 1 0
PIT 0 17
PIT 1 25
PIT 0 11
PIT 1 12
PIT 0 1
PIT 1 18
PIT 0 22
PIT 1 2
PIT 0 0
PIT 1 13
GAMEOVER WINNER 1
# Game ended: Wed Apr 06 01:25:28 EDT 2016
