# Server version 0.08 running on 192.168.0.14:8223
# Game ID: 4715
# Board class: hus.HusBoard
# Timeout: 2000
# First Move Timeout: 30000
# Date: Fri Apr 01 01:03:09 EDT 2016
# Player 1: Player-0, '260549558', running on localhost
# Player 2: Player-1, 'RandomHusPlayer', running on localhost
START Player-0 260549558
START Player-1 RandomHusPlayer
PIT 0 22
PIT 1 22
PIT 0 18
PIT 1 0
PIT 0 9
PIT 1 4
PIT 0 6
PIT 1 21
PIT 0 0
PIT 1 23
PIT 0 4
PIT 1 19
PIT 0 16
PIT 1 22
PIT 0 11
PIT 1 7
PIT 0 8
PIT 1 10
PIT 0 19
PIT 1 8
PIT 0 18
PIT 1 17
PIT 0 3
PIT 1 1
PIT 0 20
PIT 1 28
GAMEOVER WINNER 1
# Game ended: Fri Apr 01 01:03:11 EDT 2016
