# Server version 0.08 running on 192.168.0.10:8315
# Game ID: 8428
# Board class: hus.HusBoard
# Timeout: 2000
# First Move Timeout: 30000
# Date: Tue Apr 05 23:43:09 EDT 2016
# Player 1: Player-0, '260549558', running on localhost
# Player 2: Player-1, 'RandomHusPlayer', running on localhost
START Player-0 260549558
START Player-1 RandomHusPlayer
PIT 0 22
PIT 1 23
PIT 0 21
PIT 1 5
PIT 0 20
PIT 1 14
PIT 0 16
PIT 1 15
PIT 0 19
PIT 1 22
PIT 0 22
PIT 1 20
PIT 0 15
PIT 1 18
PIT 0 21
PIT 1 24
PIT 0 16
PIT 1 0
PIT 0 18
PIT 1 30
PIT 0 22
PIT 1 28
PIT 0 1
PIT 1 0
PIT 0 14
PIT 1 27
PIT 0 20
PIT 1 6
PIT 0 2
PIT 1 4
PIT 0 3
PIT 1 13
PIT 0 5
GAMEOVER WINNER 0
# Game ended: Tue Apr 05 23:43:37 EDT 2016
