# Server version 0.08 running on 192.168.0.10:8331
# Game ID: 8670
# Board class: hus.HusBoard
# Timeout: 2000
# First Move Timeout: 30000
# Date: Wed Apr 06 01:33:04 EDT 2016
# Player 1: Player-0, '260549558', running on localhost
# Player 2: Player-1, 'RandomHusPlayer', running on localhost
START Player-0 260549558
START Player-1 RandomHusPlayer
PIT 0 0
PIT 1 20
PIT 0 21
PIT 1 21
PIT 0 25
PIT 1 13
PIT 0 10
PIT 1 1
PIT 0 18
PIT 1 10
PIT 0 6
PIT 1 20
GAMEOVER WINNER 1
# Game ended: Wed Apr 06 01:33:31 EDT 2016
