# Server version 0.08 running on wpa146022.wireless.mcgill.ca:8228
# Game ID: 5344
# Board class: hus.HusBoard
# Timeout: 2000
# First Move Timeout: 30000
# Date: Fri Apr 01 16:18:36 EDT 2016
# Player 1: Player-0, '260549558', running on localhost
# Player 2: Player-1, 'RandomHusPlayer', running on localhost
START Player-0 260549558
START Player-1 RandomHusPlayer
PIT 0 22
PIT 1 22
PIT 0 1
PIT 1 17
PIT 0 20
PIT 1 7
PIT 0 0
PIT 1 7
PIT 0 11
PIT 1 0
PIT 0 13
PIT 1 20
PIT 0 14
PIT 1 22
PIT 0 17
PIT 1 21
PIT 0 23
PIT 1 29
PIT 0 16
PIT 1 17
PIT 0 15
PIT 1 3
PIT 0 17
PIT 1 0
PIT 0 25
PIT 1 4
GAMEOVER WINNER 1
# Game ended: Fri Apr 01 16:18:38 EDT 2016
