# Server version 0.08 running on localhost:8194
# Game ID: 3720
# Board class: hus.HusBoard
# Timeout: 2000
# First Move Timeout: 30000
# Date: Thu Mar 31 23:23:47 EDT 2016
# Player 1: Player-0, '260549558', running on localhost
# Player 2: Player-1, 'RandomHusPlayer', running on localhost
START Player-0 260549558
START Player-1 RandomHusPlayer
PIT 0 22
PIT 1 22
PIT 0 3
PIT 1 21
PIT 0 12
PIT 1 0
PIT 0 26
PIT 1 10
PIT 0 18
PIT 1 1
PIT 0 13
PIT 1 27
PIT 0 14
PIT 1 29
PIT 0 0
GAMEOVER WINNER 0
# Game ended: Thu Mar 31 23:23:50 EDT 2016
