# Server version 0.08 running on wpa146022.wireless.mcgill.ca:8228
# Game ID: 5250
# Board class: hus.HusBoard
# Timeout: 2000
# First Move Timeout: 30000
# Date: Fri Apr 01 16:12:53 EDT 2016
# Player 1: Player-0, '260549558', running on localhost
# Player 2: Player-1, 'RandomHusPlayer', running on localhost
START Player-0 260549558
START Player-1 RandomHusPlayer
PIT 0 22
PIT 1 22
PIT 0 14
PIT 1 4
PIT 0 20
PIT 1 14
PIT 0 21
PIT 1 2
PIT 0 15
PIT 1 10
PIT 0 2
PIT 1 1
PIT 0 23
PIT 1 4
PIT 0 19
PIT 1 15
PIT 0 21
PIT 1 23
PIT 0 28
PIT 1 25
PIT 0 14
PIT 1 2
PIT 0 24
PIT 1 19
PIT 0 19
PIT 1 29
PIT 0 27
PIT 1 30
PIT 0 5
PIT 1 1
PIT 0 12
PIT 1 2
PIT 0 2
GAMEOVER WINNER 0
# Game ended: Fri Apr 01 16:12:56 EDT 2016
