# Server version 0.08 running on 192.168.0.14:8190
# Game ID: 3103
# Board class: hus.HusBoard
# Timeout: 2000
# First Move Timeout: 30000
# Date: Thu Mar 31 20:48:32 EDT 2016
# Player 1: Player-0, '260549558', running on localhost
# Player 2: Player-1, 'RandomHusPlayer', running on localhost
START Player-0 260549558
START Player-1 RandomHusPlayer
PIT 0 22
PIT 1 22
PIT 0 3
PIT 1 21
PIT 0 12
PIT 1 23
PIT 0 18
PIT 1 4
PIT 0 19
PIT 1 18
PIT 0 23
PIT 1 1
PIT 0 6
PIT 1 10
PIT 0 22
PIT 1 8
PIT 0 26
PIT 1 13
PIT 0 1
PIT 1 0
PIT 0 0
PIT 1 27
PIT 0 1
GAMEOVER WINNER 0
# Game ended: Thu Mar 31 20:48:35 EDT 2016
