# Server version 0.08 running on wpa042032.wireless.mcgill.ca:8241
# Game ID: 5885
# Board class: hus.HusBoard
# Timeout: 2000
# First Move Timeout: 30000
# Date: Sat Apr 02 14:57:45 EDT 2016
# Player 1: Player-0, 'RandomHusPlayer', running on localhost
# Player 2: Player-1, '260549558', running on localhost
START Player-0 RandomHusPlayer
START Player-1 260549558
PIT 0 8
PIT 1 5
PIT 0 20
PIT 1 2
PIT 0 11
PIT 1 18
PIT 0 28
PIT 1 1
PIT 0 30
PIT 1 0
PIT 0 2
PIT 1 12
PIT 0 2
PIT 1 13
PIT 0 7
PIT 1 14
PIT 0 6
PIT 1 15
PIT 0 21
PIT 1 16
PIT 0 24
GAMEOVER WINNER 0
# Game ended: Sat Apr 02 14:57:48 EDT 2016
