# Server version 0.08 running on 192.168.0.10:8440
# Game ID: 10095
# Board class: hus.HusBoard
# Timeout: 2000
# First Move Timeout: 30000
# Date: Wed Apr 06 04:00:19 EDT 2016
# Player 1: Player-0, '260549558', running on localhost
# Player 2: Player-1, 'RandomHusPlayer', running on localhost
START Player-0 260549558
START Player-1 RandomHusPlayer
PIT 0 22
PIT 1 22
PIT 0 4
PIT 1 19
PIT 0 20
PIT 1 4
PIT 0 14
PIT 1 13
PIT 0 13
PIT 1 23
PIT 0 15
PIT 1 21
PIT 0 16
PIT 1 18
PIT 0 18
PIT 1 26
PIT 0 23
PIT 1 17
PIT 0 20
PIT 1 16
PIT 0 22
PIT 1 14
PIT 0 23
PIT 1 20
PIT 0 25
PIT 1 19
PIT 0 1
PIT 1 18
PIT 0 2
PIT 1 20
PIT 0 3
PIT 1 5
PIT 0 4
PIT 1 4
PIT 0 5
PIT 1 9
PIT 0 29
PIT 1 14
PIT 0 28
PIT 1 6
PIT 0 10
PIT 1 10
PIT 0 11
PIT 1 15
PIT 0 14
PIT 1 28
PIT 0 15
PIT 1 10
PIT 0 8
PIT 1 31
GAMEOVER WINNER 1
# Game ended: Wed Apr 06 04:00:22 EDT 2016
