# Server version 0.08 running on 192.168.0.10:8460
# Game ID: 11365
# Board class: hus.HusBoard
# Timeout: 2000
# First Move Timeout: 30000
# Date: Wed Apr 06 11:25:32 EDT 2016
# Player 1: Player-0, '260549558', running on localhost
# Player 2: Player-1, 'RandomHusPlayer', running on localhost
START Player-0 260549558
START Player-1 RandomHusPlayer
PIT 0 22
PIT 1 9
PIT 0 19
PIT 1 3
PIT 0 20
PIT 1 8
PIT 0 13
PIT 1 0
PIT 0 24
PIT 1 1
PIT 0 25
PIT 1 3
PIT 0 27
PIT 1 8
PIT 0 26
PIT 1 9
PIT 0 23
PIT 1 10
PIT 0 29
PIT 1 6
PIT 0 28
PIT 1 11
PIT 0 0
PIT 1 12
PIT 0 27
PIT 1 13
PIT 0 25
PIT 1 14
PIT 0 21
GAMEOVER WINNER 0
# Game ended: Wed Apr 06 11:25:34 EDT 2016
