# Server version 0.08 running on 192.168.0.10:8441
# Game ID: 11066
# Board class: hus.HusBoard
# Timeout: 2000
# First Move Timeout: 30000
# Date: Wed Apr 06 09:35:15 EDT 2016
# Player 1: Player-0, '260549558', running on localhost
# Player 2: Player-1, 'RandomHusPlayer', running on localhost
START Player-0 260549558
START Player-1 RandomHusPlayer
PIT 0 22
PIT 1 22
PIT 0 4
PIT 1 19
PIT 0 13
PIT 1 21
PIT 0 0
PIT 1 16
PIT 0 10
PIT 1 12
PIT 0 22
PIT 1 16
PIT 0 11
PIT 1 7
PIT 0 13
PIT 1 19
PIT 0 3
PIT 1 27
GAMEOVER WINNER 1
# Game ended: Wed Apr 06 09:35:17 EDT 2016
