# Server version 0.08 running on wpa042032.wireless.mcgill.ca:8248
# Game ID: 6330
# Board class: hus.HusBoard
# Timeout: 2000
# First Move Timeout: 30000
# Date: Sat Apr 02 17:05:03 EDT 2016
# Player 1: Player-0, '260549558', running on localhost
# Player 2: Player-1, 'RandomHusPlayer', running on localhost
START Player-0 260549558
START Player-1 RandomHusPlayer
PIT 0 19
PIT 1 23
PIT 0 22
PIT 1 19
PIT 0 6
PIT 1 0
PIT 0 2
PIT 1 16
PIT 0 9
PIT 1 23
PIT 0 8
PIT 1 27
PIT 0 1
GAMEOVER TIMEOUT WINNER 0