# Server version 0.08 running on 192.168.0.14:8197
# Game ID: 4074
# Board class: hus.HusBoard
# Timeout: 2000
# First Move Timeout: 30000
# Date: Fri Apr 01 00:12:27 EDT 2016
# Player 1: Player-0, '260549558', running on localhost
# Player 2: Player-1, 'RandomHusPlayer', running on localhost
START Player-0 260549558
START Player-1 RandomHusPlayer
PIT 0 22
PIT 1 22
PIT 0 4
PIT 1 19
PIT 0 13
PIT 1 2
PIT 0 24
PIT 1 21
PIT 0 0
PIT 1 12
PIT 0 14
PIT 1 17
PIT 0 31
PIT 1 24
PIT 0 22
PIT 1 19
PIT 0 0
PIT 1 20
PIT 0 12
PIT 1 23
PIT 0 17
PIT 1 21
PIT 0 16
PIT 1 14
PIT 0 20
PIT 1 23
PIT 0 13
PIT 1 16
PIT 0 7
PIT 1 17
PIT 0 30
PIT 1 18
PIT 0 6
PIT 1 22
PIT 0 18
PIT 1 26
PIT 0 9
PIT 1 31
PIT 0 10
PIT 1 29
PIT 0 16
PIT 1 0
PIT 0 15
GAMEOVER WINNER 0
# Game ended: Fri Apr 01 00:12:30 EDT 2016
