# Server version 0.08 running on 192.168.0.14:8190
# Game ID: 3069
# Board class: hus.HusBoard
# Timeout: 2000
# First Move Timeout: 30000
# Date: Thu Mar 31 20:45:50 EDT 2016
# Player 1: Player-0, '260549558', running on localhost
# Player 2: Player-1, 'RandomHusPlayer', running on localhost
START Player-0 260549558
START Player-1 RandomHusPlayer
PIT 0 22
PIT 1 8
PIT 0 9
PIT 1 6
PIT 0 24
PIT 1 1
PIT 0 15
PIT 1 4
PIT 0 22
PIT 1 15
PIT 0 23
PIT 1 12
PIT 0 24
PIT 1 0
PIT 0 26
PIT 1 5
PIT 0 6
PIT 1 8
PIT 0 10
PIT 1 7
PIT 0 1
GAMEOVER WINNER 0
# Game ended: Thu Mar 31 20:45:52 EDT 2016
