# Server version 0.08 running on 192.168.0.14:8197
# Game ID: 3850
# Board class: hus.HusBoard
# Timeout: 2000
# First Move Timeout: 30000
# Date: Thu Mar 31 23:55:40 EDT 2016
# Player 1: Player-0, '260549558', running on localhost
# Player 2: Player-1, 'RandomHusPlayer', running on localhost
START Player-0 260549558
START Player-1 RandomHusPlayer
PIT 0 22
PIT 1 22
PIT 0 4
PIT 1 19
PIT 0 13
PIT 1 21
PIT 0 14
PIT 1 14
PIT 0 15
PIT 1 15
PIT 0 19
PIT 1 17
PIT 0 22
PIT 1 24
PIT 0 11
PIT 1 26
PIT 0 5
PIT 1 4
PIT 0 16
PIT 1 25
PIT 0 0
GAMEOVER WINNER 0
# Game ended: Thu Mar 31 23:55:43 EDT 2016
