# Server version 0.08 running on localhost:8194
# Game ID: 3609
# Board class: hus.HusBoard
# Timeout: 2000
# First Move Timeout: 30000
# Date: Thu Mar 31 23:08:06 EDT 2016
# Player 1: Player-0, '260549558', running on localhost
# Player 2: Player-1, 'RandomHusPlayer', running on localhost
START Player-0 260549558
START Player-1 RandomHusPlayer
PIT 0 22
PIT 1 13
PIT 0 10
PIT 1 10
PIT 0 16
PIT 1 9
PIT 0 17
PIT 1 3
PIT 0 18
PIT 1 16
PIT 0 14
PIT 1 2
PIT 0 24
PIT 1 20
PIT 0 29
PIT 1 22
PIT 0 1
PIT 1 9
PIT 0 8
GAMEOVER WINNER 0
# Game ended: Thu Mar 31 23:08:09 EDT 2016
