# Server version 0.08 running on localhost:8123
# Game ID: 3820
# Board class: hus.HusBoard
# Timeout: 300000
# First Move Timeout: 30000
# Date: Thu Mar 31 23:35:47 EDT 2016
# Player 1: Player-0, '260549558', running on localhost
# Player 2: Player-1, 'Human', running on localhost
START Player-0 260549558
START Player-1 Human
PIT 0 22
PIT 1 20
PIT 0 21
PIT 1 23
PIT 0 24
PIT 1 19
PIT 0 5
PIT 1 5
PIT 0 27
PIT 1 4
PIT 0 14
PIT 1 9
PIT 0 25
PIT 1 10
PIT 0 8
PIT 1 1
PIT 0 0
PIT 1 2
PIT 0 21
PIT 1 4
PIT 0 16
PIT 1 7
PIT 0 1
PIT 1 12
PIT 0 19
PIT 1 13
PIT 0 0
PIT 1 8
PIT 0 1
PIT 1 0
PIT 0 0
GAMEOVER WINNER 0
# Game ended: Thu Mar 31 23:37:38 EDT 2016
