# Server version 0.08 running on wpa146044.wireless.mcgill.ca:8267
# Game ID: 7444
# Board class: hus.HusBoard
# Timeout: 2000
# First Move Timeout: 30000
# Date: Mon Apr 04 14:12:16 EDT 2016
# Player 1: Player-0, '260549558', running on localhost
# Player 2: Player-1, 'RandomHusPlayer', running on localhost
START Player-0 260549558
START Player-1 RandomHusPlayer
PIT 0 22
PIT 1 22
PIT 0 11
PIT 1 15
PIT 0 15
PIT 1 24
PIT 0 20
PIT 1 16
PIT 0 2
PIT 1 9
PIT 0 8
PIT 1 0
PIT 0 0
PIT 1 1
PIT 0 12
PIT 1 2
PIT 0 23
PIT 1 5
GAMEOVER WINNER 1
# Game ended: Mon Apr 04 14:12:19 EDT 2016
