# Server version 0.08 running on 192.168.2.252:8123
# Game ID: 7980
# Board class: hus.HusBoard
# Timeout: 300000
# First Move Timeout: 30000
# Date: Tue Apr 05 00:22:20 EDT 2016
# Player 1: Player-0, '260549558', running on 192.168.2.252
# Player 2: Player-1, '260553379', running on 192.168.2.18
START Player-0 260549558
START Player-1 260553379
PIT 0 22
PIT 1 9
PIT 0 19
PIT 1 19
PIT 0 3
PIT 1 22
PIT 0 13
PIT 1 18
PIT 0 25
PIT 1 21
PIT 0 15
PIT 1 22
PIT 0 16
PIT 1 23
PIT 0 17
PIT 1 24
PIT 0 20
PIT 1 27
PIT 0 26
PIT 1 28
PIT 0 21
PIT 1 30
PIT 0 6
PIT 1 29
PIT 0 22
PIT 1 1
PIT 0 1
PIT 1 0
PIT 0 5
PIT 1 31
PIT 0 7
PIT 1 1
PIT 0 23
PIT 1 9
PIT 0 12
PIT 1 11
PIT 0 16
PIT 1 17
PIT 0 9
PIT 1 14
PIT 0 25
PIT 1 25
PIT 0 22
PIT 1 23
PIT 0 29
PIT 1 26
GAMEOVER WINNER 1
# Game ended: Tue Apr 05 00:22:46 EDT 2016
