# Server version 0.08 running on 192.168.0.14:8194
# Game ID: 3307
# Board class: hus.HusBoard
# Timeout: 2000
# First Move Timeout: 30000
# Date: Thu Mar 31 21:28:33 EDT 2016
# Player 1: Player-0, '260549558', running on localhost
# Player 2: Player-1, 'RandomHusPlayer', running on localhost
START Player-0 260549558
START Player-1 RandomHusPlayer
PIT 0 22
PIT 1 22
PIT 0 3
PIT 1 8
PIT 0 15
PIT 1 11
PIT 0 9
PIT 1 4
PIT 0 13
PIT 1 16
PIT 0 22
PIT 1 12
PIT 0 17
PIT 1 0
PIT 0 7
PIT 1 14
PIT 0 16
PIT 1 15
PIT 0 19
PIT 1 16
PIT 0 14
PIT 1 20
PIT 0 23
GAMEOVER WINNER 0
# Game ended: Thu Mar 31 21:28:36 EDT 2016
