# Server version 0.08 running on 192.168.0.14:8190
# Game ID: 3207
# Board class: hus.HusBoard
# Timeout: 2000
# First Move Timeout: 30000
# Date: Thu Mar 31 20:56:42 EDT 2016
# Player 1: Player-0, '260549558', running on localhost
# Player 2: Player-1, 'RandomHusPlayer', running on localhost
START Player-0 260549558
START Player-1 RandomHusPlayer
PIT 0 22
PIT 1 22
PIT 0 3
PIT 1 21
PIT 0 12
PIT 1 0
PIT 0 26
PIT 1 13
PIT 0 22
PIT 1 1
PIT 0 13
PIT 1 6
PIT 0 25
PIT 1 3
PIT 0 24
PIT 1 28
PIT 0 16
GAMEOVER WINNER 0
# Game ended: Thu Mar 31 20:56:46 EDT 2016
