# Server version 0.08 running on 192.168.0.10:8256
# Game ID: 7045
# Board class: hus.HusBoard
# Timeout: 2000
# First Move Timeout: 30000
# Date: Mon Apr 04 03:12:16 EDT 2016
# Player 1: Player-0, '260549558', running on localhost
# Player 2: Player-1, 'RandomHusPlayer', running on localhost
START Player-0 260549558
START Player-1 RandomHusPlayer
PIT 0 22
PIT 1 22
PIT 0 4
PIT 1 19
PIT 0 13
PIT 1 21
PIT 0 14
PIT 1 16
PIT 0 18
PIT 1 22
PIT 0 15
PIT 1 5
PIT 0 16
PIT 1 15
PIT 0 23
PIT 1 31
PIT 0 18
PIT 1 18
PIT 0 24
PIT 1 13
PIT 0 20
PIT 1 0
PIT 0 19
PIT 1 1
PIT 0 25
PIT 1 2
PIT 0 17
PIT 1 3
PIT 0 4
PIT 1 4
PIT 0 12
PIT 1 5
PIT 0 0
GAMEOVER WINNER 0
# Game ended: Mon Apr 04 03:12:19 EDT 2016
