# Server version 0.08 running on 192.168.0.14:8123
# Game ID: 32
# Board class: hus.HusBoard
# Timeout: 2000
# First Move Timeout: 30000
# Date: Mon Mar 28 22:59:07 EDT 2016
# Player 1: Player-0, '260549558', running on localhost
# Player 2: Player-1, 'RandomHusPlayer', running on localhost
START Player-0 260549558
START Player-1 RandomHusPlayer
PIT 0 0
PIT 1 18
PIT 0 1
PIT 1 16
PIT 0 12
PIT 1 19
PIT 0 7
PIT 1 0
PIT 0 3
PIT 1 21
PIT 0 22
PIT 1 1
PIT 0 18
PIT 1 7
PIT 0 13
PIT 1 29
PIT 0 9
PIT 1 24
GAMEOVER WINNER 1
# Game ended: Mon Mar 28 22:59:07 EDT 2016
