# Server version 0.08 running on localhost:8194
# Game ID: 3435
# Board class: hus.HusBoard
# Timeout: 2000
# First Move Timeout: 30000
# Date: Thu Mar 31 22:51:57 EDT 2016
# Player 1: Player-0, '260549558', running on localhost
# Player 2: Player-1, 'RandomHusPlayer', running on localhost
START Player-0 260549558
START Player-1 RandomHusPlayer
PIT 0 22
PIT 1 9
PIT 0 19
PIT 1 19
PIT 0 3
PIT 1 22
PIT 0 13
PIT 1 8
PIT 0 15
PIT 1 2
PIT 0 7
PIT 1 26
PIT 0 2
PIT 1 16
PIT 0 18
PIT 1 15
PIT 0 0
PIT 1 17
PIT 0 2
PIT 1 18
PIT 0 3
PIT 1 19
PIT 0 4
GAMEOVER WINNER 0
# Game ended: Thu Mar 31 22:52:00 EDT 2016
