# Server version 0.08 running on 192.168.0.10:8441
# Game ID: 10110
# Board class: hus.HusBoard
# Timeout: 2000
# First Move Timeout: 30000
# Date: Wed Apr 06 04:02:39 EDT 2016
# Player 1: Player-0, '260549558', running on localhost
# Player 2: Player-1, 'RandomHusPlayer', running on localhost
START Player-0 260549558
START Player-1 RandomHusPlayer
PIT 0 22
PIT 1 22
PIT 0 4
PIT 1 19
PIT 0 20
PIT 1 4
PIT 0 14
PIT 1 13
PIT 0 27
PIT 1 16
PIT 0 22
PIT 1 18
PIT 0 19
PIT 1 0
PIT 0 30
PIT 1 12
PIT 0 1
PIT 1 16
PIT 0 2
PIT 1 6
GAMEOVER WINNER 1
# Game ended: Wed Apr 06 04:02:42 EDT 2016
