# Server version 0.08 running on 192.168.0.10:8329
# Game ID: 8629
# Board class: hus.HusBoard
# Timeout: 2000
# First Move Timeout: 30000
# Date: Wed Apr 06 01:25:37 EDT 2016
# Player 1: Player-0, '260549558', running on localhost
# Player 2: Player-1, 'RandomHusPlayer', running on localhost
START Player-0 260549558
START Player-1 RandomHusPlayer
PIT 0 8
PIT 1 5
PIT 0 20
PIT 1 11
PIT 0 1
PIT 1 15
PIT 0 11
PIT 1 20
PIT 0 12
PIT 1 18
PIT 0 25
PIT 1 25
PIT 0 0
PIT 1 26
PIT 0 16
PIT 1 9
GAMEOVER WINNER 1
# Game ended: Wed Apr 06 01:25:38 EDT 2016
