# Server version 0.08 running on 192.168.0.10:8460
# Game ID: 11351
# Board class: hus.HusBoard
# Timeout: 2000
# First Move Timeout: 30000
# Date: Wed Apr 06 11:25:00 EDT 2016
# Player 1: Player-0, '260549558', running on localhost
# Player 2: Player-1, 'RandomHusPlayer', running on localhost
START Player-0 260549558
START Player-1 RandomHusPlayer
PIT 0 22
PIT 1 22
PIT 0 4
PIT 1 5
PIT 0 16
PIT 1 15
PIT 0 7
PIT 1 6
PIT 0 8
PIT 1 0
PIT 0 25
PIT 1 1
PIT 0 2
PIT 1 21
PIT 0 24
PIT 1 5
PIT 0 16
PIT 1 3
PIT 0 22
GAMEOVER WINNER 0
# Game ended: Wed Apr 06 11:25:02 EDT 2016
