# Server version 0.08 running on wpa146022.wireless.mcgill.ca:8228
# Game ID: 5186
# Board class: hus.HusBoard
# Timeout: 2000
# First Move Timeout: 30000
# Date: Fri Apr 01 16:08:54 EDT 2016
# Player 1: Player-0, '260549558', running on localhost
# Player 2: Player-1, 'RandomHusPlayer', running on localhost
START Player-0 260549558
START Player-1 RandomHusPlayer
PIT 0 22
PIT 1 22
PIT 0 3
PIT 1 17
PIT 0 24
PIT 1 11
PIT 0 12
PIT 1 15
PIT 0 7
PIT 1 4
PIT 0 9
PIT 1 1
PIT 0 28
PIT 1 16
PIT 0 22
PIT 1 2
PIT 0 4
PIT 1 19
PIT 0 14
PIT 1 3
PIT 0 20
PIT 1 4
PIT 0 8
PIT 1 7
PIT 0 30
PIT 1 0
PIT 0 0
PIT 1 5
PIT 0 1
GAMEOVER WINNER 0
# Game ended: Fri Apr 01 16:08:56 EDT 2016
