# Server version 0.08 running on 192.168.0.14:8223
# Game ID: 4615
# Board class: hus.HusBoard
# Timeout: 2000
# First Move Timeout: 30000
# Date: Fri Apr 01 00:57:17 EDT 2016
# Player 1: Player-0, '260549558', running on localhost
# Player 2: Player-1, 'RandomHusPlayer', running on localhost
START Player-0 260549558
START Player-1 RandomHusPlayer
PIT 0 22
PIT 1 22
PIT 0 4
PIT 1 1
PIT 0 20
PIT 1 17
PIT 0 24
PIT 1 11
PIT 0 16
PIT 1 21
PIT 0 26
PIT 1 10
PIT 0 17
PIT 1 15
PIT 0 18
PIT 1 23
PIT 0 23
PIT 1 12
PIT 0 8
PIT 1 0
PIT 0 14
PIT 1 6
PIT 0 13
PIT 1 2
GAMEOVER WINNER 1
# Game ended: Fri Apr 01 00:57:19 EDT 2016
