# Server version 0.08 running on localhost:8194
# Game ID: 3712
# Board class: hus.HusBoard
# Timeout: 2000
# First Move Timeout: 30000
# Date: Thu Mar 31 23:23:04 EDT 2016
# Player 1: Player-0, '260549558', running on localhost
# Player 2: Player-1, 'RandomHusPlayer', running on localhost
START Player-0 260549558
START Player-1 RandomHusPlayer
PIT 0 22
PIT 1 5
PIT 0 0
PIT 1 15
PIT 0 16
PIT 1 14
PIT 0 21
PIT 1 1
PIT 0 27
PIT 1 21
PIT 0 15
PIT 1 25
PIT 0 13
PIT 1 27
PIT 0 19
PIT 1 29
PIT 0 6
PIT 1 31
PIT 0 13
PIT 1 0
PIT 0 26
PIT 1 1
PIT 0 22
PIT 1 8
PIT 0 2
PIT 1 9
PIT 0 7
PIT 1 2
PIT 0 8
PIT 1 12
PIT 0 0
PIT 1 13
PIT 0 3
PIT 1 14
PIT 0 4
GAMEOVER WINNER 0
# Game ended: Thu Mar 31 23:23:07 EDT 2016
