# Server version 0.08 running on 192.168.0.10:8205
# Game ID: 8205
# Board class: hus.HusBoard
# Timeout: 2000
# First Move Timeout: 30000
# Date: Tue Apr 05 21:17:40 EDT 2016
# Player 1: Player-0, '260549558', running on localhost
# Player 2: Player-1, 'RandomHusPlayer', running on localhost
START Player-0 260549558
START Player-1 RandomHusPlayer
PIT 0 18
PIT 1 13
PIT 0 8
PIT 1 16
PIT 0 14
PIT 1 12
PIT 0 2
PIT 1 31
PIT 0 3
PIT 1 4
PIT 0 1
PIT 1 23
PIT 0 11
PIT 1 3
PIT 0 20
PIT 1 22
PIT 0 0
PIT 1 21
PIT 0 7
PIT 1 0
PIT 0 3
PIT 1 1
PIT 0 8
PIT 1 2
GAMEOVER WINNER 1
# Game ended: Tue Apr 05 21:18:04 EDT 2016
