# Server version 0.08 running on wpa146035.wireless.mcgill.ca:8123
# Game ID: 7645
# Board class: hus.HusBoard
# Timeout: 300000
# First Move Timeout: 30000
# Date: Mon Apr 04 15:53:16 EDT 2016
# Player 1: Player-0, '260549558', running on wpa146035.wireless.mcgill.ca
# Player 2: Player-1, 'RandomHusPlayer', running on wpa146035.wireless.mcgill.ca
START Player-0 260549558
START Player-1 RandomHusPlayer
PIT 0 22
PIT 1 22
PIT 0 4
PIT 1 1
PIT 0 10
PIT 1 16
PIT 0 14
PIT 1 11
PIT 0 21
PIT 1 19
PIT 0 11
PIT 1 26
PIT 0 20
PIT 1 24
PIT 0 0
PIT 1 2
PIT 0 1
PIT 1 0
PIT 0 2
PIT 1 1
PIT 0 3
PIT 1 2
PIT 0 6
PIT 1 6
PIT 0 7
PIT 1 7
GAMEOVER WINNER 1
# Game ended: Mon Apr 04 15:53:19 EDT 2016
