# Server version 0.08 running on 192.168.0.14:8180
# Game ID: 1874
# Board class: hus.HusBoard
# Timeout: 2000
# First Move Timeout: 30000
# Date: Thu Mar 31 00:41:59 EDT 2016
# Player 1: Player-0, '260549558', running on localhost
# Player 2: Player-1, 'RandomHusPlayer', running on localhost
START Player-0 260549558
START Player-1 RandomHusPlayer
PIT 0 22
PIT 1 22
PIT 0 3
PIT 1 21
PIT 0 12
PIT 1 0
PIT 0 26
PIT 1 13
PIT 0 18
PIT 1 18
PIT 0 13
PIT 1 22
PIT 0 16
PIT 1 24
PIT 0 10
PIT 1 3
PIT 0 28
PIT 1 15
PIT 0 17
PIT 1 29
PIT 0 29
PIT 1 22
PIT 0 31
PIT 1 9
PIT 0 5
PIT 1 17
PIT 0 6
PIT 1 21
PIT 0 9
PIT 1 24
PIT 0 12
PIT 1 3
GAMEOVER WINNER 1
# Game ended: Thu Mar 31 00:42:03 EDT 2016
