# Server version 0.08 running on wpa146044.wireless.mcgill.ca:8269
# Game ID: 7565
# Board class: hus.HusBoard
# Timeout: 2000
# First Move Timeout: 30000
# Date: Mon Apr 04 14:26:46 EDT 2016
# Player 1: Player-0, '260549558', running on localhost
# Player 2: Player-1, 'RandomHusPlayer', running on localhost
START Player-0 260549558
START Player-1 RandomHusPlayer
PIT 0 22
PIT 1 22
PIT 0 4
PIT 1 1
PIT 0 16
PIT 1 20
PIT 0 0
PIT 1 13
PIT 0 11
PIT 1 11
PIT 0 21
PIT 1 10
PIT 0 18
PIT 1 1
PIT 0 13
PIT 1 18
PIT 0 10
PIT 1 2
GAMEOVER WINNER 1
# Game ended: Mon Apr 04 14:26:48 EDT 2016
