# Server version 0.08 running on wpa146044.wireless.mcgill.ca:8267
# Game ID: 7440
# Board class: hus.HusBoard
# Timeout: 2000
# First Move Timeout: 30000
# Date: Mon Apr 04 14:12:03 EDT 2016
# Player 1: Player-0, '260549558', running on localhost
# Player 2: Player-1, 'RandomHusPlayer', running on localhost
START Player-0 260549558
START Player-1 RandomHusPlayer
PIT 0 22
PIT 1 22
PIT 0 6
PIT 1 21
PIT 0 4
PIT 1 14
PIT 0 5
PIT 1 20
PIT 0 0
PIT 1 27
PIT 0 9
PIT 1 25
PIT 0 3
PIT 1 24
PIT 0 4
PIT 1 6
PIT 0 11
PIT 1 26
PIT 0 5
PIT 1 31
PIT 0 6
PIT 1 10
PIT 0 14
PIT 1 29
PIT 0 15
PIT 1 25
PIT 0 1
PIT 1 2
PIT 0 7
PIT 1 10
PIT 0 9
PIT 1 30
PIT 0 12
PIT 1 6
PIT 0 10
PIT 1 5
PIT 0 14
PIT 1 0
GAMEOVER WINNER 1
# Game ended: Mon Apr 04 14:12:05 EDT 2016
