# Server version 0.08 running on 192.168.0.14:8126
# Game ID: 69
# Board class: hus.HusBoard
# Timeout: 300000
# First Move Timeout: 30000
# Date: Mon Mar 28 23:27:56 EDT 2016
# Player 1: Player-0, '260549558', running on 192.168.0.14
# Player 2: Player-1, 'RandomHusPlayer', running on 192.168.0.14
START Player-0 260549558
START Player-1 RandomHusPlayer
PIT 0 18
PIT 1 21
PIT 0 19
PIT 1 12
PIT 0 22
PIT 1 3
PIT 0 25
PIT 1 15
PIT 0 24
PIT 1 1
PIT 0 23
PIT 1 7
PIT 0 0
PIT 1 4
PIT 0 4
PIT 1 0
PIT 0 17
PIT 1 3
PIT 0 5
PIT 1 4
PIT 0 9
PIT 1 7
PIT 0 25
PIT 1 8
PIT 0 12
GAMEOVER WINNER 0
# Game ended: Mon Mar 28 23:28:00 EDT 2016
