# Server version 0.08 running on 192.168.0.14:8159
# Game ID: 775
# Board class: hus.HusBoard
# Timeout: 2000
# First Move Timeout: 30000
# Date: Tue Mar 29 23:54:37 EDT 2016
# Player 1: Player-0, '260549558', running on localhost
# Player 2: Player-1, 'RandomHusPlayer', running on localhost
START Player-0 260549558
START Player-1 RandomHusPlayer
PIT 0 3
PIT 1 21
PIT 0 2
PIT 1 5
PIT 0 21
PIT 1 11
PIT 0 15
PIT 1 12
PIT 0 1
PIT 1 21
PIT 0 9
PIT 1 16
PIT 0 13
PIT 1 13
PIT 0 10
PIT 1 18
PIT 0 15
PIT 1 17
PIT 0 17
PIT 1 14
PIT 0 18
PIT 1 19
GAMEOVER WINNER 1
# Game ended: Tue Mar 29 23:54:40 EDT 2016
