# Server version 0.08 running on 192.168.0.10:8441
# Game ID: 10938
# Board class: hus.HusBoard
# Timeout: 2000
# First Move Timeout: 30000
# Date: Wed Apr 06 09:27:57 EDT 2016
# Player 1: Player-0, '260549558', running on localhost
# Player 2: Player-1, 'RandomHusPlayer', running on localhost
START Player-0 260549558
START Player-1 RandomHusPlayer
PIT 0 22
PIT 1 22
PIT 0 4
PIT 1 19
PIT 0 13
PIT 1 21
PIT 0 1
PIT 1 2
PIT 0 0
PIT 1 15
PIT 0 10
PIT 1 5
PIT 0 19
PIT 1 19
PIT 0 11
PIT 1 6
PIT 0 12
PIT 1 20
PIT 0 13
PIT 1 3
PIT 0 15
PIT 1 21
PIT 0 16
PIT 1 4
PIT 0 17
PIT 1 20
PIT 0 18
PIT 1 17
PIT 0 19
PIT 1 18
GAMEOVER WINNER 1
# Game ended: Wed Apr 06 09:27:59 EDT 2016
