# Server version 0.08 running on 192.168.0.14:8223
# Game ID: 4841
# Board class: hus.HusBoard
# Timeout: 2000
# First Move Timeout: 30000
# Date: Fri Apr 01 01:23:34 EDT 2016
# Player 1: Player-0, '260549558', running on localhost
# Player 2: Player-1, 'RandomHusPlayer', running on localhost
START Player-0 260549558
START Player-1 RandomHusPlayer
PIT 0 0
PIT 1 20
PIT 0 7
PIT 1 5
PIT 0 9
PIT 1 17
PIT 0 26
PIT 1 15
PIT 0 21
PIT 1 1
PIT 0 15
PIT 1 2
PIT 0 16
PIT 1 0
PIT 0 25
PIT 1 18
PIT 0 1
GAMEOVER WINNER 0
# Game ended: Fri Apr 01 01:23:44 EDT 2016
