# Server version 0.08 running on 192.168.0.14:8197
# Game ID: 4048
# Board class: hus.HusBoard
# Timeout: 2000
# First Move Timeout: 30000
# Date: Fri Apr 01 00:10:38 EDT 2016
# Player 1: Player-0, '260549558', running on localhost
# Player 2: Player-1, 'RandomHusPlayer', running on localhost
START Player-0 260549558
START Player-1 RandomHusPlayer
PIT 0 22
PIT 1 16
PIT 0 19
PIT 1 6
PIT 0 6
PIT 1 12
PIT 0 27
PIT 1 17
PIT 0 15
PIT 1 15
PIT 0 13
PIT 1 2
PIT 0 12
PIT 1 18
PIT 0 7
PIT 1 9
PIT 0 0
PIT 1 19
PIT 0 6
PIT 1 20
PIT 0 14
PIT 1 22
PIT 0 18
PIT 1 27
PIT 0 9
PIT 1 28
PIT 0 12
GAMEOVER WINNER 0
# Game ended: Fri Apr 01 00:10:41 EDT 2016
