# Server version 0.08 running on 192.168.0.14:8197
# Game ID: 3862
# Board class: hus.HusBoard
# Timeout: 2000
# First Move Timeout: 30000
# Date: Thu Mar 31 23:56:40 EDT 2016
# Player 1: Player-0, '260549558', running on localhost
# Player 2: Player-1, 'RandomHusPlayer', running on localhost
START Player-0 260549558
START Player-1 RandomHusPlayer
PIT 0 22
PIT 1 2
PIT 0 0
PIT 1 14
PIT 0 18
PIT 1 0
PIT 0 9
PIT 1 12
PIT 0 23
PIT 1 19
PIT 0 22
PIT 1 26
PIT 0 24
PIT 1 3
PIT 0 8
PIT 1 28
PIT 0 18
PIT 1 30
PIT 0 9
PIT 1 2
PIT 0 11
PIT 1 3
PIT 0 26
PIT 1 4
PIT 0 24
PIT 1 11
PIT 0 5
PIT 1 7
PIT 0 3
PIT 1 8
PIT 0 0
PIT 1 13
PIT 0 1
PIT 1 11
PIT 0 2
GAMEOVER WINNER 0
# Game ended: Thu Mar 31 23:56:43 EDT 2016
