# Server version 0.08 running on 192.168.0.10:8329
# Game ID: 8643
# Board class: hus.HusBoard
# Timeout: 2000
# First Move Timeout: 30000
# Date: Wed Apr 06 01:26:01 EDT 2016
# Player 1: Player-0, '260549558', running on localhost
# Player 2: Player-1, 'RandomHusPlayer', running on localhost
START Player-0 260549558
START Player-1 RandomHusPlayer
PIT 0 9
PIT 1 22
PIT 0 1
PIT 1 21
PIT 0 0
PIT 1 24
PIT 0 19
PIT 1 10
PIT 0 15
PIT 1 14
PIT 0 23
PIT 1 15
PIT 0 25
PIT 1 21
PIT 0 8
PIT 1 8
PIT 0 27
PIT 1 3
PIT 0 28
PIT 1 19
PIT 0 29
PIT 1 13
GAMEOVER WINNER 1
# Game ended: Wed Apr 06 01:26:01 EDT 2016
