# Server version 0.08 running on web006221.wireless.mcgill.ca:8185
# Game ID: 2096
# Board class: hus.HusBoard
# Timeout: 2000
# First Move Timeout: 30000
# Date: Thu Mar 31 14:43:46 EDT 2016
# Player 1: Player-0, '260549558', running on localhost
# Player 2: Player-1, 'RandomHusPlayer', running on localhost
START Player-0 260549558
START Player-1 RandomHusPlayer
PIT 0 1
PIT 1 23
PIT 0 0
PIT 1 22
PIT 0 17
PIT 1 19
PIT 0 16
PIT 1 9
PIT 0 11
PIT 1 13
PIT 0 23
PIT 1 15
PIT 0 17
PIT 1 5
PIT 0 19
PIT 1 22
PIT 0 24
PIT 1 17
PIT 0 7
PIT 1 12
PIT 0 25
PIT 1 0
PIT 0 22
PIT 1 2
GAMEOVER WINNER 1
# Game ended: Thu Mar 31 14:43:48 EDT 2016
