# Server version 0.08 running on localhost:8194
# Game ID: 3657
# Board class: hus.HusBoard
# Timeout: 2000
# First Move Timeout: 30000
# Date: Thu Mar 31 23:12:02 EDT 2016
# Player 1: Player-0, '260549558', running on localhost
# Player 2: Player-1, 'RandomHusPlayer', running on localhost
START Player-0 260549558
START Player-1 RandomHusPlayer
PIT 0 22
PIT 1 22
PIT 0 4
PIT 1 19
PIT 0 13
PIT 1 11
PIT 0 19
PIT 1 1
PIT 0 24
PIT 1 10
PIT 0 25
PIT 1 2
PIT 0 3
PIT 1 7
PIT 0 14
PIT 1 4
PIT 0 24
PIT 1 0
PIT 0 1
PIT 1 13
PIT 0 3
PIT 1 14
PIT 0 18
PIT 1 9
PIT 0 0
GAMEOVER WINNER 0
# Game ended: Thu Mar 31 23:12:05 EDT 2016
