# Server version 0.08 running on 192.168.0.14:8223
# Game ID: 4749
# Board class: hus.HusBoard
# Timeout: 2000
# First Move Timeout: 30000
# Date: Fri Apr 01 01:06:21 EDT 2016
# Player 1: Player-0, '260549558', running on localhost
# Player 2: Player-1, 'RandomHusPlayer', running on localhost
START Player-0 260549558
START Player-1 RandomHusPlayer
PIT 0 0
PIT 1 20
PIT 0 7
PIT 1 5
PIT 0 4
PIT 1 8
PIT 0 15
PIT 1 18
PIT 0 24
PIT 1 22
PIT 0 22
PIT 1 4
PIT 0 13
PIT 1 26
PIT 0 14
PIT 1 29
PIT 0 5
PIT 1 28
PIT 0 25
PIT 1 13
PIT 0 20
PIT 1 14
PIT 0 1
PIT 1 23
PIT 0 30
PIT 1 15
PIT 0 2
PIT 1 16
PIT 0 4
PIT 1 17
PIT 0 5
PIT 1 18
PIT 0 17
PIT 1 19
PIT 0 1
GAMEOVER WINNER 0
# Game ended: Fri Apr 01 01:06:32 EDT 2016
