# Server version 0.08 running on 192.168.0.10:8320
# Game ID: 8540
# Board class: hus.HusBoard
# Timeout: 2000
# First Move Timeout: 30000
# Date: Wed Apr 06 01:02:19 EDT 2016
# Player 1: Player-0, '260549558', running on localhost
# Player 2: Player-1, 'RandomHusPlayer', running on localhost
START Player-0 260549558
START Player-1 RandomHusPlayer
PIT 0 8
PIT 1 5
PIT 0 0
PIT 1 17
PIT 0 1
PIT 1 23
PIT 0 6
PIT 1 12
PIT 0 18
PIT 1 18
PIT 0 8
PIT 1 8
PIT 0 3
PIT 1 4
PIT 0 15
PIT 1 25
PIT 0 5
PIT 1 22
PIT 0 6
PIT 1 21
PIT 0 13
PIT 1 24
GAMEOVER WINNER 1
# Game ended: Wed Apr 06 01:02:37 EDT 2016
