# Server version 0.08 running on 192.168.0.35:8489
# Game ID: 11602
# Board class: hus.HusBoard
# Timeout: 2000
# First Move Timeout: 30000
# Date: Thu Apr 07 00:32:51 EDT 2016
# Player 1: Player-0, '260549558', running on localhost
# Player 2: Player-1, 'RandomHusPlayer', running on localhost
START Player-0 260549558
START Player-1 RandomHusPlayer
PIT 0 18
PIT 1 20
PIT 0 21
PIT 1 1
PIT 0 25
PIT 1 7
PIT 0 17
PIT 1 13
PIT 0 13
PIT 1 22
PIT 0 12
PIT 1 19
PIT 0 19
PIT 1 18
PIT 0 18
PIT 1 16
PIT 0 0
PIT 1 30
PIT 0 6
PIT 1 21
GAMEOVER WINNER 1
# Game ended: Thu Apr 07 00:33:36 EDT 2016
