# Server version 0.08 running on 192.168.0.14:8159
# Game ID: 788
# Board class: hus.HusBoard
# Timeout: 2000
# First Move Timeout: 30000
# Date: Tue Mar 29 23:55:29 EDT 2016
# Player 1: Player-0, '260549558', running on localhost
# Player 2: Player-1, 'RandomHusPlayer', running on localhost
START Player-0 260549558
START Player-1 RandomHusPlayer
PIT 0 7
PIT 1 8
PIT 0 13
PIT 1 14
PIT 0 17
PIT 1 12
PIT 0 25
PIT 1 11
PIT 0 24
PIT 1 13
PIT 0 29
PIT 1 26
PIT 0 11
PIT 1 8
PIT 0 10
PIT 1 22
PIT 0 16
PIT 1 5
PIT 0 19
PIT 1 24
PIT 0 22
PIT 1 22
PIT 0 18
PIT 1 1
PIT 0 25
PIT 1 4
GAMEOVER WINNER 1
# Game ended: Tue Mar 29 23:55:31 EDT 2016
