# Server version 0.08 running on web006221.wireless.mcgill.ca:8185
# Game ID: 2102
# Board class: hus.HusBoard
# Timeout: 2000
# First Move Timeout: 30000
# Date: Thu Mar 31 14:44:09 EDT 2016
# Player 1: Player-0, '260549558', running on localhost
# Player 2: Player-1, 'RandomHusPlayer', running on localhost
START Player-0 260549558
START Player-1 RandomHusPlayer
PIT 0 1
PIT 1 23
PIT 0 0
PIT 1 22
PIT 0 13
PIT 1 10
PIT 0 20
PIT 1 0
PIT 0 11
PIT 1 15
GAMEOVER WINNER 1
# Game ended: Thu Mar 31 14:44:11 EDT 2016
