# Server version 0.08 running on 192.168.0.10:8202
# Game ID: 8202
# Board class: hus.HusBoard
# Timeout: 2000
# First Move Timeout: 30000
# Date: Tue Apr 05 21:16:16 EDT 2016
# Player 1: Player-0, '260549558', running on localhost
# Player 2: Player-1, 'RandomHusPlayer', running on localhost
START Player-0 260549558
START Player-1 RandomHusPlayer
PIT 0 18
PIT 1 13
PIT 0 21
PIT 1 17
PIT 0 5
PIT 1 16
PIT 0 0
PIT 1 9
PIT 0 8
PIT 1 12
PIT 0 12
PIT 1 25
PIT 0 23
PIT 1 21
PIT 0 16
PIT 1 5
PIT 0 25
PIT 1 12
PIT 0 24
PIT 1 1
PIT 0 21
PIT 1 6
