# Server version 0.08 running on wpa042032.wireless.mcgill.ca:8248
# Game ID: 6164
# Board class: hus.HusBoard
# Timeout: 2000
# First Move Timeout: 30000
# Date: Sat Apr 02 16:52:42 EDT 2016
# Player 1: Player-0, '260549558', running on localhost
# Player 2: Player-1, 'RandomHusPlayer', running on localhost
START Player-0 260549558
START Player-1 RandomHusPlayer
PIT 0 10
PIT 1 23
PIT 0 13
PIT 1 5
PIT 0 19
PIT 1 15
PIT 0 0
PIT 1 22
PIT 0 4
PIT 1 20
PIT 0 3
PIT 1 17
PIT 0 1
PIT 1 9
PIT 0 10
PIT 1 25
GAMEOVER WINNER 1
# Game ended: Sat Apr 02 16:52:46 EDT 2016
