# Server version 0.08 running on 192.168.0.14:8223
# Game ID: 4607
# Board class: hus.HusBoard
# Timeout: 2000
# First Move Timeout: 30000
# Date: Fri Apr 01 00:56:51 EDT 2016
# Player 1: Player-0, '260549558', running on localhost
# Player 2: Player-1, 'RandomHusPlayer', running on localhost
START Player-0 260549558
START Player-1 RandomHusPlayer
PIT 0 22
PIT 1 22
PIT 0 4
PIT 1 9
PIT 0 13
PIT 1 21
PIT 0 2
PIT 1 15
PIT 0 0
PIT 1 24
PIT 0 11
PIT 1 19
PIT 0 1
PIT 1 20
PIT 0 2
PIT 1 1
PIT 0 3
PIT 1 9
PIT 0 4
PIT 1 3
GAMEOVER WINNER 1
# Game ended: Fri Apr 01 00:56:53 EDT 2016
