# Server version 0.08 running on wpa146044.wireless.mcgill.ca:8267
# Game ID: 7424
# Board class: hus.HusBoard
# Timeout: 2000
# First Move Timeout: 30000
# Date: Mon Apr 04 14:11:04 EDT 2016
# Player 1: Player-0, '260549558', running on localhost
# Player 2: Player-1, 'RandomHusPlayer', running on localhost
START Player-0 260549558
START Player-1 RandomHusPlayer
PIT 0 22
PIT 1 22
PIT 0 7
PIT 1 1
PIT 0 4
PIT 1 13
PIT 0 0
PIT 1 0
PIT 0 13
PIT 1 5
PIT 0 16
PIT 1 15
PIT 0 1
PIT 1 24
PIT 0 2
PIT 1 4
PIT 0 3
PIT 1 28
PIT 0 6
PIT 1 27
PIT 0 7
PIT 1 19
PIT 0 8
PIT 1 1
GAMEOVER WINNER 1
# Game ended: Mon Apr 04 14:11:06 EDT 2016
