# Server version 0.08 running on wpa146022.wireless.mcgill.ca:8228
# Game ID: 4926
# Board class: hus.HusBoard
# Timeout: 2000
# First Move Timeout: 30000
# Date: Fri Apr 01 15:52:52 EDT 2016
# Player 1: Player-0, '260549558', running on localhost
# Player 2: Player-1, 'RandomHusPlayer', running on localhost
START Player-0 260549558
START Player-1 RandomHusPlayer
PIT 0 22
PIT 1 22
PIT 0 4
PIT 1 19
PIT 0 13
PIT 1 6
PIT 0 8
PIT 1 15
PIT 0 22
PIT 1 17
PIT 0 29
PIT 1 5
PIT 0 21
PIT 1 19
PIT 0 25
PIT 1 2
PIT 0 19
PIT 1 13
PIT 0 27
PIT 1 18
PIT 0 8
PIT 1 22
PIT 0 15
PIT 1 29
PIT 0 17
PIT 1 12
PIT 0 27
PIT 1 18
PIT 0 18
PIT 1 24
PIT 0 0
PIT 1 26
PIT 0 7
PIT 1 27
PIT 0 24
PIT 1 21
PIT 0 31
PIT 1 29
PIT 0 9
PIT 1 11
PIT 0 29
PIT 1 28
PIT 0 8
PIT 1 25
PIT 0 13
GAMEOVER WINNER 0
# Game ended: Fri Apr 01 15:52:55 EDT 2016
