# Server version 0.08 running on wpa146035.wireless.mcgill.ca:8123
# Game ID: 7642
# Board class: hus.HusBoard
# Timeout: 300000
# First Move Timeout: 30000
# Date: Mon Apr 04 15:50:58 EDT 2016
# Player 1: Player-0, '260549558', running on wpa146035.wireless.mcgill.ca
# Player 2: Player-1, 'RandomHusPlayer', running on wpa146035.wireless.mcgill.ca
START Player-0 260549558
START Player-1 RandomHusPlayer
PIT 0 22
PIT 1 22
PIT 0 14
PIT 1 4
PIT 0 21
PIT 1 10
PIT 0 12
PIT 1 14
PIT 0 17
PIT 1 19
PIT 0 7
PIT 1 18
PIT 0 6
PIT 1 3
PIT 0 9
PIT 1 12
PIT 0 10
PIT 1 13
PIT 0 11
PIT 1 0
PIT 0 15
PIT 1 21
GAMEOVER WINNER 1
# Game ended: Mon Apr 04 15:51:00 EDT 2016
