# Server version 0.08 running on 192.168.0.14:8197
# Game ID: 3838
# Board class: hus.HusBoard
# Timeout: 2000
# First Move Timeout: 30000
# Date: Thu Mar 31 23:54:41 EDT 2016
# Player 1: Player-0, '260549558', running on localhost
# Player 2: Player-1, 'RandomHusPlayer', running on localhost
START Player-0 260549558
START Player-1 RandomHusPlayer
PIT 0 22
PIT 1 16
PIT 0 19
PIT 1 14
PIT 0 23
PIT 1 2
PIT 0 26
PIT 1 16
PIT 0 24
PIT 1 18
PIT 0 13
PIT 1 5
PIT 0 10
PIT 1 0
PIT 0 9
PIT 1 1
PIT 0 17
PIT 1 2
PIT 0 12
PIT 1 3
PIT 0 15
PIT 1 6
PIT 0 20
PIT 1 15
PIT 0 21
PIT 1 7
PIT 0 29
PIT 1 10
PIT 0 1
PIT 1 11
PIT 0 3
PIT 1 14
PIT 0 26
PIT 1 5
PIT 0 0
GAMEOVER WINNER 0
# Game ended: Thu Mar 31 23:54:44 EDT 2016
