# Server version 0.08 running on 192.168.0.10:8317
# Game ID: 8492
# Board class: hus.HusBoard
# Timeout: 2000
# First Move Timeout: 30000
# Date: Wed Apr 06 00:36:20 EDT 2016
# Player 1: Player-0, '260549558', running on localhost
# Player 2: Player-1, 'RandomHusPlayer', running on localhost
START Player-0 260549558
START Player-1 RandomHusPlayer
PIT 0 5
PIT 1 8
PIT 0 17
PIT 1 21
PIT 0 15
PIT 1 17
PIT 0 25
PIT 1 15
PIT 0 28
PIT 1 26
PIT 0 26
PIT 1 31
PIT 0 27
PIT 1 9
PIT 0 29
PIT 1 16
PIT 0 31
PIT 1 27
PIT 0 5
PIT 1 23
PIT 0 6
PIT 1 1
PIT 0 9
PIT 1 18
PIT 0 12
PIT 1 23
PIT 0 13
PIT 1 26
PIT 0 14
PIT 1 27
PIT 0 7
PIT 1 12
GAMEOVER WINNER 1
# Game ended: Wed Apr 06 00:36:29 EDT 2016
