# Server version 0.08 running on 192.168.0.14:8197
# Game ID: 4000
# Board class: hus.HusBoard
# Timeout: 2000
# First Move Timeout: 30000
# Date: Fri Apr 01 00:07:22 EDT 2016
# Player 1: Player-0, '260549558', running on localhost
# Player 2: Player-1, 'RandomHusPlayer', running on localhost
START Player-0 260549558
START Player-1 RandomHusPlayer
PIT 0 22
PIT 1 2
PIT 0 0
PIT 1 14
PIT 0 18
PIT 1 21
PIT 0 16
PIT 1 20
PIT 0 10
PIT 1 17
PIT 0 20
PIT 1 6
PIT 0 23
PIT 1 21
PIT 0 3
PIT 1 0
PIT 0 1
PIT 1 25
PIT 0 2
PIT 1 11
PIT 0 3
GAMEOVER WINNER 0
# Game ended: Fri Apr 01 00:07:24 EDT 2016
