# Server version 0.08 running on wpa042032.wireless.mcgill.ca:8249
# Game ID: 6751
# Board class: hus.HusBoard
# Timeout: 2000
# First Move Timeout: 30000
# Date: Sat Apr 02 17:36:17 EDT 2016
# Player 1: Player-0, '260549558', running on localhost
# Player 2: Player-1, 'RandomHusPlayer', running on localhost
START Player-0 260549558
START Player-1 RandomHusPlayer
PIT 0 1
PIT 1 23
PIT 0 22
PIT 1 22
PIT 0 19
PIT 1 3
PIT 0 2
PIT 1 30
PIT 0 16
PIT 1 18
PIT 0 0
PIT 1 15
PIT 0 4
PIT 1 7
PIT 0 7
PIT 1 29
PIT 0 10
PIT 1 20
PIT 0 11
PIT 1 31
GAMEOVER WINNER 1
# Game ended: Sat Apr 02 17:36:20 EDT 2016
