# Server version 0.08 running on wpa146044.wireless.mcgill.ca:8261
# Game ID: 7091
# Board class: hus.HusBoard
# Timeout: 2000
# First Move Timeout: 30000
# Date: Mon Apr 04 13:26:45 EDT 2016
# Player 1: Player-0, '260549558', running on localhost
# Player 2: Player-1, 'RandomHusPlayer', running on localhost
START Player-0 260549558
START Player-1 RandomHusPlayer
PIT 0 22
PIT 1 22
PIT 0 4
PIT 1 5
PIT 0 16
PIT 1 19
PIT 0 27
PIT 1 15
PIT 0 28
PIT 1 22
PIT 0 13
PIT 1 6
PIT 0 30
PIT 1 12
PIT 0 2
PIT 1 20
PIT 0 22
PIT 1 16
PIT 0 5
PIT 1 25
PIT 0 0
PIT 1 26
PIT 0 1
PIT 1 27
PIT 0 2
PIT 1 17
PIT 0 3
PIT 1 18
PIT 0 16
PIT 1 28
PIT 0 4
PIT 1 29
PIT 0 7
PIT 1 30
PIT 0 8
GAMEOVER WINNER 0
# Game ended: Mon Apr 04 13:26:47 EDT 2016
