# Server version 0.08 running on wpa042032.wireless.mcgill.ca:8241
# Game ID: 5826
# Board class: hus.HusBoard
# Timeout: 2000
# First Move Timeout: 30000
# Date: Sat Apr 02 14:49:39 EDT 2016
# Player 1: Player-0, '260549558', running on localhost
# Player 2: Player-1, 'RandomHusPlayer', running on localhost
START Player-0 260549558
START Player-1 RandomHusPlayer
PIT 0 22
PIT 1 23
PIT 0 2
PIT 1 22
PIT 0 11
PIT 1 4
PIT 0 15
PIT 1 20
PIT 0 20
PIT 1 26
PIT 0 3
PIT 1 16
PIT 0 0
PIT 1 21
PIT 0 1
PIT 1 19
PIT 0 2
PIT 1 8
PIT 0 3
PIT 1 20
PIT 0 4
PIT 1 26
PIT 0 7
PIT 1 16
PIT 0 8
PIT 1 17
GAMEOVER WINNER 1
# Game ended: Sat Apr 02 14:49:43 EDT 2016
