# Server version 0.08 running on 192.168.0.14:8180
# Game ID: 1834
# Board class: hus.HusBoard
# Timeout: 2000
# First Move Timeout: 30000
# Date: Wed Mar 30 23:59:48 EDT 2016
# Player 1: Player-0, '260549558', running on localhost
# Player 2: Player-1, 'RandomHusPlayer', running on localhost
START Player-0 260549558
START Player-1 RandomHusPlayer
PIT 0 0
PIT 1 20
PIT 0 21
PIT 1 21
PIT 0 13
PIT 1 26
PIT 0 4
PIT 1 11
PIT 0 1
PIT 1 18
PIT 0 10
PIT 1 26
GAMEOVER WINNER 1
# Game ended: Wed Mar 30 23:59:50 EDT 2016
