# Server version 0.08 running on 192.168.0.10:8255
# Game ID: 7023
# Board class: hus.HusBoard
# Timeout: 2000
# First Move Timeout: 30000
# Date: Mon Apr 04 03:06:16 EDT 2016
# Player 1: Player-0, '260549558', running on localhost
# Player 2: Player-1, 'RandomHusPlayer', running on localhost
START Player-0 260549558
START Player-1 RandomHusPlayer
PIT 0 22
PIT 1 22
PIT 0 4
PIT 1 7
PIT 0 23
PIT 1 6
PIT 0 13
PIT 1 13
PIT 0 19
PIT 1 21
PIT 0 8
PIT 1 26
PIT 0 23
PIT 1 18
PIT 0 18
PIT 1 2
PIT 0 14
PIT 1 15
PIT 0 19
PIT 1 16
PIT 0 16
PIT 1 0
PIT 0 0
PIT 1 24
PIT 0 1
GAMEOVER WINNER 0
# Game ended: Mon Apr 04 03:06:19 EDT 2016
